2147484806 1611773313604245431 20000
2147485277 1611773327074962819 20000
2147485445 1611773331879383095 20000
2147484419 1611773302537009124 20000
2147483978 1611773289925538523 20000
2147484044 1611773291813012193 20000
2147484050 1611773291984574448 20000
2147484811 1611773313747211792 20000
2147484922 1611773316922430315 20000
2147485186 1611773324472421920 20000
2147485308 1611773327961425894 20000
2147485420 1611773331164341593 20000
2147483738 1611773283061001199 20000
2147484077 1611773292756541789 20000
2147484168 1611773295359287176 20000
2147483855 1611773286406643350 20000
2147483981 1611773290011271675 20000
2147484511 1611773305167885936 20000
2147483727 1611773282746437617 20000
2147484708 1611773310801818358 20000
2147485265 1611773326731731629 20000
2147483807 1611773285034087548 20000
2147484097 1611773293328672126 20000
2147484655 1611773309286056656 20000
2147485730 1611773340030410589 20000
2147483975 1611773289839650422 20000
2147483993 1611773290354721503 20000
2147484002 1611773290612087524 20000
2147484720 1611773311144978020 20000
2147483753 1611773283489983447 20000
2147484103 1611773293500304514 20000
2147484578 1611773307083879322 20000
2147484359 1611773300821199091 20000
2147484883 1611773315806757142 20000
2147485001 1611773319181867959 20000
2147483840 1611773285977781005 20000
2147484244 1611773297532639667 20000
2147484358 1611773300792579078 20000
2147484059 1611773292241888106 20000
2147484653 1611773309228876450 20000
2147485697 1611773339086514428 20000
2147484667 1611773309629134118 20000
2147485638 1611773337399266479 20000
2147483721 1611773282574797246 20000
2147484152 1611773294901764128 20000
2147485511 1611773333766894173 20000
2147484901 1611773316321611227 20000
2147484955 1611773317866107710 20000
2147485303 1611773327818502337 20000
2147483898 1611773287637766271 20000
2147484148 1611773294787344890 20000
2147484517 1611773305339460305 20000
2147484389 1611773301679025652 20000
2147484494 1611773304681775766 20000
2147484553 1611773306368948348 20000
2147483933 1611773288638741480 20000
2147484127 1611773294186613145 20000
2147484331 1611773300020302455 20000
2147484916 1611773316750717599 20000
2147484944 1611773317551525532 20000
2147485255 1611773326445772252 20000
2147485656 1611773337913990976 20000
2147485663 1611773338114254021 20000
2147483815 1611773285262908817 20000
2147484276 1611773298447442143 20000
2147484820 1611773314004769685 20000
2147485701 1611773339200923249 20000
2147485454 1611773332136745329 20000
2147484513 1611773305225077335 20000
2147485056 1611773320754658889 20000
2147485116 1611773322470553835 20000
2147485451 1611773332051003992 20000
2147483936 1611773288724495344 20000
2147484715 1611773311001989834 20000
2147484859 1611773315120357156 20000
2147485650 1611773337742341348 20000
2147483874 1611773286949956613 20000
2147484621 1611773308313441915 20000
2147485019 1611773319696565540 20000
2147485199 1611773324844128617 20000
2147485300 1611773327732645568 20000
2147485460 1611773332308452578 20000
2147484686 1611773310172605845 20000
2147484818 1611773313947506318 20000
2147484876 1611773315606543594 20000
2147484366 1611773301021328217 20000
2147485118 1611773322527738592 20000
2147485739 1611773340288004514 20000
2147484787 1611773313060719596 20000
2147484935 1611773317294172631 20000
2147485017 1611773319639412625 20000
2147483688 1611773281630972680 20000
2147484225 1611773296989257010 20000
2147485482 1611773332937458753 20000
2147483835 1611773285834845717 20000
2147484460 1611773303709205681 20000
2147484543 1611773306082906246 20000
2147484949 1611773317694585820 20000
2147485356 1611773329334137785 20000
2147484332 1611773300048970135 20000
2147484353 1611773300649613330 20000
2147484603 1611773307798688021 20000
2147484985 1611773318724094910 20000
2147485225 1611773325587710464 20000
2147485544 1611773334710563351 20000
2147484052 1611773292041763547 20000
2147484269 1611773298247282384 20000
2147483859 1611773286521029455 20000
2147483912 1611773288038131509 20000
2147483992 1611773290326130981 20000
2147483693 1611773281773996119 20000
2147483808 1611773285062710020 20000
2147484549 1611773306254520469 20000
2147485166 1611773323900561281 20000
2147485362 1611773329505722706 20000
2147485508 1611773333681118456 20000
2147483937 1611773288753072528 20000
2147484251 1611773297732741476 20000
2147484758 1611773312231651289 20000
2147485595 1611773336169388086 20000
2147485670 1611773338314498313 20000
2147483825 1611773285548864226 20000
2147484313 1611773299505466691 20000
2147484768 1611773312517482856 20000
2147484869 1611773315406434743 20000
2147485153 1611773323528728593 20000
2147485469 1611773332565802422 20000
2147485669 1611773338285922903 20000
2147483694 1611773281802661651 20000
2147483712 1611773282317385397 20000
2147484154 1611773294958914277 20000
2147484065 1611773292413446460 20000
2147484807 1611773313632843683 20000
2147484933 1611773317236999179 20000
2147485041 1611773320325645260 20000
2147485258 1611773326531563931 20000
2147485724 1611773339858678128 20000
2147485285 1611773327303794953 20000
2147484860 1611773315148990310 20000
2147485182 1611773324358065622 20000
2147484407 1611773302193839553 20000
2147484495 1611773304710361563 20000
2147484819 1611773313976169883 20000
2147484592 1611773307484121502 20000
2147484635 1611773308714003451 20000
2147485230 1611773325730666869 20000
2147483670 1611773281116049370 20000
2147484136 1611773294444029728 20000
2147484404 1611773302108000872 20000
2147484941 1611773317465756340 20000
2147485023 1611773319810921719 20000
2147485248 1611773326245615583 20000
2147485400 1611773330592382158 20000
2147484042 1611773291755844164 20000
2147484316 1611773299591220481 20000
2147484772 1611773312631819618 20000
2147484749 1611773311974182060 20000
2147485021 1611773319753766545 20000
2147483878 1611773287064299702 20000
2147483879 1611773287093514213 20000
2147484385 1611773301564604290 20000
2147484629 1611773308542417991 20000
2147485385 1611773330163568992 20000
2147485409 1611773330849810422 20000
2147485665 1611773338171454657 20000
2147483728 1611773282775024143 20000
2147483743 1611773283203998959 20000
2147484376 1611773301307227257 20000
2147485583 1611773335826260951 20000
2147483804 1611773284948342825 20000
2147484339 1611773300249271608 20000
2147485188 1611773324529573860 20000
2147484123 1611773294072176707 20000
2147484155 1611773294987494210 20000
2147485044 1611773320411492906 20000
2147485276 1611773327046387250 20000
2147483742 1611773283175422648 20000
2147483952 1611773289181973597 20000
2147484083 1611773292928122344 20000
2147485057 1611773320783237408 20000
2147484245 1611773297561212778 20000
2147484453 1611773303509132860 20000
2147484945 1611773317580138787 20000
2147485487 1611773333080546690 20000
2147485071 1611773321183581929 20000
2147485714 1611773339572652164 20000
2147483692 1611773281745351119 20000
2147484868 1611773315377817284 20000
2147484893 1611773316092686325 20000
2147483909 1611773287952337268 20000
2147484267 1611773298190121900 20000
2147485287 1611773327360951871 20000
2147484701 1611773310601598990 20000
2147485227 1611773325644873466 20000
2147484279 1611773298533176967 20000
2147484583 1611773307226790515 20000
2147485111 1611773322327549124 20000
2147485151 1611773323471531814 20000
2147485392 1611773330363687503 20000
2147483931 1611773288581537886 20000
2147484351 1611773300592409243 20000
2147484392 1611773301764800453 20000
2147484238 1611773297361091710 20000
2147484340 1611773300277854394 20000
2147485128 1611773322813598853 20000
2147483843 1611773286063591826 20000
2147484330 1611773299991700251 20000
2147485363 1611773329534295985 20000
2147485684 1611773338714832835 20000
2147484375 1611773301278646110 20000
2147484628 1611773308513834947 20000
2147485539 1611773334567649275 20000
2147485631 1611773337198930990 20000
2147483960 1611773289410728610 20000
2147484940 1611773317437127688 20000
2147485170 1611773324014958026 20000
2147484765 1611773312431736636 20000
2147485064 1611773320983490192 20000
2147485489 1611773333137705427 20000
2147485602 1611773336369514104 20000
2147483771 1611773284004830626 20000
2147483788 1611773284490812831 20000
2147484525 1611773305568163915 20000
2147485244 1611773326131150966 20000
2147485246 1611773326188390525 20000
2147485274 1611773326989141269 20000
2147485335 1611773328733509335 20000
2147485375 1611773329877630331 20000
2147484165 1611773295273456766 20000
2147484485 1611773304424301178 20000
2147484741 1611773311745310844 20000
2147485601 1611773336340939232 20000
2147485734 1611773340144892713 20000
2147485390 1611773330306526360 20000
2147485399 1611773330563799819 20000
2147483785 1611773284405060399 20000
2147484558 1611773306511870597 20000
2147485264 1611773326703155933 20000
2147483684 1611773281516558863 20000
2147484226 1611773297017831055 20000
2147483915 1611773288123917963 20000
2147485373 1611773329820381019 20000
2147485691 1611773338915039068 20000
2147484620 1611773308284866054 20000
2147485743 1611773340402375698 20000
2147484612 1611773308056043046 20000
2147485548 1611773334825005083 20000
2147485620 1611773336884313215 20000
2147483827 1611773285606018307 20000
2147485090 1611773321727091889 20000
2147485588 1611773335969180739 20000
2147484927 1611773317065455066 20000
2147484932 1611773317208391882 20000
2147484953 1611773317808955229 20000
2147485642 1611773337513610514 20000
2147485738 1611773340259423843 20000
2147483817 1611773285320071763 20000
2147483872 1611773286892765801 20000
2147484581 1611773307169623931 20000
2147485447 1611773331936541347 20000
2147485630 1611773337170352275 20000
2147484486 1611773304452877542 20000
2147484751 1611773312031428010 20000
2147485033 1611773320096837421 20000
2147485158 1611773323671665365 20000
2147485500 1611773333452256464 20000
2147484027 1611773291326993314 20000
2147484250 1611773297704161246 20000
2147484507 1611773305053444639 20000
2147485106 1611773322184544518 20000
2147485137 1611773323071039723 20000
2147485435 1611773331593329293 20000
2147485728 1611773339973134417 20000
2147483941 1611773288867490775 20000
2147485164 1611773323843393339 20000
2147485329 1611773328561898820 20000
2147484848 1611773314805833109 20000
2147484855 1611773315005946487 20000
2147485512 1611773333795482184 20000
2147485515 1611773333881270093 20000
2147483660 1611773280830062008 20000
2147484217 1611773296760414595 20000
2147484657 1611773309343272165 20000
2147483718 1611773282489017869 20000
2147483860 1611773286549613033 20000
2147485135 1611773323013801653 20000
2147484270 1611773298275861966 20000
2147485068 1611773321097814781 20000
2147485138 1611773323099635556 20000
2147485563 1611773335254228685 20000
2147484058 1611773292213299422 20000
2147485208 1611773325101444433 20000
2147485553 1611773334968137244 20000
2147484253 1611773297789892561 20000
2147485311 1611773328047295889 20000
2147485015 1611773319582224138 20000
2147484110 1611773293700443181 20000
2147484381 1611773301450270443 20000
2147484731 1611773311459471937 20000
2147484422 1611773302622740845 20000
2147485330 1611773328590544757 20000
2147483944 1611773288953251078 20000
2147484201 1611773296302959609 20000
2147484212 1611773296617446289 20000
2147485413 1611773330964151255 20000
2147484164 1611773295244852373 20000
2147484172 1611773295473673080 20000
2147484752 1611773312060086353 20000
2147484557 1611773306483297291 20000
2147484639 1611773308828388828 20000
2147484760 1611773312288818248 20000
2147485270 1611773326874824061 20000
2147483858 1611773286492432642 20000
2147484150 1611773294844544572 20000
2147484500 1611773304853347665 20000
2147484650 1611773309142993163 20000
2147484773 1611773312660392554 20000
2147483740 1611773283118262401 20000
2147484255 1611773297847043702 20000
2147484302 1611773299190797734 20000
2147485432 1611773331507561221 20000
2147483962 1611773289467896140 20000
2147484072 1611773292613634140 20000
2147485418 1611773331107180080 20000
2147485047 1611773320497251910 20000
2147485366 1611773329620136085 20000
2147483899 1611773287666356325 20000
2147484537 1611773305911350268 20000
2147484978 1611773318523902846 20000
2147485123 1611773322670644206 20000
2147485465 1611773332451421123 20000
2147485497 1611773333366511601 20000
2147485608 1611773336541124533 20000
2147483696 1611773281859925159 20000
2147484388 1611773301650428036 20000
2147485037 1611773320211238531 20000
2147484677 1611773309915182893 20000
2147484817 1611773313918885086 20000
2147485565 1611773335311470456 20000
2147484325 1611773299848614781 20000
2147484509 1611773305110678342 20000
2147484559 1611773306540467989 20000
2147484905 1611773316435961757 20000
2147485211 1611773325187209669 20000
2147485235 1611773325873674730 20000
2147484011 1611773290869454972 20000
2147484295 1611773298990682746 20000
2147484844 1611773314691413468 20000
2147485361 1611773329477087123 20000
2147483889 1611773287379922043 20000
2147484467 1611773303909379742 20000
2147485181 1611773324329485399 20000
2147485193 1611773324672526836 20000
2147485283 1611773327246618558 20000
2147485618 1611773336827110807 20000
2147485699 1611773339143732444 20000
2147483896 1611773287580490770 20000
2147484602 1611773307770107020 20000
2147484960 1611773318009116285 20000
2147485126 1611773322756440005 20000
2147485723 1611773339830064483 20000
2147484980 1611773318581116145 20000
2147485350 1611773329162583485 20000
2147485518 1611773333967041011 20000
2147483959 1611773289382151006 20000
2147484418 1611773302508428313 20000
2147484886 1611773315892503010 20000
2147483928 1611773288495791119 20000
2147484186 1611773295874141044 20000
2147484264 1611773298104372206 20000
2147484461 1611773303737824140 20000
2147484964 1611773318123483743 20000
2147485475 1611773332737372235 20000
2147483661 1611773280858634724 20000
2147483999 1611773290526294022 20000
2147484232 1611773297189457078 20000
2147485281 1611773327189386411 20000
2147484102 1611773293471729115 20000
2147484300 1611773299133615235 20000
2147485200 1611773324872705846 20000
2147485740 1611773340316596487 20000
2147484200 1611773296274341717 20000
2147484254 1611773297818470707 20000
2147485025 1611773319868094285 20000
2147484974 1611773318409519735 20000
2147485406 1611773330764001471 20000
2147484125 1611773294129402775 20000
2147484285 1611773298704799276 20000
2147484694 1611773310401387395 20000
2147484326 1611773299877201597 20000
2147485386 1611773330192214312 20000
2147484582 1611773307198213031 20000
2147484971 1611773318323697627 20000
2147485296 1611773327618279768 20000
2147485378 1611773329963429537 20000
2147483813 1611773285205719455 20000
2147483822 1611773285463030383 20000
2147484397 1611773301907798490 20000
2147485483 1611773332966063758 20000
2147485722 1611773339801465125 20000
2147484306 1611773299305142995 20000
2147484736 1611773311602417889 20000
2147485161 1611773323757567978 20000
2147484409 1611773302250991092 20000
2147485195 1611773324729765765 20000
2147483735 1611773282975217691 20000
2147483791 1611773284576563354 20000
2147484258 1611773297932816035 20000
2147484436 1611773303023089868 20000
2147485003 1611773319239037306 20000
2147485215 1611773325301567935 20000
2147485531 1611773334338788680 20000
2147485571 1611773335483121391 20000
2147483695 1611773281831343983 20000
2147484369 1611773301107118438 20000
2147485049 1611773320554490114 20000
2147484591 1611773307455546150 20000
2147484735 1611773311573827231 20000
2147484028 1611773291355569998 20000
2147485249 1611773326274233361 20000
2147484067 1611773292470626701 20000
2147484274 1611773298390289781 20000
2147484289 1611773298819159990 20000
2147485397 1611773330506643051 20000
2147485441 1611773331764945401 20000
2147485501 1611773333480889173 20000
2147484260 1611773297990013886 20000
2147484334 1611773300106117610 20000
2147485294 1611773327561087888 20000
2147483911 1611773288009537296 20000
2147485011 1611773319467835838 20000
2147485404 1611773330706797537 20000
2147484521 1611773305453828191 20000
2147485007 1611773319353488081 20000
2147485179 1611773324272286346 20000
2147485536 1611773334481844182 20000
2147483677 1611773281316235337 20000
2147484146 1611773294730008556 20000
2147484215 1611773296703260455 20000
2147484501 1611773304881925600 20000
2147485367 1611773329648774293 20000
2147484223 1611773296932102772 20000
2147484224 1611773296960681938 20000
2147484861 1611773315177612608 20000
2147484903 1611773316378803605 20000
2147485471 1611773332622979283 20000
2147483729 1611773282803618178 20000
2147483864 1611773286663957608 20000
2147484219 1611773296817659663 20000
2147484197 1611773296188579260 20000
2147484415 1611773302422643379 20000
2147485107 1611773322213141762 20000
2147483983 1611773290068523048 20000
2147484092 1611773293185564405 20000
2147484866 1611773315320601985 20000
2147484531 1611773305739714795 20000
2147484747 1611773311916962877 20000
2147485080 1611773321441033610 20000
2147485190 1611773324586744328 20000
2147485490 1611773333166281438 20000
2147483687 1611773281602345921 20000
2147483901 1611773287723534634 20000
2147484180 1611773295702594653 20000
2147485696 1611773339057934694 20000
2147484170 1611773295416461129 20000
2147484801 1611773313461177311 20000
2147484161 1611773295159123454 20000
2147484601 1611773307741502648 20000
2147484658 1611773309371847739 20000
2147485559 1611773335139741662 20000
2147484783 1611773312946358518 20000
2147484897 1611773316207134921 20000
2147485082 1611773321498220192 20000
2147485086 1611773321612593525 20000
2147484309 1611773299391124335 20000
2147484516 1611773305310846393 20000
2147485009 1611773319410647162 20000
2147483870 1611773286835444280 20000
2147484287 1611773298761951282 20000
2147484458 1611773303652016690 20000
2147485353 1611773329248370171 20000
2147484475 1611773304138222488 20000
2147484843 1611773314662813299 20000
2147485599 1611773336283778152 20000
2147485708 1611773339401012627 20000
2147485717 1611773339658495927 20000
2147484035 1611773291555708121 20000
2147484709 1611773310830508673 20000
2147484798 1611773313375319606 20000
2147485472 1611773332651576631 20000
2147484099 1611773293385975819 20000
2147484242 1611773297475450773 20000
2147485349 1611773329133992983 20000
2147485077 1611773321355211668 20000
2147485407 1611773330792591692 20000
2147485424 1611773331278746656 20000
2147485437 1611773331650516856 20000
2147484400 1611773301993583058 20000
2147484598 1611773307655743933 20000
2147484664 1611773309543388761 20000
2147484532 1611773305768326872 20000
2147484662 1611773309486241116 20000
2147484724 1611773311259305185 20000
2147485543 1611773334681983510 20000
2147483871 1611773286864134269 20000
2147484143 1611773294644160676 20000
2147484462 1611773303766447575 20000
2147484292 1611773298904897969 20000
2147485241 1611773326045293553 20000
2147485440 1611773331736330853 20000
2147485573 1611773335540319905 20000
2147483875 1611773286978533000 20000
2147484882 1611773315778149451 20000
2147485147 1611773323357205772 20000
2147484914 1611773316693531061 20000
2147485217 1611773325358975617 20000
2147484016 1611773291012412102 20000
2147484512 1611773305196497030 20000
2147484676 1611773309886579217 20000
2147484357 1611773300763992476 20000
2147484424 1611773302679902440 20000
2147484539 1611773305968504239 20000
2147484913 1611773316664809882 20000
2147485370 1611773329734617693 20000
2147484007 1611773290755035204 20000
2147484091 1611773293156990337 20000
2147484177 1611773295616779731 20000
2147485496 1611773333337911674 20000
2147485552 1611773334939561262 20000
2147483986 1611773290154435634 20000
2147484195 1611773296131405002 20000
2147484624 1611773308399278948 20000
2147485216 1611773325330396731 20000
2147485326 1611773328476171156 20000
2147483839 1611773285949205546 20000
2147483869 1611773286806865770 20000
2147483892 1611773287465859874 20000
2147485659 1611773337999794386 20000
2147485505 1611773333595354945 20000
2147483747 1611773283318419446 20000
2147484405 1611773302136602834 20000
2147485028 1611773319953835188 20000
2147484341 1611773300306432028 20000
2147485337 1611773328790659012 20000
2147484739 1611773311688160177 20000
2147485403 1611773330678193602 20000
2147485716 1611773339629862628 20000
2147483722 1611773282603376410 20000
2147483997 1611773290469125330 20000
2147484679 1611773309972393713 20000
2147484036 1611773291584292465 20000
2147485083 1611773321526815816 20000
2147483850 1611773286263748989 20000
2147484003 1611773290640693453 20000
2147484034 1611773291527080224 20000
2147484797 1611773313346733508 20000
2147485240 1611773326016699481 20000
2147485251 1611773326331416482 20000
2147485703 1611773339258093498 20000
2147484421 1611773302594166940 20000
2147484596 1611773307598578872 20000
2147484656 1611773309314635122 20000
2147484994 1611773318981602033 20000
2147485467 1611773332508621147 20000
2147485528 1611773334252980365 20000
2147483793 1611773284633764849 20000
2147484402 1611773302050783222 20000
2147484986 1611773318752714714 20000
2147485572 1611773335511725030 20000
2147484010 1611773290840845090 20000
2147484723 1611773311230726487 20000
2147485365 1611773329591509717 20000
2147485307 1611773327932846139 20000
2147485660 1611773338028386251 20000
2147484149 1611773294815950495 20000
2147484430 1611773302851496874 20000
2147484917 1611773316779350458 20000
2147484733 1611773311516663947 20000
2147485058 1611773320811817605 20000
2147485229 1611773325702085737 20000
2147484005 1611773290697881434 20000
2147484189 1611773295959880475 20000
2147484544 1611773306111499820 20000
2147485598 1611773336255171290 20000
2147484851 1611773314891580511 20000
2147484957 1611773317923342107 20000
2147485333 1611773328676316329 20000
2147485666 1611773338200193266 20000
2147483823 1611773285491646028 20000
2147483977 1611773289896925050 20000
2147484335 1611773300134763326 20000
2147484479 1611773304252732524 20000
2147485635 1611773337313403733 20000
2147484846 1611773314748601713 20000
2147485152 1611773323500151013 20000
2147484589 1611773307398368973 20000
2147485072 1611773321212225011 20000
2147485347 1611773329076814543 20000
2147483833 1611773285777626652 20000
2147483853 1611773286349490477 20000
2147484324 1611773299820037325 20000
2147485154 1611773323557328921 20000
2147485383 1611773330106412960 20000
2147485702 1611773339229515349 20000
2147483955 1611773289267832014 20000
2147484362 1611773300906988363 20000
2147484995 1611773319010186207 20000
2147484912 1611773316636160247 20000
2147484597 1611773307627164913 20000
2147484675 1611773309857991297 20000
2147484887 1611773315921093153 20000
2147485415 1611773331021310703 20000
2147485453 1611773332108153205 20000
2147483658 1611773280772860176 20000
2147483783 1611773284347880410 20000
2147484379 1611773301392993641 20000
2147484963 1611773318094889724 20000
2147485035 1611773320153992692 20000
2147485729 1611773340001771537 20000
2147483841 1611773286006386196 20000
2147483987 1611773290183128232 20000
2147484315 1611773299562629925 20000
2147484554 1611773306397528850 20000
2147484862 1611773315206195703 20000
2147485291 1611773327475340266 20000
2147485318 1611773328247413777 20000
2147485376 1611773329906207583 20000
2147483762 1611773283747330378 20000
2147483790 1611773284547985400 20000
2147483836 1611773285863438656 20000
2147485603 1611773336398091049 20000
2147485196 1611773324758339405 20000
2147485380 1611773330020624755 20000
2147485570 1611773335454520944 20000
2147484001 1611773290583490163 20000
2147484433 1611773302937239734 20000
2147485053 1611773320668885708 20000
2147484194 1611773296102812670 20000
2147484550 1611773306283167512 20000
2147484814 1611773313833057732 20000
2147484973 1611773318380893967 20000
2147485646 1611773337627930215 20000
2147483772 1611773284033408610 20000
2147483886 1611773287294009005 20000
2147484141 1611773294586949820 20000
2147484770 1611773312574664748 20000
2147484915 1611773316722129687 20000
2147485304 1611773327847113749 20000
2147485305 1611773327875691478 20000
2147483671 1611773281144625288 20000
2147483883 1611773287208024813 20000
2147484273 1611773298361690517 20000
2147485059 1611773320840457099 20000
2147485737 1611773340230781502 20000
2147483656 1611773280715662034 20000
2147484489 1611773304538641445 20000
2147484800 1611773313432534065 20000
2147485606 1611773336483850427 20000
2147483821 1611773285434438105 20000
2147485098 1611773321955791053 20000
2147485450 1611773332022413160 20000
2147485698 1611773339115110391 20000
2147484454 1611773303537706820 20000
2147485427 1611773331364504372 20000
2147484322 1611773299762865341 20000
2147485120 1611773322584902356 20000
2147484094 1611773293242852268 20000
2147484112 1611773293757668832 20000
2147485502 1611773333509530866 20000
2147484951 1611773317751800152 20000
2147485455 1611773332165387484 20000
2147485736 1611773340202113408 20000
2147483884 1611773287236706840 20000
2147483925 1611773288409958122 20000
2147484520 1611773305425198416 20000
2147485026 1611773319896672632 20000
2147485621 1611773336912917306 20000
2147485686 1611773338772011581 20000
2147483963 1611773289496479162 20000
2147484151 1611773294873148287 20000
2147484261 1611773298018594076 20000
2147485417 1611773331078583638 20000
2147485272 1611773326931986971 20000
2147485590 1611773336026352393 20000
2147485681 1611773338629104341 20000
2147483998 1611773290497715132 20000
2147484395 1611773301850565570 20000
2147485050 1611773320583067598 20000
2147485067 1611773321069235773 20000
2147485173 1611773324100707098 20000
2147483946 1611773289010418897 20000
2147484588 1611773307369784090 20000
2147484799 1611773313403923526 20000
2147484345 1611773300420757480 20000
2147485301 1611773327761223021 20000
2147483885 1611773287265343040 20000
2147484084 1611773292956763939 20000
2147484257 1611773297904240461 20000
2147485142 1611773323214137295 20000
2147485468 1611773332537218250 20000
2147485547 1611773334796393047 20000
2147484842 1611773314634229601 20000
2147485000 1611773319153179924 20000
2147485020 1611773319725189402 20000
2147485581 1611773335769074768 20000
2147485644 1611773337570772050 20000
2147484017 1611773291041064326 20000
2147484356 1611773300735387650 20000
2147484839 1611773314548291415 20000
2147484482 1611773304338491008 20000
2147485613 1611773336684175782 20000
2147483863 1611773286635383811 20000
2147484320 1611773299705688500 20000
2147485124 1611773322699229282 20000
2147485662 1611773338085677122 20000
2147484082 1611773292899497267 20000
2147484259 1611773297961400491 20000
2147484567 1611773306769298583 20000
2147483700 1611773281974302496 20000
2147484884 1611773315835345666 20000
2147485099 1611773321984400602 20000
2147485401 1611773330620992248 20000
2147485499 1611773333423677051 20000
2147485694 1611773339000774331 20000
2147484725 1611773311287957822 20000
2147484880 1611773315720881282 20000
2147485292 1611773327503935363 20000
2147484009 1611773290812225520 20000
2147485022 1611773319782342107 20000
2147485203 1611773324958507528 20000
2147484468 1611773303938029011 20000
2147485088 1611773321669838248 20000
2147485312 1611773328075871612 20000
2147485381 1611773330049229980 20000
2147483716 1611773282431819836 20000
2147483731 1611773282860832092 20000
2147484465 1611773303852223914 20000
2147484208 1611773296503054055 20000
2147485210 1611773325158612910 20000
2147485260 1611773326588795210 20000
2147484132 1611773294329684426 20000
2147484972 1611773318352271391 20000
2147484982 1611773318638306839 20000
2147484566 1611773306740722687 20000
2147485219 1611773325416180470 20000
2147485321 1611773328333188351 20000
2147483799 1611773284805337924 20000
2147484361 1611773300878411304 20000
2147484492 1611773304624544844 20000
2147484660 1611773309429051707 20000
2147484718 1611773311087775832 20000
2147484891 1611773316035461360 20000
2147484899 1611773316264347810 20000
2147485014 1611773319553648282 20000
2147483680 1611773281402154144 20000
2147483714 1611773282374626480 20000
2147484469 1611773303966601766 20000
2147485286 1611773327332369738 20000
2147484528 1611773305653934211 20000
2147484611 1611773308027467379 20000
2147485680 1611773338600530515 20000
2147484047 1611773291898801231 20000
2147484074 1611773292670807471 20000
2147485398 1611773330535218625 20000
2147485194 1611773324701163662 20000
2147484303 1611773299219378576 20000
2147484649 1611773309114415898 20000
2147485016 1611773319610810231 20000
2147483881 1611773287150747111 20000
2147484101 1611773293443153877 20000
2147484248 1611773297646990679 20000
2147485018 1611773319667991543 20000
2147484144 1611773294672842373 20000
2147484753 1611773312088662945 20000
2147484856 1611773315034524472 20000
2147485323 1611773328390390769 20000
2147483854 1611773286378065355 20000
2147484703 1611773310658750369 20000
2147485131 1611773322899389799 20000
2147484121 1611773294014971121 20000
2147485030 1611773320010984671 20000
2147484393 1611773301793389499 20000
2147484637 1611773308771162255 20000
2147484981 1611773318609693318 20000
2147483734 1611773282946642218 20000
2147484444 1611773303251789604 20000
2147485061 1611773320897659031 20000
2147485542 1611773334653381217 20000
2147485555 1611773335025350505 20000
2147484466 1611773303880804071 20000
2147484638 1611773308799789848 20000
2147484822 1611773314061979068 20000
2147484438 1611773303080248012 20000
2147485550 1611773334882378613 20000
2147483805 1611773284976921937 20000
2147483949 1611773289096149480 20000
2147484374 1611773301250057597 20000
2147484983 1611773318666883146 20000
2147485218 1611773325387602010 20000
2147485645 1611773337599350816 20000
2147483711 1611773282288809689 20000
2147484081 1611773292870912150 20000
2147484380 1611773301421604995 20000
2147485275 1611773327017798354 20000
2147485676 1611773338486091250 20000
2147483774 1611773284090574337 20000
2147484237 1611773297332514017 20000
2147484881 1611773315749508452 20000
2147483782 1611773284319305414 20000
2147484515 1611773305282264228 20000
2147485423 1611773331250141616 20000
2147485647 1611773337656550950 20000
2147484075 1611773292699385929 20000
2147484580 1611773307141047760 20000
2147485266 1611773326760366131 20000
2147485076 1611773321326632994 20000
2147483942 1611773288896066949 20000
2147484474 1611773304109617126 20000
2147484968 1611773318237904048 20000
2147484122 1611773294043546669 20000
2147484410 1611773302279574806 20000
2147485094 1611773321841464941 20000
2147484579 1611773307112456179 20000
2147484689 1611773310258419564 20000
2147484727 1611773311345127033 20000
2147485144 1611773323271418780 20000
2147483809 1611773285091283372 20000
2147484031 1611773291441326037 20000
2147484038 1611773291641472029 20000
2147484970 1611773318295109829 20000
2147483681 1611773281430729966 20000
2147483846 1611773286149371963 20000
2147484041 1611773291727259780 20000
2147483856 1611773286435265993 20000
2147483979 1611773289954114553 20000
2147484004 1611773290669268265 20000
2147483662 1611773280887212257 20000
2147483786 1611773284433637652 20000
2147483820 1611773285405836799 20000
2147484117 1611773293900656126 20000
2147484308 1611773299362428595 20000
2147484368 1611773301078494129 20000
2147484391 1611773301736224631 20000
2147484526 1611773305596774195 20000
2147483890 1611773287408563029 20000
2147484053 1611773292070358341 20000
2147484068 1611773292499264453 20000
2147484754 1611773312117239523 20000
2147484849 1611773314834411088 20000
2147485231 1611773325759258855 20000
2147485257 1611773326502955970 20000
2147485668 1611773338257349228 20000
2147483947 1611773289038993607 20000
2147484918 1611773316807953850 20000
2147485143 1611773323242738133 20000
2147485267 1611773326789008669 20000
2147483739 1611773283089621831 20000
2147484163 1611773295216274770 20000
2147484456 1611773303594867446 20000
2147485521 1611773334052800446 20000
2147485746 1611773340488164678 20000
2147484563 1611773306654890833 20000
2147485008 1611773319382071017 20000
2147485341 1611773328905117473 20000
2147484610 1611773307998891463 20000
2147485117 1611773322499146268 20000
2147485364 1611773329562934336 20000
2147483838 1611773285920594857 20000
2147484386 1611773301593228863 20000
2147484508 1611773305082032787 20000
2147485509 1611773333709697312 20000
2147483943 1611773288924670334 20000
2147485084 1611773321555411843 20000
2147485109 1611773322270330742 20000
2147485692 1611773338943613231 20000
2147484661 1611773309457643530 20000
2147485172 1611773324072113208 20000
2147485530 1611773334310196811 20000
2147485317 1611773328218811258 20000
2147483765 1611773283833168736 20000
2147484445 1611773303280381053 20000
2147485268 1611773326817608122 20000
2147485316 1611773328190227586 20000
2147485513 1611773333824059907 20000
2147484463 1611773303795040915 20000
2147484774 1611773312688984506 20000
2147484826 1611773314176458141 20000
2147484759 1611773312260229023 20000
2147484431 1611773302880073309 20000
2147485422 1611773331221497807 20000
2147485611 1611773336626955367 20000
2147484737 1611773311631005323 20000
2147485236 1611773325902291974 20000
2147485566 1611773335340068788 20000
2147484533 1611773305796926662 20000
2147484552 1611773306340372732 20000
2147484586 1611773307312622697 20000
2147484805 1611773313575664544 20000
2147485039 1611773320268467935 20000
2147485690 1611773338886394693 20000
2147483832 1611773285749039706 20000
2147483988 1611773290211761536 20000
2147484037 1611773291612895442 20000
2147485733 1611773340116277730 20000
2147484231 1611773297160851462 20000
2147485075 1611773321298041223 20000
2147485197 1611773324786968140 20000
2147484305 1611773299276561627 20000
2147484685 1611773310143997847 20000
2147484777 1611773312774774373 20000
2147485357 1611773329362742440 20000
2147483796 1611773284719591086 20000
2147483816 1611773285291494852 20000
2147484057 1611773292184720405 20000
2147484449 1611773303394793019 20000
2147485473 1611773332680197931 20000
2147485579 1611773335711920286 20000
2147484764 1611773312403150260 20000
2147485066 1611773321040658552 20000
2147485540 1611773334596225722 20000
2147484230 1611773297132222783 20000
2147484472 1611773304052385500 20000
2147484625 1611773308427958765 20000
2147484087 1611773293042495962 20000
2147484128 1611773294215254275 20000
2147484547 1611773306197285743 20000
2147485002 1611773319210442482 20000
2147485245 1611773326159752409 20000
2147483706 1611773282145816802 20000
2147483810 1611773285119925822 20000
2147484070 1611773292556447818 20000
2147485429 1611773331421747561 20000
2147485261 1611773326617409775 20000
2147485585 1611773335883437251 20000
2147483967 1611773289610902795 20000
2147484278 1611773298504597722 20000
2147484779 1611773312831926584 20000
2147484207 1611773296474441521 20000
2147484613 1611773308084684744 20000
2147484857 1611773315063124860 20000
2147484936 1611773317322750168 20000
2147485239 1611773325988116147 20000
2147483717 1611773282460440334 20000
2147483956 1611773289296408581 20000
2147483973 1611773289782490560 20000
2147483770 1611773283976217581 20000
2147484829 1611773314262269737 20000
2147484879 1611773315692294503 20000
2147485436 1611773331621925784 20000
2147485640 1611773337456428264 20000
2147483851 1611773286292321571 20000
2147484792 1611773313203729395 20000
2147485314 1611773328133059086 20000
2147484435 1611773302994394742 20000
2147485091 1611773321755667304 20000
2147485127 1611773322785016880 20000
2147484211 1611773296588857155 20000
2147485546 1611773334767813569 20000
2147483795 1611773284690960146 20000
2147483755 1611773283547209188 20000
2147484191 1611773296017073230 20000
2147485388 1611773330249366766 20000
2147484048 1611773291927380524 20000
2147484697 1611773310487190972 20000
2147483830 1611773285691869287 20000
2147484722 1611773311202141446 20000
2147484998 1611773319095993911 20000
2147484542 1611773306054290047 20000
2147485167 1611773323929144178 20000
2147484054 1611773292098954854 20000
2147484966 1611773318180709943 20000
2147485485 1611773333023323355 20000
2147484585 1611773307284044188 20000
2147484222 1611773296903528555 20000
2147484561 1611773306597669589 20000
2147484746 1611773311888387705 20000
2147484106 1611773293586112220 20000
2147484296 1611773299019268775 20000
2147484327 1611773299905840754 20000
2147485043 1611773320382871065 20000
2147485233 1611773325816527702 20000
2147485328 1611773328533320572 20000
2147483697 1611773281888531097 20000
2147484665 1611773309571967427 20000
2147484734 1611773311545249861 20000
2147484692 1611773310344205564 20000
2147485122 1611773322642067437 20000
2147484167 1611773295330630719 20000
2147484406 1611773302165203463 20000
2147484414 1611773302394063812 20000
2147484293 1611773298933531865 20000
2147484411 1611773302308179453 20000
2147484906 1611773316464560198 20000
2147485402 1611773330649569600 20000
2147485478 1611773332823156422 20000
2147483965 1611773289553676536 20000
2147484088 1611773293071091541 20000
2147484104 1611773293528916078 20000
2147485568 1611773335397301764 20000
2147483719 1611773282517610833 20000
2147484499 1611773304824772498 20000
2147485360 1611773329448472772 20000
2147485594 1611773336140765179 20000
2147483648 1611773279515090719 20000
2147484491 1611773304595966130 20000
2147485358 1611773329391324255 20000
2147484490 1611773304567270666 20000
2147484312 1611773299476885617 20000
2147484333 1611773300077544995 20000
2147484443 1611773303223207678 20000
2147484594 1611773307541330730 20000
2147484732 1611773311488049511 20000
2147485523 1611773334109955785 20000
2147485269 1611773326846208398 20000
2147485562 1611773335225643024 20000
2147483769 1611773283947619198 20000
2147484425 1611773302708497384 20000
2147484925 1611773317008263430 20000
2147483776 1611773284147772042 20000
2147484135 1611773294415450407 20000
2147484256 1611773297875618091 20000
2147484367 1611773301049912648 20000
2147484446 1611773303308957683 20000
2147485252 1611773326359993595 20000
2147485679 1611773338571945896 20000
2147483663 1611773280915808892 20000
2147483674 1611773281230401915 20000
2147483953 1611773289210590380 20000
2147483900 1611773287694933280 20000
2147484328 1611773299934416542 20000
2147485625 1611773337027359040 20000
2147484815 1611773313861657855 20000
2147484885 1611773315863922043 20000
2147485592 1611773336083551495 20000
2147483758 1611773283632968136 20000
2147483938 1611773288781649947 20000
2147484587 1611773307341199564 20000
2147485302 1611773327789817378 20000
2147485622 1611773336941502912 20000
2147483733 1611773282918062376 20000
2147484275 1611773298418865987 20000
2147484648 1611773309085839837 20000
2147485391 1611773330335101861 20000
2147485458 1611773332251259410 20000
2147483935 1611773288695917506 20000
2147484095 1611773293271470833 20000
2147484347 1611773300477923759 20000
2147484961 1611773318037690998 20000
2147483826 1611773285577436978 20000
2147485434 1611773331564713447 20000
2147485554 1611773334996741742 20000
2147483957 1611773289324999872 20000
2147484394 1611773301821989553 20000
2147484825 1611773314147813572 20000
2147484023 1611773291212663317 20000
2147484240 1611773297418280947 20000
2147483924 1611773288381382559 20000
2147485204 1611773324987084143 20000
2147485396 1611773330478059881 20000
2147484496 1611773304738940567 20000
2147484622 1611773308342019957 20000
2147484627 1611773308485138972 20000
2147484793 1611773313232334183 20000
2147483715 1611773282403240340 20000
2147483837 1611773285892015669 20000
2147483971 1611773289725250028 20000
2147485534 1611773334424678412 20000
2147484073 1611773292642209509 20000
2147484714 1611773310973392874 20000
2147485070 1611773321154972241 20000
2147484762 1611773312345985979 20000
2147485054 1611773320697463681 20000
2147485132 1611773322928001101 20000
2147483968 1611773289639478283 20000
2147484174 1611773295530989500 20000
2147484740 1611773311716735641 20000
2147484584 1611773307255422628 20000
2147484631 1611773308599626353 20000
2147484647 1611773309057195278 20000
2147485344 1611773328990931043 20000
2147485626 1611773337055943586 20000
2147483672 1611773281173205557 20000
2147483787 1611773284462212613 20000
2147483893 1611773287494531385 20000
2147485667 1611773338228770173 20000
2147483916 1611773288152496469 20000
2147484239 1611773297389687604 20000
2147485538 1611773334539018298 20000
2147484096 1611773293300047065 20000
2147485092 1611773321784298473 20000
2147485442 1611773331793533046 20000
2147483665 1611773280972993124 20000
2147484234 1611773297246644201 20000
2147485136 1611773323042453039 20000
2147485222 1611773325501913387 20000
2147485607 1611773336512539226 20000
2147485641 1611773337485003870 20000
2147484710 1611773310859086257 20000
2147485024 1611773319839517952 20000
2147485073 1611773321240859668 20000
2147484176 1611773295588196646 20000
2147484236 1611773297303937017 20000
2147484904 1611773316407384263 20000
2147483932 1611773288610112588 20000
2147484062 1611773292327701968 20000
2147484111 1611773293729053735 20000
2147484687 1611773310201183503 20000
2147485060 1611773320869043881 20000
2147485474 1611773332708787948 20000
2147484617 1611773308199103167 20000
2147484712 1611773310916238412 20000
2147485175 1611773324157910704 20000
2147484383 1611773301507456086 20000
2147485741 1611773340345180081 20000
2147483685 1611773281545138703 20000
2147483867 1611773286749708873 20000
2147483919 1611773288238359066 20000
2147484271 1611773298304497077 20000
2147484959 1611773317980496621 20000
2147483741 1611773283146842979 20000
2147484442 1611773303194569323 20000
2147485114 1611773322413379834 20000
2147483713 1611773282345972555 20000
2147484577 1611773307055286124 20000
2147485520 1611773334024223646 20000
2147483748 1611773283347035043 20000
2147484193 1611773296074228617 20000
2147485189 1611773324558157858 20000
2147484875 1611773315577967700 20000
2147484894 1611773316121269098 20000
2147485639 1611773337427851460 20000
2147484545 1611773306140077838 20000
2147484700 1611773310572998557 20000
2147484870 1611773315435053610 20000
2147485332 1611773328647741393 20000
2147485359 1611773329419900102 20000
2147483773 1611773284061986355 20000
2147484564 1611773306683494199 20000
2147484821 1611773314033405366 20000
2147484056 1611773292156104112 20000
2147484288 1611773298790559763 20000
2147485713 1611773339544071286 20000
2147483666 1611773281001573974 20000
2147484227 1611773297046415330 20000
2147485010 1611773319439257088 20000
2147484541 1611773306025708280 20000
2147484786 1611773313032144794 20000
2147485096 1611773321898639263 20000
2147485526 1611773334195784004 20000
2147483675 1611773281259049629 20000
2147484213 1611773296646061494 20000
2147484228 1611773297075015318 20000
2147485228 1611773325673450536 20000
2147485421 1611773331192918161 20000
2147484076 1611773292727967703 20000
2147484788 1611773313089330540 20000
2147484930 1611773317151233883 20000
2147485657 1611773337942609532 20000
2147483800 1611773284833963349 20000
2147485046 1611773320468675153 20000
2147485354 1611773329276988962 20000
2147484498 1611773304796168586 20000
2147483754 1611773283518610749 20000
2147483784 1611773284376465539 20000
2147483866 1611773286721133533 20000
2147484147 1611773294758771248 20000
2147484263 1611773298075768765 20000
2147485629 1611773337141759660 20000
2147485636 1611773337342044309 20000
2147483676 1611773281287656779 20000
2147483686 1611773281573770713 20000
2147483964 1611773289525077085 20000
2147485374 1611773329849053391 20000
2147484000 1611773290554910675 20000
2147484085 1611773292985343074 20000
2147485726 1611773339915867748 20000
2147484767 1611773312488895465 20000
2147485055 1611773320726061784 20000
2147484776 1611773312746200108 20000
2147484841 1611773314605511346 20000
2147483801 1611773284862537497 20000
2147484145 1611773294701430810 20000
2147484706 1611773310744617487 20000
2147484107 1611773293614690365 20000
2147484280 1611773298561755116 20000
2147485470 1611773332594378226 20000
2147485319 1611773328276028538 20000
2147485369 1611773329705966325 20000
2147485707 1611773339372426962 20000
2147485715 1611773339601265055 20000
2147485731 1611773340059026525 20000
2147483995 1611773290411945750 20000
2147484022 1611773291184047923 20000
2147484178 1611773295645386276 20000
2147485735 1611773340173495215 20000
2147484695 1611773310430032266 20000
2147484830 1611773314290861489 20000
2147485416 1611773331049886691 20000
2147483667 1611773281030217660 20000
2147484344 1611773300392181513 20000
2147484643 1611773308942800728 20000
2147485533 1611773334396041168 20000
2147483768 1611773283919014476 20000
2147484317 1611773299619878303 20000
2147485368 1611773329677350539 20000
2147484138 1611773294501204767 20000
2147484748 1611773311945538344 20000
2147485456 1611773332193966153 20000
2147485514 1611773333852634553 20000
2147484066 1611773292442048884 20000
2147484314 1611773299534041834 20000
2147484540 1611773305997133273 20000
2147485428 1611773331393128736 20000
2147483803 1611773284919736663 20000
2147483903 1611773287780722679 20000
2147483930 1611773288552943586 20000
2147483678 1611773281344875753 20000
2147485101 1611773322041580789 20000
2147485446 1611773331907964701 20000
2147485504 1611773333566738587 20000
2147485674 1611773338428874258 20000
2147485732 1611773340087606377 20000
2147483902 1611773287752147462 20000
2147484828 1611773314233627160 20000
2147485331 1611773328619118750 20000
2147484654 1611773309257467262 20000
2147484666 1611773309600556118 20000
2147485685 1611773338743415145 20000
2147483766 1611773283861751895 20000
2147484947 1611773317637401802 20000
2147484988 1611773318809868742 20000
2147485221 1611773325473340516 20000
2147483649 1611773280515530635 20000
2147484743 1611773311802612033 20000
2147485108 1611773322241758234 20000
2147485271 1611773326903397014 20000
2147485653 1611773337828130966 20000
2147483756 1611773283575785029 20000
2147484523 1611773305510983624 20000
2147485104 1611773322127361084 20000
2147484205 1611773296417283986 20000
2147484939 1611773317408485930 20000
2147485183 1611773324386645625 20000
2147485377 1611773329934818560 20000
2147485492 1611773333223485399 20000
2147484336 1611773300163372215 20000
2147484519 1611773305396621649 20000
2147484977 1611773318495320769 20000
2147484262 1611773298047168172 20000
2147484272 1611773298333083409 20000
2147484536 1611773305882753375 20000
2147485578 1611773335683334870 20000
2147483814 1611773285234332417 20000
2147484129 1611773294243878461 20000
2147484187 1611773295902725732 20000
2147484794 1611773313260911291 20000
2147484878 1611773315663714400 20000
2147485564 1611773335282802329 20000
2147484352 1611773300621031698 20000
2147484464 1611773303823649472 20000
2147484699 1611773310544366494 20000
2147485393 1611773330392308574 20000
2147484119 1611773293957819337 20000
2147484608 1611773307941693520 20000
2147485201 1611773324901305821 20000
2147484399 1611773301965005029 20000
2147484619 1611773308256287364 20000
2147485517 1611773333938435306 20000
2147483908 1611773287923713224 20000
2147484024 1611773291241259650 20000
2147484235 1611773297275313046 20000
2147484478 1611773304224009995 20000
2147485168 1611773323957725608 20000
2147483778 1611773284204925785 20000
2147483929 1611773288524368552 20000
2147484241 1611773297446869490 20000
2147485279 1611773327132227950 20000
2147485522 1611773334081379113 20000
2147484427 1611773302765757567 20000
2147484452 1611773303480557704 20000
2147484838 1611773314519713605 20000
2147484775 1611773312717594017 20000
2147485351 1611773329191158396 20000
2147485463 1611773332394193597 20000
2147485259 1611773326560191080 20000
2147484401 1611773302022185154 20000
2147484652 1611773309200296274 20000
2147484938 1611773317379904347 20000
2147485382 1611773330077809380 20000
2147485634 1611773337284823309 20000
2147483991 1611773290297535076 20000
2147484185 1611773295845559968 20000
2147484355 1611773300706780687 20000
2147485338 1611773328819251268 20000
2147484159 1611773295101892278 20000
2147484691 1611773310315625368 20000
2147484853 1611773314948777977 20000
2147485673 1611773338400280741 20000
2147485744 1611773340431010150 20000
2147484329 1611773299963119468 20000
2147484766 1611773312460312858 20000
2147485449 1611773331993838341 20000
2147484593 1611773307512753057 20000
2147484674 1611773309829414444 20000
2147484763 1611773312374574799 20000
2147484109 1611773293671861832 20000
2147485095 1611773321870064651 20000
2147485410 1611773330878385909 20000
2147483895 1611773287551822025 20000
2147483907 1611773287895102285 20000
2147484100 1611773293414574707 20000
2147483888 1611773287351307999 20000
2147485610 1611773336598340819 20000
2147484299 1611773299105035551 20000
2147484756 1611773312174431569 20000
2147485005 1611773319296272779 20000
2147485718 1611773339687124107 20000
2147483760 1611773283690133582 20000
2147484116 1611773293872074206 20000
2147484131 1611773294301107778 20000
2147484976 1611773318466736028 20000
2147485187 1611773324500995571 20000
2147485282 1611773327217983722 20000
2147483673 1611773281201783525 20000
2147483726 1611773282717812896 20000
2147484080 1611773292842335631 20000
2147485452 1611773332079580229 20000
2147484574 1611773306969437435 20000
2147484615 1611773308141878917 20000
2147484832 1611773314348078651 20000
2147484130 1611773294272513030 20000
2147485243 1611773326102572450 20000
2147483951 1611773289153346538 20000
2147483984 1611773290097158799 20000
2147484108 1611773293643277042 20000
2147483699 1611773281945727323 20000
2147484690 1611773310287030033 20000
2147484190 1611773295988455834 20000
2147484730 1611773311430862300 20000
2147484921 1611773316893826768 20000
2147483664 1611773280944391826 20000
2147483891 1611773287437243516 20000
2147483905 1611773287837914944 20000
2147485700 1611773339172316072 20000
2147483761 1611773283718716194 20000
2147485185 1611773324443845568 20000
2147485671 1611773338343100799 20000
2147484909 1611773316550340105 20000
2147485315 1611773328161647966 20000
2147485742 1611773340373759186 20000
2147484504 1611773304967666362 20000
2147485213 1611773325244399203 20000
2147485352 1611773329219792421 20000
2147485431 1611773331478965575 20000
2147485486 1611773333051920191 20000
2147485683 1611773338686254172 20000
2147484477 1611773304195416617 20000
2147485327 1611773328504744704 20000
2147485290 1611773327446737889 20000
2147485587 1611773335940604648 20000
2147485725 1611773339887257091 20000
2147483802 1611773284891145926 20000
2147484384 1611773301536031696 20000
2147484606 1611773307884456569 20000
2147484538 1611773305939923481 20000
2147484745 1611773311859797564 20000
2147484858 1611773315091702632 20000
2147485206 1611773325044260803 20000
2147483945 1611773288981842996 20000
2147484043 1611773291784417794 20000
2147484360 1611773300849834961 20000
2147484548 1611773306225911767 20000
2147485720 1611773339744304958 20000
2147483829 1611773285663257489 20000
2147483848 1611773286206522839 20000
2147484354 1611773300678191526 20000
2147483913 1611773288066738131 20000
2147484457 1611773303623442648 20000
2147484645 1611773308999996699 20000
2147483682 1611773281459305210 20000
2147484221 1611773296874947315 20000
2147484338 1611773300220691826 20000
2147484646 1611773309028615971 20000
2147484969 1611773318266534724 20000
2147484999 1611773319124566238 20000
2147485537 1611773334510420008 20000
2147485615 1611773336741376805 20000
2147483985 1611773290125734980 20000
2147484481 1611773304309885008 20000
2147484600 1611773307712904631 20000
2147484086 1611773293013920500 20000
2147484892 1611773316064050756 20000
2147485600 1611773336312365212 20000
2147484071 1611773292585053929 20000
2147484510 1611773305139256332 20000
2147484233 1611773297218068895 20000
2147484451 1611773303451984214 20000
2147484795 1611773313289495119 20000
2147485223 1611773325530514535 20000
2147485586 1611773335912017391 20000
2147484090 1611773293128324149 20000
2147484115 1611773293843498573 20000
2147484206 1611773296445862236 20000
2147485695 1611773339029353073 20000
2147485747 1611773340516758576 20000
2147484220 1611773296846298997 20000
2147484365 1611773300992739860 20000
2147484420 1611773302565584472 20000
2147484902 1611773316350213891 20000
2147485430 1611773331450351574 20000
2147485029 1611773319982410651 20000
2147484377 1611773301335811321 20000
2147484382 1611773301478874689 20000
2147484423 1611773302651314760 20000
2147485342 1611773328933715023 20000
2147485510 1611773333738316763 20000
2147485503 1611773333538161994 20000
2147485549 1611773334853749170 20000
2147485727 1611773339944498595 20000
2147484008 1611773290783634726 20000
2147484307 1611773299333749778 20000
2147485078 1611773321383818558 20000
2147485491 1611773333194860350 20000
2147484975 1611773318438140522 20000
2147484990 1611773318867157585 20000
2147485466 1611773332480028423 20000
2147485462 1611773332365612672 20000
2147484265 1611773298132949039 20000
2147484343 1611773300363606489 20000
2147484833 1611773314376654363 20000
2147484029 1611773291384170652 20000
2147484216 1611773296731839369 20000
2147484919 1611773316836570550 20000
2147484429 1611773302822919097 20000
2147485209 1611773325130034845 20000
2147485558 1611773335111149276 20000
2147483918 1611773288209742401 20000
2147483950 1611773289124768689 20000
2147485081 1611773321469620723 20000
2147485163 1611773323814820506 20000
2147484426 1611773302737116043 20000
2147484483 1611773304367072300 20000
2147485226 1611773325616290513 20000
2147483679 1611773281373450826 20000
2147484198 1611773296217163228 20000
2147484214 1611773296674647459 20000
2147484761 1611773312317406611 20000
2147484873 1611773315520819567 20000
2147485100 1611773322012986741 20000
2147485493 1611773333252061822 20000
2147485655 1611773337885366822 20000
2147484396 1611773301879190834 20000
2147484503 1611773304939091038 20000
2147484572 1611773306912232462 20000
2147485745 1611773340459586938 20000
2147485577 1611773335654737969 20000
2147483710 1611773282260196476 20000
2147484796 1611773313318118759 20000
2147485112 1611773322356206227 20000
2147485162 1611773323786194789 20000
2147484323 1611773299791450401 20000
2147484785 1611773313003539726 20000
2147484847 1611773314777223097 20000
2147484874 1611773315549394319 20000
2147484967 1611773318209309881 20000
2147485532 1611773334367396681 20000
2147484349 1611773300535191387 20000
2147484609 1611773307970298007 20000
2147484696 1611773310458614901 20000
2147484173 1611773295502369601 20000
2147484707 1611773310773191854 20000
2147485079 1611773321412445772 20000
2147485395 1611773330449471775 20000
2147485425 1611773331307324913 20000
2147483940 1611773288838893196 20000
2147483996 1611773290440543344 20000
2147484417 1611773302479810286 20000
2147485273 1611773326960563649 20000
2147484910 1611773316578988194 20000
2147485146 1611773323328628889 20000
2147485205 1611773325015685132 20000
2147483806 1611773285005502532 20000
2147484199 1611773296245760700 20000
2147484937 1611773317351324076 20000
2147484371 1611773301164312583 20000
2147485074 1611773321269458384 20000
2147485155 1611773323585914161 20000
2147485480 1611773332880311044 20000
2147485605 1611773336455246681 20000
2147483745 1611773283261227363 20000
2147483792 1611773284605139369 20000
2147483948 1611773289067570608 20000
2147483691 1611773281716768292 20000
2147484202 1611773296331552948 20000
2147484688 1611773310229807819 20000
2147484672 1611773309772243327 20000
2147484950 1611773317723164800 20000
2147485141 1611773323185427071 20000
2147484079 1611773292813761785 20000
2147484470 1611773303995190486 20000
2147484529 1611773305682507612 20000
2147484630 1611773308571040677 20000
2147485624 1611773336998734654 20000
2147485623 1611773336970079748 20000
2147485516 1611773333909850057 20000
2147484277 1611773298476021353 20000
2147484522 1611773305482406470 20000
2147484864 1611773315263393811 20000
2147484447 1611773303337574297 20000
2147484607 1611773307913076434 20000
2147485529 1611773334281572582 20000
2147485031 1611773320039563750 20000
2147485148 1611773323385784102 20000
2147485561 1611773335196987748 20000
2147484030 1611773291412749060 20000
2147484560 1611773306569061260 20000
2147484640 1611773308856971676 20000
2147484350 1611773300563803291 20000
2147483690 1611773281688125625 20000
2147483737 1611773283032423951 20000
2147483966 1611773289582279845 20000
2147484716 1611773311030588437 20000
2147485340 1611773328876461072 20000
2147485519 1611773333995647007 20000
2147485580 1611773335740499275 20000
2147484118 1611773293929233384 20000
2147484387 1611773301621822924 20000
2147485220 1611773325444764025 20000
2147484865 1611773315291970359 20000
2147484924 1611773316979688093 20000
2147485254 1611773326417195523 20000
2147485256 1611773326474360280 20000
2147483897 1611773287609151837 20000
2147484063 1611773292356278844 20000
2147484113 1611773293786331156 20000
2147485706 1611773339343854289 20000
2147484729 1611773311402287025 20000
2147484991 1611773318895803486 20000
2147485087 1611773321641232981 20000
2147484929 1611773317122650639 20000
2147485250 1611773326302805914 20000
2147484576 1611773307026619123 20000
2147484618 1611773308227680059 20000
2147484834 1611773314405248762 20000
2147485320 1611773328304605160 20000
2147483910 1611773287980914690 20000
2147484105 1611773293557505436 20000
2147484183 1611773295788373580 20000
2147485371 1611773329763199704 20000
2147484045 1611773291841606826 20000
2147484719 1611773311116357809 20000
2147485298 1611773327675433927 20000
2147484711 1611773310887662016 20000
2147485596 1611773336197972433 20000
2147483834 1611773285806202518 20000
2147484184 1611773295816970471 20000
2147484249 1611773297675580577 20000
2147484218 1611773296789051534 20000
2147485051 1611773320611640041 20000
2147483653 1611773280629873616 20000
2147484025 1611773291269837344 20000
2147484098 1611773293357259607 20000
2147485439 1611773331707725357 20000
2147483876 1611773287007108197 20000
2147484342 1611773300335027514 20000
2147485113 1611773322384795152 20000
2147484663 1611773309514815449 20000
2147483970 1611773289696654582 20000
2147484196 1611773296159988191 20000
2147484310 1611773299419701952 20000
2147483655 1611773280687074499 20000
2147485524 1611773334138529395 20000
2147485648 1611773337685129409 20000
2147485637 1611773337370657516 20000
2147484440 1611773303137414260 20000
2147484636 1611773308742588110 20000
2147484744 1611773311831192725 20000
2147483926 1611773288438632612 20000
2147484160 1611773295130467513 20000
2147484171 1611773295445037627 20000
2147484471 1611773304023781537 20000
2147485461 1611773332337037742 20000
2147485576 1611773335626112128 20000
2147485192 1611773324643907024 20000
2147484032 1611773291469906913 20000
2147484530 1611773305711134918 20000
2147485288 1611773327389587094 20000
2147484412 1611773302336809525 20000
2147483845 1611773286120777689 20000
2147485184 1611773324415272856 20000
2147485712 1611773339515478059 20000
2147485591 1611773336054975681 20000
2147484755 1611773312145824706 20000
2147484850 1611773314862989253 20000
2147485426 1611773331335928251 20000
2147483994 1611773290383324482 20000
2147485263 1611773326674577131 20000
2147484428 1611773302794344084 20000
2147485355 1611773329305565279 20000
2147484018 1611773291069641798 20000
2147484484 1611773304395713384 20000
2147484669 1611773309686458806 20000
2147485649 1611773337713762264 20000
2147483880 1611773287122141747 20000
2147484573 1611773306940862751 20000
2147484616 1611773308170521214 20000
2147484571 1611773306883635808 20000
2147484803 1611773313518483634 20000
2147484954 1611773317837530773 20000
2147485389 1611773330277944599 20000
2147484243 1611773297504062489 20000
2147484311 1611773299448289888 20000
2147484455 1611773303566294164 20000
2147483705 1611773282117214415 20000
2147483974 1611773289811077669 20000
2147485448 1611773331965116513 20000
2147484390 1611773301707649581 20000
2147484014 1611773290955197293 20000
2147484363 1611773300935561813 20000
2147485062 1611773320926298540 20000
2147483862 1611773286606780391 20000
2147484051 1611773292013172681 20000
2147484398 1611773301936375924 20000
2147485013 1611773319525069757 20000
2147483651 1611773280572699586 20000
2147484480 1611773304281308290 20000
2147484889 1611773315978288281 20000
2147485589 1611773335997774241 20000
2147485710 1611773339458307319 20000
2147484364 1611773300964165106 20000
2147484670 1611773309715085236 20000
2147485174 1611773324129285348 20000
2147485705 1611773339315274994 20000
2147483720 1611773282546219693 20000
2147484120 1611773293986395752 20000
2147484337 1611773300191989218 20000
2147485704 1611773339286672048 20000
2147483669 1611773281087371483 20000
2147484535 1611773305854139800 20000
2147485687 1611773338800591075 20000
2147484713 1611773310944814968 20000
2147485643 1611773337542198757 20000
2147484958 1611773317951914748 20000
2147484169 1611773295387863470 20000
2147484614 1611773308113299984 20000
2147484778 1611773312803347927 20000
2147484678 1611773309943766433 20000
2147484704 1611773310687371645 20000
2147484872 1611773315492246968 20000
2147485293 1611773327532512480 20000
2147485711 1611773339486900507 20000
2147483894 1611773287523208680 20000
2147483906 1611773287866520310 20000
2147484673 1611773309800834037 20000
2147485306 1611773327904270860 20000
2147483990 1611773290268932092 20000
2147484575 1611773306998045930 20000
2147484769 1611773312546060102 20000
2147485654 1611773337856782058 20000
2147483887 1611773287322598887 20000
2147483961 1611773289439320288 20000
2147483989 1611773290240355341 20000
2147485159 1611773323700311262 20000
2147485619 1611773336855716743 20000
2147483652 1611773280601300189 20000
2147483914 1611773288095322559 20000
2147484546 1611773306168706386 20000
2147485238 1611773325959480113 20000
2147483689 1611773281659545005 20000
2147484450 1611773303423392196 20000
2147484684 1611773310115415359 20000
2147484926 1611773317036878790 20000
2147484562 1611773306626271631 20000
2147484923 1611773316951110031 20000
2147484497 1611773304767594965 20000
2147485604 1611773336426668049 20000
2147485633 1611773337256194904 20000
2147484590 1611773307426970772 20000
2147485042 1611773320354245344 20000
2147485130 1611773322870808137 20000
2147485253 1611773326388615074 20000
2147483746 1611773283289841108 20000
2147483969 1611773289668053853 20000
2147484049 1611773291955975523 20000
2147485027 1611773319925249367 20000
2147484514 1611773305253652925 20000
2147484816 1611773313890267147 20000
2147484993 1611773318952992267 20000
2147483757 1611773283604394064 20000
2147484502 1611773304910508282 20000
2147485224 1611773325559122154 20000
2147485574 1611773335568942287 20000
2147485609 1611773336569759103 20000
2147484021 1611773291155474092 20000
2147484157 1611773295044698017 20000
2147484301 1611773299162221467 20000
2147485419 1611773331135763851 20000
2147484055 1611773292127528159 20000
2147484179 1611773295673986074 20000
2147484898 1611773316235769911 20000
2147484791 1611773313175090912 20000
2147485133 1611773322956623696 20000
2147485484 1611773332994674801 20000
2147485614 1611773336712764003 20000
2147483767 1611773283890345294 20000
2147484827 1611773314205033105 20000
2147485322 1611773328361815547 20000
2147485348 1611773329105392205 20000
2147485678 1611773338543346705 20000
2147484682 1611773310058196788 20000
2147485169 1611773323986307508 20000
2147485207 1611773325072838480 20000
2147484824 1611773314119199413 20000
2147485121 1611773322613488997 20000
2147485457 1611773332222655299 20000
2147484840 1611773314576927651 20000
2147484989 1611773318838566724 20000
2147485036 1611773320182595847 20000
2147483922 1611773288324207551 20000
2147483976 1611773289868275275 20000
2147484809 1611773313690056618 20000
2147484487 1611773304481450433 20000
2147485567 1611773335368712354 20000
2147485616 1611773336769953719 20000
2147485721 1611773339772889257 20000
2147483844 1611773286092183792 20000
2147484061 1611773292299114759 20000
2147484476 1611773304166800856 20000
2147484771 1611773312603240493 20000
2147484984 1611773318695458085 20000
2147485045 1611773320440097241 20000
2147485202 1611773324929908923 20000
2147484437 1611773303051669188 20000
2147484524 1611773305539580413 20000
2147484534 1611773305825510838 20000
2147484153 1611773294930336478 20000
2147484166 1611773295302033914 20000
2147484942 1611773317494343788 20000
2147485089 1611773321698508893 20000
2147485476 1611773332765983604 20000
2147485481 1611773332908883695 20000
2147483781 1611773284290716205 20000
2147484283 1611773298647565000 20000
2147484780 1611773312860545584 20000
2147485627 1611773337084521013 20000
2147484188 1611773295931300673 20000
2147484659 1611773309400471125 20000
2147485433 1611773331536137896 20000
2147483709 1611773282231599021 20000
2147484920 1611773316865248737 20000
2147485652 1611773337799553908 20000
2147484721 1611773311173559094 20000
2147484987 1611773318781293301 20000
2147485032 1611773320068213519 20000
2147485180 1611773324300858817 20000
2147483732 1611773282889479774 20000
2147484319 1611773299677041636 20000
2147484488 1611773304510033394 20000
2147484943 1611773317522946929 20000
2147485004 1611773319267641688 20000
2147485006 1611773319324909151 20000
2147485541 1611773334624800683 20000
2147485556 1611773335053931843 20000
2147483828 1611773285634670097 20000
2147484089 1611773293099715491 20000
2147484931 1611773317179809774 20000
2147484134 1611773294386859723 20000
2147484281 1611773298590343792 20000
2147484378 1611773301364385583 20000
2147484996 1611773319038820231 20000
2147485324 1611773328418980152 20000
2147483752 1611773283461395481 20000
2147483780 1611773284262140983 20000
2147484093 1611773293214258014 20000
2147485411 1611773330906966237 20000
2147485479 1611773332851732663 20000
2147483744 1611773283232645107 20000
2147483877 1611773287035701548 20000
2147484403 1611773302079375680 20000
2147485012 1611773319496424759 20000
2147485310 1611773328018659303 20000
2147485313 1611773328104445175 20000
2147485677 1611773338514671044 20000
2147483819 1611773285377244620 20000
2147484020 1611773291126894218 20000
2147484651 1611773309171709656 20000
2147483707 1611773282174390430 20000
2147484956 1611773317894737788 20000
2147485384 1611773330134988423 20000
2147484871 1611773315463641189 20000
2147484965 1611773318152125601 20000
2147485295 1611773327589672295 20000
2147485069 1611773321126392165 20000
2147485405 1611773330735422128 20000
2147484888 1611773315949673678 20000
2147483764 1611773283804579270 20000
2147483923 1611773288352783346 20000
2147484693 1611773310372810268 20000
2147484634 1611773308685428775 20000
2147485048 1611773320525905214 20000
2147485157 1611773323643080514 20000
2147485212 1611773325215784293 20000
2147484182 1611773295759752969 20000
2147484439 1611773303108838761 20000
2147484595 1611773307569982735 20000
2147483982 1611773290039917121 20000
2147483701 1611773282002878535 20000
2147483750 1611773283404225929 20000
2147483779 1611773284233512219 20000
2147484911 1611773316607577915 20000
2147485093 1611773321812876953 20000
2147483794 1611773284662367133 20000
2147484568 1611773306797882076 20000
2147484569 1611773306826477024 20000
2147485535 1611773334453259629 20000
2147485569 1611773335425881598 20000
2147483730 1611773282832216764 20000
2147484294 1611773298962106854 20000
2147484518 1611773305368046674 20000
2147484162 1611773295187698111 20000
2147484946 1611773317608792358 20000
2147484948 1611773317665985551 20000
2147485689 1611773338857761411 20000
2147483659 1611773280801485075 20000
2147485034 1611773320125418138 20000
2147485527 1611773334224373280 20000
2147484845 1611773314719992093 20000
2147484928 1611773317094031768 20000
2147485477 1611773332794581047 20000
2147484114 1611773293814915860 20000
2147484505 1611773304996243138 20000
2147484641 1611773308885608706 20000
2147484060 1611773292270474536 20000
2147484782 1611773312917738517 20000
2147484831 1611773314319488791 20000
2147483657 1611773280744262605 20000
2147483759 1611773283661545586 20000
2147483847 1611773286177945667 20000
2147484896 1611773316178533200 20000
2147483702 1611773282031456457 20000
2147484133 1611773294358264045 20000
2147484728 1611773311373703667 20000
2147485498 1611773333395101294 20000
2147484006 1611773290726458930 20000
2147484370 1611773301135706809 20000
2147484781 1611773312889122509 20000
2147484408 1611773302222417235 20000
2147484527 1611773305625360762 20000
2147484837 1611773314491105175 20000
2147485178 1611773324243709993 20000
2147483654 1611773280658491476 20000
2147484015 1611773290983774580 20000
2147484033 1611773291498500436 20000
2147485551 1611773334910971028 20000
2147484493 1611773304653157973 20000
2147485160 1611773323728922072 20000
2147485232 1611773325787869442 20000
2147484632 1611773308628202970 20000
2147484863 1611773315234782188 20000
2147485394 1611773330420885490 20000
2147485719 1611773339715699435 20000
2147484203 1611773296360128560 20000
2147485414 1611773330992726076 20000
2147485494 1611773333280683326 20000
2147485582 1611773335797671947 20000
2147483917 1611773288181091142 20000
2147484156 1611773295016079755 20000
2147484555 1611773306426109405 20000
2147483865 1611773286692536902 20000
2147485191 1611773324615328382 20000
2147484907 1611773316493169653 20000
2147484291 1611773298876322148 20000
2147484962 1611773318066290047 20000
2147483824 1611773285520244925 20000
2147484726 1611773311316547626 20000
2147484823 1611773314090554395 20000
2147483650 1611773280544105186 20000
2147484812 1611773313775894721 20000
2147484979 1611773318552495073 20000
2147485115 1611773322441956131 20000
2147485242 1611773326073962573 20000
2147483777 1611773284176348502 20000
2147484046 1611773291870186961 20000
2147484934 1611773317265599225 20000
2147485688 1611773338829170531 20000
2147483939 1611773288810288767 20000
2147484026 1611773291298414344 20000
2147485545 1611773334739204932 20000
2147484441 1611773303165987779 20000
2147485119 1611773322556314519 20000
2147485412 1611773330935564736 20000
2147483904 1611773287809299845 20000
2147484192 1611773296045651396 20000
2147484297 1611773299047850584 20000
2147485444 1611773331850805126 20000
2147483683 1611773281487921352 20000
2147484836 1611773314462476048 20000
2147485140 1611773323156821430 20000
2147485297 1611773327646853005 20000
2147484019 1611773291098219462 20000
2147484604 1611773307827272503 20000
2147484790 1611773313146495650 20000
2147484810 1611773313718633048 20000
2147485334 1611773328704935546 20000
2147485628 1611773337113130264 20000
2147484069 1611773292527861257 20000
2147484642 1611773308914192023 20000
2147484671 1611773309743660879 20000
2147483934 1611773288667316353 20000
2147484570 1611773306855056363 20000
2147485085 1611773321584019758 20000
2147483842 1611773286035015822 20000
2147484142 1611773294615566651 20000
2147484473 1611773304080997523 20000
2147484321 1611773299734273871 20000
2147485234 1611773325845101225 20000
2147485664 1611773338142830547 20000
2147485134 1611773322985199557 20000
2147483775 1611773284119155523 20000
2147484784 1611773312974934411 20000
2147484158 1611773295073275059 20000
2147484757 1611773312203011620 20000
2147484808 1611773313661420273 20000
2147485177 1611773324215128716 20000
2147485237 1611773325930884634 20000
2147483797 1611773284748179132 20000
2147483812 1611773285177146268 20000
2147484012 1611773290898034086 20000
2147483857 1611773286463854307 20000
2147485065 1611773321012072298 20000
2147485336 1611773328762083347 20000
2147484626 1611773308456552701 20000
2147485156 1611773323614500387 20000
2147485284 1611773327275200180 20000
2147485443 1611773331822186252 20000
2147483708 1611773282203023135 20000
2147484039 1611773291670051428 20000
2147484139 1611773294529777965 20000
2147485408 1611773330821191359 20000
2147483724 1611773282660571105 20000
2147484229 1611773297103634077 20000
2147484290 1611773298847732970 20000
2147485105 1611773322155955830 20000
2147483789 1611773284519412460 20000
2147483954 1611773289239256889 20000
2147484064 1611773292384859875 20000
2147484900 1611773316293018724 20000
2147484286 1611773298733375919 20000
2147484565 1611773306712104308 20000
2147484683 1611773310086813403 20000
2147484750 1611773312002806268 20000
2147484852 1611773314920178183 20000
2147485661 1611773338056961619 20000
2147483868 1611773286778287162 20000
2147483927 1611773288467210376 20000
2147484668 1611773309657835129 20000
2147485506 1611773333623941180 20000
2147485593 1611773336112164325 20000
2147483811 1611773285148507954 20000
2147483818 1611773285348652122 20000
2147484175 1611773295559567214 20000
2147484204 1611773296388704445 20000
2147484318 1611773299648455270 20000
2147485325 1611773328447558468 20000
2147485464 1611773332422798347 20000
2147484298 1611773299076434612 20000
2147484599 1611773307684322265 20000
2147484877 1611773315635120685 20000
2147484040 1611773291698638380 20000
2147484181 1611773295731170079 20000
2147484413 1611773302365450451 20000
2147484448 1611773303366214636 20000
2147484506 1611773305024850791 20000
2147483763 1611773283775976214 20000
2147483921 1611773288295537963 20000
2147483958 1611773289353578399 20000
2147485658 1611773337971188253 20000
2147485672 1611773338371695885 20000
2147485247 1611773326217037025 20000
2147485557 1611773335082527143 20000
2147485617 1611773336798528118 20000
2147485584 1611773335854861077 20000
2147484952 1611773317780379193 20000
2147485038 1611773320239850270 20000
2147485372 1611773329791785371 20000
2147483749 1611773283375610385 20000
2147485145 1611773323299997082 20000
2147483723 1611773282631983796 20000
2147484434 1611773302965816998 20000
2147484680 1611773310001036367 20000
2147485052 1611773320640253210 20000
2147484304 1611773299247951296 20000
2147484644 1611773308971414035 20000
2147484705 1611773310716002382 20000
2147485097 1611773321927215304 20000
2147483698 1611773281917111019 20000
2147484373 1611773301221467721 20000
2147484459 1611773303680598737 20000
2147485139 1611773323128211062 20000
2147485214 1611773325272989642 20000
2147485488 1611773333109120884 20000
2147485597 1611773336226583777 20000
2147483798 1611773284776757122 20000
2147484346 1611773300449333339 20000
2147484432 1611773302908664293 20000
2147484140 1611773294558372707 20000
2147484556 1611773306454691573 20000
2147485346 1611773329048179283 20000
2147484137 1611773294472605306 20000
2147484266 1611773298161528122 20000
2147485102 1611773322070198841 20000
2147484813 1611773313804476763 20000
2147485438 1611773331679122854 20000
2147484348 1611773300506562980 20000
2147484804 1611773313547065862 20000
2147485651 1611773337770919356 20000
2147484698 1611773310515772429 20000
2147484717 1611773311059195370 20000
2147485289 1611773327418162506 20000
2147484802 1611773313489811442 20000
2147485103 1611773322098777940 20000
2147485387 1611773330220790931 20000
2147484209 1611773296531644876 20000
2147484633 1611773308656818788 20000
2147484681 1611773310029621722 20000
2147483861 1611773286578198557 20000
2147485129 1611773322842176383 20000
2147485709 1611773339429604211 20000
2147484246 1611773297589837685 20000
2147484908 1611773316521760856 20000
2147485632 1611773337227608466 20000
2147483751 1611773283432802316 20000
2147484124 1611773294100793151 20000
2147484126 1611773294157977951 20000
2147485149 1611773323414362859 20000
2147485343 1611773328962293752 20000
2147484252 1611773297761316913 20000
2147484282 1611773298618928824 20000
2147485278 1611773327103613777 20000
2147485495 1611773333309273326 20000
2147483668 1611773281058794540 20000
2147483831 1611773285720452448 20000
2147483882 1611773287179347501 20000
2147485560 1611773335168371576 20000
2147484551 1611773306311756341 20000
2147484890 1611773316006867544 20000
2147484992 1611773318924412215 20000
2147485612 1611773336655577315 20000
2147483873 1611773286921344978 20000
2147484284 1611773298676202095 20000
2147485125 1611773322727844080 20000
2147484742 1611773311773986767 20000
2147484854 1611773314977372397 20000
2147485198 1611773324815546748 20000
2147483736 1611773283003792864 20000
2147483849 1611773286235110364 20000
2147484605 1611773307855853664 20000
2147484247 1611773297618416912 20000
2147484895 1611773316149949215 20000
2147485165 1611773323871974084 20000
2147483704 1611773282088625538 20000
2147483725 1611773282689178582 20000
2147483852 1611773286320894095 20000
2147483920 1611773288266957978 20000
2147485040 1611773320297070362 20000
2147485693 1611773338972190317 20000
2147485299 1611773327704066214 20000
2147484210 1611773296560256052 20000
2147485150 1611773323442937788 20000
2147484013 1611773290926620261 20000
2147484372 1611773301192888836 20000
2147485459 1611773332279874956 20000
2147485262 1611773326645989006 20000
2147485507 1611773333652542975 20000
2147485525 1611773334167158185 20000
2147483972 1611773289753883413 20000
2147484835 1611773314433823752 20000
2147485110 1611773322298939058 20000
2147485280 1611773327160803838 20000
2147485339 1611773328847875837 20000
2147483703 1611773282060049188 20000
2147484867 1611773315349220230 20000
2147485176 1611773324186500501 20000
2147484789 1611773313117908502 20000
2147483980 1611773289982691272 20000
2147484702 1611773310630174695 20000
2147485309 1611773327990044590 20000
2147485345 1611773329019573969 20000
2147485379 1611773329992038879 20000
2147484268 1611773298218703132 20000
2147484738 1611773311659580809 20000
2147484997 1611773319067409767 20000
2147484416 1611773302451219738 20000
2147485575 1611773335597534789 20000
2147485675 1611773338457506217 20000
2147485171 1611773324043537402 20000
2147485682 1611773338657678992 20000
2147484078 1611773292785154589 20000
2147484623 1611773308370598712 20000
2147485063 1611773320954890975 20000
