2147484026 1611763964086040094 20000
2147484944 1611763996803553257 20000
2147485086 1611764002247742989 20000
2147485413 1611764013491725335 20000
2147485598 1611764019593750268 20000
2147483693 1611763952226373036 20000
2147483929 1611763959903873089 20000
2147484555 1611763982059252069 20000
2147484906 1611763995395705462 20000
2147485044 1611764000755653111 20000
2147485548 1611764017908322236 20000
2147483779 1611763954891851714 20000
2147484003 1611763962967925356 20000
2147484216 1611763970771246347 20000
2147484542 1611763981636178486 20000
2147484763 1611763989631422989 20000
2147484954 1611763997103892627 20000
2147484984 1611763998310953447 20000
2147485454 1611764014979848941 20000
2147483799 1611763955511715395 20000
2147484982 1611763998206804022 20000
2147485295 1611764009706291395 20000
2147485674 1611764021885053236 20000
2147484256 1611763972035754548 20000
2147484999 1611763998868123093 20000
2147485272 1611764009069052210 20000
2147485482 1611764016030391613 20000
2147485313 1611764010259150001 20000
2147484178 1611763969466454705 20000
2147484444 1611763978385353337 20000
2147484549 1611763981832539073 20000
2147485121 1611764003249226426 20000
2147485278 1611764009190047578 20000
2147484412 1611763977288220166 20000
2147485511 1611764016917170116 20000
2147485204 1611764006718663893 20000
2147485309 1611764010159184734 20000
2147485349 1611764011304334138 20000
2147485449 1611764014738420401 20000
2147485545 1611764017810620244 20000
2147485488 1611764016285209063 20000
2147484338 1611763974681511011 20000
2147484586 1611763983302616163 20000
2147484915 1611763995767534287 20000
2147484977 1611763998063159806 20000
2147485181 1611764005578750806 20000
2147483813 1611763955899832406 20000
2147484340 1611763974783529222 20000
2147484673 1611763986290360303 20000
2147485036 1611764000378173796 20000
2147484296 1611763973373687693 20000
2147484395 1611763976731077718 20000
2147483920 1611763959604055412 20000
2147484062 1611763965520177400 20000
2147484067 1611763965686033974 20000
2147484726 1611763988262287665 20000
2147484784 1611763990356268095 20000
2147485187 1611764005873987519 20000
2147485524 1611764017233225195 20000
2147483658 1611763951228234878 20000
2147484005 1611763963036606131 20000
2147484241 1611763971603744905 20000
2147484465 1611763979012134176 20000
2147484719 1611763988008794809 20000
2147484861 1611763993730829416 20000
2147484945 1611763996803553257 20000
2147485120 1611764003239516787 20000
2147483881 1611763957767387177 20000
2147483926 1611763959799673941 20000
2147484961 1611763997365768895 20000
2147485542 1611764017747918185 20000
2147485687 1611764022295170773 20000
2147483820 1611763956039725233 20000
2147485141 1611764003823734279 20000
2147485233 1611764007845851635 20000
2147484619 1611763984325344578 20000
2147485350 1611764011347657011 20000
2147485395 1611764012958171826 20000
2147483687 1611763952115036099 20000
2147484493 1611763979951940060 20000
2147484710 1611763987645668716 20000
2147484850 1611763993273460319 20000
2147484535 1611763981419148758 20000
2147485310 1611764010159184734 20000
2147485317 1611764010375582577 20000
2147483876 1611763957561174080 20000
2147484138 1611763968004913479 20000
2147484144 1611763968216457897 20000
2147484273 1611763972655125071 20000
2147484458 1611763978805732739 20000
2147484704 1611763987448109280 20000
2147484859 1611763993675086347 20000
2147485428 1611764014009630019 20000
2147484234 1611763971394101379 20000
2147485026 1611764000010300683 20000
2147485119 1611764003197462197 20000
2147483724 1611763953193151114 20000
2147483875 1611763957513358726 20000
2147484264 1611763972330689213 20000
2147484579 1611763982921021862 20000
2147484816 1611763991597374833 20000
2147483856 1611763956931455082 20000
2147484201 1611763970198708133 20000
2147484248 1611763971822289912 20000
2147485406 1611764013271152522 20000
2147485546 1611764017823771651 20000
2147483718 1611763953009546483 20000
2147484164 1611763968901729483 20000
2147484839 1611763992688470415 20000
2147485520 1611764017159012817 20000
2147485368 1611764011892618212 20000
2147485699 1611764022670072637 20000
2147483907 1611763959070046003 20000
2147484575 1611763982772910558 20000
2147485154 1611764004383228706 20000
2147485455 1611764015029329317 20000
2147485734 1611764024134880630 20000
2147484569 1611763982502045988 20000
2147484578 1611763982919440475 20000
2147484809 1611763991335522341 20000
2147484955 1611763997113436247 20000
2147485083 1611764002141612459 20000
2147483842 1611763956487045585 20000
2147484849 1611763993255373752 20000
2147485010 1611763999284348966 20000
2147485510 1611764016907074672 20000
2147484084 1611763966311944885 20000
2147485385 1611764012685570289 20000
2147485471 1611764015661610184 20000
2147485669 1611764021769176794 20000
2147483746 1611763953924794610 20000
2147483956 1611763960890132134 20000
2147484176 1611763969360352597 20000
2147485031 1611764000239210417 20000
2147485098 1611764002623731113 20000
2147484083 1611763966303154990 20000
2147484520 1611763980941078233 20000
2147484631 1611763984844813648 20000
2147485156 1611764004488731577 20000
2147485713 1611764023199454860 20000
2147484998 1611763998820661155 20000
2147483868 1611763957322020999 20000
2147484120 1611763967485274175 20000
2147485636 1611764020779609193 20000
2147484963 1611763997427337353 20000
2147484973 1611763997783664342 20000
2147485720 1611764023547741717 20000
2147483685 1611763951997089664 20000
2147484024 1611763964016624478 20000
2147484049 1611763964999759570 20000
2147484366 1611763975900043207 20000
2147484903 1611763995240139843 20000
2147483734 1611763953543975738 20000
2147483919 1611763959595508534 20000
2147485132 1611764003561192679 20000
2147485504 1611764016756450332 20000
2147485741 1611764024436198557 20000
2147485244 1611764008166849811 20000
2147485723 1611764023705781879 20000
2147484012 1611763963490127676 20000
2147484081 1611763966248888430 20000
2147484644 1611763985302821745 20000
2147484674 1611763986294178104 20000
2147485152 1611764004295690823 20000
2147483694 1611763952254888912 20000
2147484199 1611763970053659533 20000
2147484236 1611763971407446914 20000
2147485067 1611764001540368284 20000
2147485095 1611764002522977581 20000
2147484882 1611763994407830311 20000
2147483691 1611763952168931761 20000
2147483887 1611763958106225848 20000
2147483923 1611763959693261955 20000
2147484113 1611763967194863235 20000
2147484358 1611763975689878010 20000
2147483786 1611763955122856587 20000
2147485360 1611764011701586207 20000
2147485351 1611764011357392299 20000
2147485403 1611764013209314736 20000
2147485726 1611764023855542531 20000
2147483717 1611763952929831166 20000
2147484056 1611763965262596388 20000
2147484200 1611763970098053343 20000
2147485122 1611764003348388499 20000
2147485308 1611764010159184734 20000
2147484560 1611763982147158062 20000
2147484583 1611763983176190548 20000
2147484741 1611763988750353838 20000
2147484797 1611763990825528971 20000
2147485082 1611764002100211755 20000
2147483841 1611763956458476728 20000
2147484678 1611763986499062369 20000
2147484783 1611763990347298296 20000
2147484813 1611763991450349307 20000
2147485343 1611764011067176471 20000
2147484196 1611763969950453368 20000
2147484291 1611763973220583952 20000
2147485312 1611764010218243832 20000
2147485710 1611764023075993805 20000
2147484698 1611763987178188378 20000
2147485193 1611764006152768873 20000
2147485281 1611764009289960685 20000
2147485372 1611764012221539330 20000
2147485611 1611764020042080232 20000
2147485733 1611764024115839862 20000
2147483735 1611763953564809140 20000
2147485004 1611763999026023683 20000
2147485125 1611764003396108607 20000
2147485237 1611764007920403733 20000
2147485689 1611764022300332884 20000
2147483791 1611763955281681287 20000
2147484929 1611763996325276295 20000
2147485370 1611764012120525148 20000
2147483800 1611763955542283958 20000
2147483952 1611763960689472136 20000
2147484253 1611763971967928400 20000
2147484761 1611763989573520215 20000
2147485222 1611764007500839238 20000
2147484140 1611763968108074835 20000
2147484527 1611763981153919294 20000
2147484625 1611763984527770359 20000
2147485439 1611764014364482242 20000
2147485602 1611764019731618407 20000
2147484035 1611763964431837627 20000
2147484830 1611763992220117712 20000
2147484263 1611763972284701364 20000
2147485081 1611764002053878471 20000
2147485148 1611764004081945784 20000
2147485622 1611764020369861406 20000
2147485697 1611764022551430083 20000
2147484308 1611763973642453313 20000
2147484389 1611763976560970687 20000
2147484652 1611763985623785387 20000
2147485325 1611764010630503206 20000
2147485442 1611764014470533384 20000
2147485714 1611764023238887757 20000
2147484565 1611763982314863485 20000
2147484572 1611763982606029884 20000
2147484593 1611763983600542816 20000
2147484848 1611763993221051177 20000
2147484891 1611763994673697298 20000
2147484019 1611763963803000612 20000
2147484720 1611763988055739380 20000
2147485175 1611764005329396756 20000
2147485216 1611764007288997976 20000
2147485409 1611764013373335634 20000
2147483846 1611763956634474989 20000
2147483728 1611763953348517226 20000
2147483903 1611763958916614421 20000
2147484191 1611763969792601245 20000
2147484500 1611763980264451918 20000
2147485486 1611764016187016562 20000
2147484972 1611763997737789408 20000
2147485288 1611764009501459759 20000
2147485376 1611764012377045895 20000
2147483912 1611763959241852539 20000
2147484204 1611763970261886327 20000
2147484295 1611763973373687693 20000
2147484728 1611763988274805606 20000
2147484826 1611763992028234032 20000
2147485526 1611764017287364168 20000
2147484638 1611763985045832888 20000
2147485708 1611764023054000577 20000
2147485427 1611764014009630019 20000
2147483715 1611763952900096940 20000
2147483950 1611763960630758261 20000
2147484131 1611763967764500908 20000
2147484233 1611763971394101379 20000
2147484289 1611763973168841142 20000
2147483756 1611763954238022091 20000
2147485009 1611763999196490179 20000
2147485448 1611764014717565865 20000
2147485716 1611764023385696720 20000
2147483860 1611763957017943691 20000
2147484010 1611763963347818720 20000
2147484097 1611763966769571309 20000
2147484860 1611763993722032892 20000
2147485013 1611763999381008880 20000
2147484197 1611763970053659533 20000
2147484699 1611763987227524671 20000
2147484815 1611763991594849565 20000
2147485022 1611763999799285291 20000
2147484095 1611763966626272736 20000
2147484934 1611763996441869776 20000
2147485588 1611764019312592547 20000
2147484446 1611763978390426612 20000
2147484834 1611763992529721817 20000
2147485100 1611764002679887663 20000
2147485188 1611764005885961449 20000
2147485289 1611764009532938855 20000
2147485552 1611764018022701298 20000
2147485592 1611764019384903464 20000
2147483989 1611763962299681966 20000
2147484031 1611763964277149294 20000
2147484554 1611763981956706484 20000
2147485019 1611763999653387774 20000
2147485186 1611764005784557838 20000
2147483677 1611763951768276977 20000
2147483928 1611763959856376353 20000
2147484072 1611763965888720280 20000
2147484230 1611763971241228967 20000
2147485124 1611764003396108607 20000
2147483930 1611763959951723674 20000
2147484018 1611763963774100825 20000
2147484211 1611763970560972824 20000
2147484799 1611763990924939786 20000
2147485479 1611764015925751920 20000
2147484033 1611763964374746086 20000
2147485253 1611764008434314311 20000
2147485671 1611764021822109154 20000
2147485676 1611764021937435939 20000
2147484869 1611763994040796350 20000
2147484901 1611763995184817496 20000
2147485240 1611764008056002958 20000
2147484142 1611763968129329914 20000
2147484242 1611763971612640258 20000
2147484561 1611763982192813690 20000
2147484633 1611763984890155747 20000
2147484756 1611763989360801882 20000
2147484165 1611763968996268246 20000
2147484689 1611763986817841460 20000
2147485721 1611764023600637318 20000
2147483849 1611763956687922929 20000
2147484001 1611763962823883924 20000
2147484504 1611763980421038425 20000
2147485034 1611764000278632657 20000
2147483896 1611763958645264861 20000
2147483938 1611763960169213558 20000
2147484152 1611763968492636974 20000
2147484393 1611763976632348563 20000
2147484530 1611763981304043610 20000
2147485458 1611764015187330052 20000
2147485490 1611764016343738565 20000
2147483648 1611763949969359917 20000
2147484155 1611763968597302633 20000
2147484209 1611763970519900291 20000
2147484439 1611763978180642301 20000
2147484600 1611763983819601407 20000
2147485221 1611764007454222303 20000
2147485737 1611764024273077679 20000
2147483958 1611763960900436026 20000
2147484461 1611763978905619835 20000
2147484754 1611763989309291167 20000
2147484782 1611763990300650212 20000
2147484985 1611763998358737972 20000
2147483681 1611763951882920938 20000
2147483959 1611763961046739455 20000
2147484311 1611763973739048082 20000
2147484663 1611763985930002782 20000
2147485484 1611764016127147805 20000
2147483671 1611763951596546940 20000
2147483701 1611763952486966470 20000
2147484168 1611763969056569171 20000
2147485114 1611764003080817700 20000
2147483732 1611763953481061789 20000
2147484000 1611763962759374227 20000
2147484837 1611763992633346384 20000
2147485457 1611764015088866791 20000
2147484309 1611763973739048082 20000
2147484533 1611763981361908026 20000
2147484259 1611763972189061057 20000
2147484486 1611763979688403567 20000
2147484627 1611763984627495250 20000
2147484942 1611763996755680203 20000
2147485467 1611764015502081897 20000
2147485615 1611764020157265328 20000
2147485337 1611764010931157290 20000
2147485366 1611764011817874073 20000
2147483727 1611763953302806947 20000
2147483782 1611763955038466597 20000
2147484162 1611763968844778470 20000
2147484536 1611763981466050755 20000
2147485111 1611764002982893552 20000
2147485301 1611764009941675079 20000
2147485332 1611764010793494356 20000
2147485495 1611764016502580653 20000
2147483672 1611763951625306297 20000
2147484183 1611763969573387619 20000
2147485116 1611764003133867111 20000
2147485399 1611764013061571476 20000
2147484639 1611763985143990758 20000
2147485055 1611764001159749831 20000
2147485732 1611764024082394625 20000
2147483759 1611763954341432202 20000
2147483857 1611763956931455082 20000
2147484078 1611763966144652005 20000
2147484261 1611763972228726350 20000
2147484399 1611763976823167102 20000
2147484617 1611763984325344578 20000
2147484819 1611763991709786590 20000
2147485205 1611764006771683838 20000
2147485323 1611764010594921293 20000
2147484096 1611763966672020556 20000
2147484121 1611763967485274175 20000
2147484231 1611763971250413558 20000
2147484345 1611763975261519937 20000
2147484497 1611763980154322096 20000
2147485411 1611764013478698268 20000
2147485718 1611764023510242755 20000
2147485722 1611764023653940914 20000
2147483951 1611763960649850637 20000
2147484246 1611763971720856036 20000
2147484821 1611763991812860525 20000
2147484926 1611763996222927641 20000
2147485402 1611764013209314736 20000
2147485493 1611764016446879758 20000
2147485494 1611764016492454127 20000
2147483977 1611763961681194304 20000
2147484064 1611763965634270389 20000
2147484757 1611763989371144380 20000
2147484823 1611763991910887542 20000
2147485384 1611764012685570289 20000
2147483792 1611763955308535037 20000
2147484597 1611763983751116430 20000
2147485648 1611764021138062890 20000
2147484277 1611763972802314841 20000
2147484515 1611763980783160491 20000
2147484727 1611763988265915228 20000
2147484867 1611763993929597701 20000
2147485503 1611764016714472853 20000
2147485601 1611764019688460072 20000
2147485637 1611764020788488636 20000
2147485680 1611764022044917656 20000
2147483769 1611763954621708059 20000
2147484305 1611763973583088569 20000
2147484684 1611763986613431412 20000
2147485336 1611764010904339180 20000
2147485469 1611764015560219552 20000
2147484876 1611763994193784971 20000
2147485110 1611764002973863127 20000
2147483650 1611763950996238843 20000
2147483696 1611763952311975814 20000
2147484082 1611763966257704643 20000
2147484650 1611763985511076896 20000
2147485518 1611764017159012817 20000
2147483871 1611763957356602468 20000
2147483897 1611763958655499393 20000
2147484641 1611763985153346687 20000
2147484775 1611763990050518320 20000
2147485478 1611764015917600466 20000
2147483943 1611763960329014623 20000
2147485553 1611764018068036368 20000
2147485159 1611764004706658386 20000
2147485254 1611764008480887859 20000
2147485480 1611764015973875479 20000
2147485661 1611764021512025786 20000
2147483838 1611763956430513134 20000
2147484007 1611763963188285082 20000
2147484156 1611763968638064147 20000
2147484448 1611763978448105608 20000
2147485583 1611764019054314787 20000
2147484519 1611763980894820817 20000
2147485174 1611764005311551472 20000
2147483963 1611763961107306350 20000
2147484128 1611763967663754894 20000
2147484602 1611763983897821337 20000
2147485060 1611764001322877677 20000
2147485485 1611764016137265435 20000
2147484608 1611763984052785954 20000
2147485509 1611764016867288828 20000
2147483936 1611763960159505287 20000
2147484027 1611763964218432262 20000
2147484857 1611763993576864356 20000
2147485097 1611764002607811327 20000
2147484474 1611763979320466192 20000
2147484002 1611763962864790313 20000
2147484014 1611763963553744091 20000
2147484468 1611763979072516371 20000
2147485241 1611764008064257385 20000
2147484015 1611763963604075007 20000
2147484832 1611763992322587439 20000
2147484900 1611763995083116548 20000
2147484987 1611763998455645136 20000
2147485645 1611764021038406469 20000
2147483974 1611763961567707873 20000
2147484414 1611763977296727611 20000
2147485130 1611764003503400386 20000
2147484333 1611763974470154840 20000
2147485191 1611764006003704352 20000
2147483942 1611763960327066436 20000
2147484405 1611763976995229593 20000
2147485466 1611764015498601544 20000
2147485579 1611764018945549050 20000
2147485440 1611764014455404172 20000
2147485643 1611764020983006679 20000
2147485688 1611764022300332884 20000
2147484167 1611763969011237316 20000
2147484244 1611763971667218494 20000
2147484425 1611763977708097264 20000
2147485352 1611764011456922506 20000
2147485438 1611764014362188100 20000
2147485202 1611764006627642024 20000
2147485506 1611764016806809546 20000
2147485739 1611764024425343253 20000
2147484101 1611763966828166324 20000
2147484139 1611763968022216867 20000
2147484219 1611763970876420233 20000
2147484440 1611763978226872713 20000
2147485039 1611764000485874318 20000
2147484119 1611763967383234670 20000
2147484220 1611763970896975346 20000
2147485355 1611764011546767805 20000
2147484060 1611763965424926695 20000
2147484956 1611763997133665012 20000
2147484959 1611763997228032671 20000
2147485719 1611764023542910966 20000
2147484563 1611763982268805883 20000
2147484760 1611763989523973446 20000
2147485088 1611764002309699460 20000
2147485587 1611764019210642405 20000
2147485679 1611764022044917656 20000
2147483716 1611763952900096940 20000
2147483764 1611763954481909919 20000
2147484978 1611763998063159806 20000
2147485397 1611764013010254306 20000
2147483784 1611763955066994059 20000
2147483827 1611763956190062945 20000
2147484179 1611763969466454705 20000
2147484198 1611763970053659533 20000
2147484276 1611763972753749094 20000
2147484238 1611763971501266162 20000
2147484250 1611763971916166079 20000
2147484598 1611763983759781880 20000
2147483684 1611763951968404889 20000
2147483948 1611763960530143863 20000
2147484361 1611763975787524518 20000
2147485515 1611764017064938147 20000
2147485597 1611764019578202270 20000
2147483814 1611763955909886474 20000
2147483895 1611763958593679735 20000
2147484539 1611763981569288293 20000
2147485392 1611764012869446830 20000
2147484192 1611763969839953349 20000
2147484553 1611763981956706484 20000
2147485257 1611764008596183354 20000
2147485569 1611764018631875802 20000
2147484482 1611763979531696979 20000
2147485263 1611764008754781192 20000
2147485624 1611764020424251307 20000
2147483742 1611763953768568260 20000
2147484271 1611763972545884525 20000
2147484006 1611763963136950217 20000
2147484023 1611763963968587923 20000
2147484355 1611763975626209656 20000
2147485311 1611764010216050899 20000
2147483905 1611763959014148047 20000
2147483973 1611763961567707873 20000
2147484454 1611763978655621921 20000
2147485644 1611764020992083770 20000
2147483770 1611763954651851676 20000
2147483901 1611763958857001684 20000
2147484864 1611763993831763441 20000
2147484410 1611763977152759796 20000
2147484589 1611763983443456427 20000
2147485516 1611764017064938147 20000
2147485642 1611764020937564299 20000
2147483678 1611763951796733230 20000
2147483873 1611763957451567826 20000
2147485314 1611764010284532418 20000
2147483669 1611763951540068501 20000
2147484224 1611763971081189253 20000
2147485048 1611764000864401070 20000
2147485487 1611764016236758034 20000
2147485618 1611764020260928299 20000
2147485353 1611764011460250583 20000
2147483869 1611763957322020999 20000
2147484046 1611763964845448591 20000
2147484424 1611763977663125907 20000
2147484778 1611763990147553674 20000
2147484946 1611763996843493394 20000
2147484166 1611763968996268246 20000
2147484521 1611763980950602480 20000
2147484938 1611763996586567930 20000
2147485160 1611764004714358362 20000
2147485305 1611764010003786398 20000
2147483816 1611763955959506242 20000
2147483898 1611763958706780214 20000
2147484281 1611763972915388048 20000
2147484840 1611763992742784065 20000
2147485052 1611764001021333816 20000
2147485043 1611764000653636094 20000
2147483692 1611763952197762929 20000
2147483695 1611763952283510406 20000
2147483818 1611763956008063146 20000
2147484331 1611763974371266066 20000
2147484780 1611763990243704567 20000
2147483939 1611763960216324005 20000
2147484099 1611763966772064394 20000
2147485459 1611764015187330052 20000
2147484085 1611763966357187641 20000
2147484911 1611763995604837078 20000
2147485285 1611764009421457139 20000
2147484368 1611763976004783518 20000
2147484919 1611763995923259531 20000
2147485107 1611764002876034735 20000
2147484004 1611763962981722755 20000
2147484245 1611763971711530669 20000
2147484472 1611763979216570892 20000
2147485238 1611764007964278829 20000
2147485401 1611764013209314736 20000
2147484105 1611763966940040722 20000
2147484266 1611763972388473616 20000
2147484551 1611763981931903002 20000
2147485388 1611764012748129051 20000
2147483704 1611763952540887416 20000
2147483864 1611763957189900057 20000
2147484394 1611763976731077718 20000
2147484630 1611763984734735032 20000
2147484868 1611763994006615858 20000
2147483673 1611763951653873468 20000
2147484322 1611763974064222105 20000
2147483957 1611763960891748776 20000
2147484411 1611763977189138525 20000
2147484692 1611763986925645420 20000
2147484997 1611763998779330901 20000
2147483657 1611763951228234878 20000
2147485104 1611764002815348750 20000
2147485418 1611764013679278158 20000
2147485670 1611764021779249121 20000
2147483915 1611763959382073606 20000
2147484059 1611763965375089249 20000
2147484042 1611763964690112043 20000
2147485108 1611764002970606408 20000
2147485173 1611764005262565564 20000
2147485229 1611764007707180847 20000
2147483763 1611763954464216295 20000
2147484327 1611763974215827015 20000
2147484365 1611763975891745812 20000
2147484401 1611763976877054367 20000
2147484810 1611763991340567128 20000
2147483867 1611763957270532770 20000
2147484660 1611763985871936619 20000
2147484872 1611763994058176719 20000
2147485185 1611764005734885278 20000
2147485246 1611764008222312990 20000
2147483739 1611763953684903802 20000
2147483853 1611763956801515568 20000
2147484071 1611763965844076490 20000
2147484177 1611763969369744380 20000
2147484811 1611763991391417180 20000
2147485607 1611764019889027922 20000
2147483744 1611763953823466233 20000
2147483815 1611763955934221564 20000
2147484487 1611763979738355396 20000
2147485318 1611764010411747114 20000
2147485333 1611764010829517436 20000
2147484320 1611763973962136576 20000
2147485023 1611763999812505111 20000
2147485002 1611763998970790910 20000
2147485387 1611764012712211256 20000
2147485533 1611764017486956898 20000
2147483819 1611763956030913756 20000
2147484017 1611763963701368722 20000
2147484232 1611763971296319058 20000
2147484827 1611763992067612324 20000
2147484976 1611763997951476932 20000
2147485744 1611764024584799463 20000
2147483712 1611763952784014043 20000
2147483925 1611763959750271243 20000
2147484114 1611763967241186696 20000
2147484737 1611763988681489354 20000
2147484914 1611763995752963234 20000
2147484897 1611763994990352375 20000
2147484995 1611763998779330901 20000
2147485078 1611764001959186061 20000
2147485555 1611764018124127579 20000
2147484107 1611763967029589139 20000
2147484526 1611763981107970911 20000
2147484943 1611763996759215239 20000
2147485264 1611764008800462282 20000
2147484103 1611763966884281607 20000
2147484229 1611763971194561010 20000
2147484292 1611763973229469936 20000
2147484523 1611763981095471221 20000
2147485450 1611764014872120771 20000
2147483670 1611763951567885604 20000
2147484404 1611763976995229593 20000
2147484670 1611763986147492813 20000
2147485297 1611764009763344388 20000
2147484691 1611763986924638624 20000
2147485061 1611764001370019721 20000
2147483843 1611763956516087912 20000
2147484642 1611763985203527491 20000
2147485431 1611764014105156932 20000
2147484538 1611763981522724597 20000
2147485096 1611764002564300911 20000
2147485335 1611764010882140836 20000
2147485436 1611764014263698109 20000
2147483679 1611763951825435899 20000
2147485512 1611764016925964744 20000
2147484110 1611763967134626634 20000
2147484422 1611763977607512338 20000
2147484844 1611763992994947526 20000
2147485543 1611764017747918185 20000
2147484622 1611763984482749217 20000
2147485085 1611764002206782565 20000
2147485562 1611764018328269070 20000
2147485623 1611764020415183078 20000
2147483785 1611763955090786186 20000
2147484604 1611763983949847240 20000
2147485582 1611764019004156193 20000
2147484485 1611763979646644495 20000
2147484883 1611763994417507630 20000
2147484908 1611763995460024256 20000
2147484190 1611763969784162478 20000
2147484541 1611763981622623886 20000
2147485054 1611764001159749831 20000
2147485045 1611764000759949017 20000
2147483778 1611763954863530190 20000
2147483790 1611763955249553231 20000
2147484172 1611763969209839520 20000
2147484573 1611763982667435996 20000
2147485041 1611764000585307197 20000
2147483683 1611763951941537799 20000
2147485381 1611764012536318700 20000
2147485423 1611764013846429483 20000
2147485576 1611764018840312912 20000
2147485549 1611764017927633548 20000
2147483762 1611763954428022955 20000
2147483847 1611763956634474989 20000
2147483961 1611763961047177676 20000
2147485079 1611764001959186061 20000
2147485375 1611764012330762903 20000
2147483804 1611763955665415608 20000
2147484226 1611763971090959282 20000
2147484478 1611763979425507878 20000
2147484507 1611763980526623486 20000
2147484964 1611763997443259623 20000
2147485142 1611764003864941152 20000
2147485190 1611764005952192876 20000
2147485328 1611764010685809699 20000
2147484202 1611763970198708133 20000
2147484491 1611763980154322096 20000
2147484895 1611763994835406626 20000
2147485146 1611764004015305465 20000
2147485595 1611764019491874269 20000
2147483994 1611763962457742131 20000
2147484112 1611763967147517107 20000
2147484160 1611763968835743787 20000
2147484484 1611763979646644495 20000
2147484683 1611763986603516360 20000
2147485706 1611764022919988744 20000
2147484396 1611763976731077718 20000
2147484852 1611763993367676419 20000
2147484880 1611763994301569334 20000
2147485134 1611764003615946677 20000
2147485647 1611764021093415258 20000
2147484686 1611763986710494215 20000
2147485613 1611764020099902420 20000
2147484375 1611763976159753639 20000
2147484776 1611763990090035844 20000
2147484791 1611763990620837546 20000
2147485058 1611764001263322259 20000
2147485522 1611764017178484943 20000
2147483666 1611763951453575214 20000
2147484935 1611763996543278496 20000
2147485091 1611764002407751029 20000
2147485242 1611764008076386552 20000
2147484818 1611763991698771614 20000
2147484252 1611763971920941535 20000
2147484749 1611763989052146219 20000
2147485682 1611764022092088302 20000
2147483659 1611763951253329116 20000
2147484352 1611763975523772413 20000
2147484752 1611763989205115452 20000
2147484765 1611763989727537550 20000
2147485507 1611764016815867341 20000
2147484896 1611763994885469573 20000
2147485653 1611764021254841890 20000
2147483760 1611763954373013968 20000
2147484034 1611763964383359847 20000
2147484137 1611763968004913479 20000
2147484325 1611763974207670792 20000
2147484545 1611763981728864389 20000
2147484055 1611763965259193422 20000
2147484057 1611763965313848823 20000
2147484532 1611763981357342563 20000
2147485573 1611764018685221217 20000
2147485696 1611764022549566123 20000
2147483795 1611763955456135374 20000
2147484803 1611763991079167198 20000
2147484988 1611763998470245168 20000
2147485666 1611764021669547556 20000
2147483730 1611763953407500423 20000
2147484416 1611763977396251700 20000
2147485499 1611764016610923543 20000
2147485675 1611764021926535990 20000
2147483817 1611763955981921064 20000
2147484037 1611763964540834874 20000
2147484829 1611763992183565507 20000
2147483991 1611763962300435536 20000
2147484420 1611763977551436671 20000
2147485101 1611764002717982436 20000
2147485435 1611764014249768269 20000
2147485525 1611764017277571474 20000
2147484334 1611763974482969930 20000
2147484051 1611763965053212712 20000
2147485704 1611764022860647859 20000
2147483690 1611763952154958576 20000
2147484759 1611763989473924279 20000
2147484865 1611763993840191424 20000
2147485269 1611764008951649791 20000
2147483808 1611763955770513835 20000
2147484133 1611763967820930912 20000
2147484516 1611763980791856269 20000
2147485177 1611764005467412183 20000
2147484094 1611763966617942050 20000
2147484611 1611763984117630689 20000
2147485521 1611764017159012817 20000
2147485649 1611764021147423082 20000
2147485283 1611764009365720506 20000
2147485437 1611764014362188100 20000
2147485481 1611764015990139836 20000
2147483987 1611763962195214930 20000
2147484065 1611763965634270389 20000
2147484558 1611763982091086726 20000
2147484925 1611763996174229428 20000
2147485248 1611764008276002096 20000
2147485544 1611764017810620244 20000
2147485639 1611764020890927250 20000
2147484182 1611763969527066931 20000
2147484324 1611763974109276429 20000
2147484353 1611763975533317979 20000
2147484616 1611763984259422533 20000
2147484746 1611763988946485841 20000
2147485463 1611764015347471219 20000
2147484222 1611763970979224181 20000
2147484346 1611763975310485422 20000
2147484452 1611763978598499617 20000
2147485106 1611764002867043503 20000
2147485232 1611764007845851635 20000
2147484427 1611763977808686818 20000
2147484781 1611763990252937459 20000
2147484855 1611763993519707083 20000
2147485672 1611764021833560474 20000
2147484858 1611763993626452636 20000
2147484968 1611763997575705943 20000
2147485464 1611764015357023317 20000
2147485625 1611764020468922158 20000
2147484118 1611763967350730245 20000
2147484656 1611763985714211979 20000
2147485057 1611764001215771246 20000
2147485473 1611764015718062051 20000
2147485047 1611764000815267783 20000
2147485581 1611764018953953506 20000
2147485530 1611764017391715608 20000
2147483941 1611763960327066436 20000
2147484629 1611763984698541168 20000
2147484694 1611763987021890153 20000
2147485199 1611764006407391404 20000
2147485287 1611764009476059741 20000
2147483740 1611763953768568260 20000
2147484146 1611763968284563545 20000
2147484701 1611763987338293586 20000
2147485215 1611764007239269656 20000
2147485747 1611764024706731405 20000
2147483885 1611763958023868926 20000
2147484038 1611763964540834874 20000
2147484874 1611763994139229678 20000
2147485133 1611764003603807357 20000
2147485677 1611764021977165380 20000
2147484130 1611763967745783803 20000
2147485371 1611764012171666295 20000
2147483709 1611763952699519037 20000
2147483968 1611763961366888611 20000
2147484712 1611763987748132033 20000
2147485092 1611764002502649603 20000
2147485163 1611764004811192964 20000
2147485073 1611764001798834448 20000
2147484092 1611763966563640719 20000
2147484186 1611763969637868380 20000
2147484282 1611763972963088784 20000
2147485417 1611764013636495138 20000
2147484043 1611763964699978254 20000
2147484568 1611763982502045988 20000
2147485468 1611764015551277176 20000
2147485501 1611764016664971268 20000
2147484125 1611763967560993577 20000
2147484272 1611763972654028290 20000
2147485657 1611764021401294313 20000
2147484123 1611763967504164901 20000
2147484772 1611763989942468444 20000
2147485037 1611764000407078358 20000
2147485267 1611764008897100996 20000
2147483955 1611763960857987826 20000
2147485051 1611764001002894715 20000
2147485165 1611764004904403444 20000
2147485476 1611764015887151930 20000
2147485529 1611764017385099724 20000
2147484626 1611763984576970125 20000
2147484796 1611763990776266938 20000
2147485367 1611764011865978907 20000
2147483700 1611763952486966470 20000
2147483801 1611763955569500715 20000
2147483947 1611763960524198009 20000
2147484028 1611763964218432262 20000
2147484392 1611763976625763945 20000
2147485627 1611764020521189255 20000
2147485632 1611764020671705608 20000
2147485705 1611764022877722491 20000
2147484239 1611763971512414011 20000
2147484387 1611763976511316368 20000
2147484725 1611763988262287665 20000
2147485109 1611764002970606408 20000
2147485541 1611764017747918185 20000
2147485077 1611764001893322666 20000
2147485304 1611764009969824188 20000
2147485686 1611764022196303508 20000
2147483689 1611763952154958576 20000
2147483723 1611763953145668681 20000
2147483753 1611763954131596100 20000
2147483859 1611763956989358800 20000
2147484445 1611763978385353337 20000
2147485364 1611764011809710724 20000
2147485540 1611764017650242007 20000
2147485608 1611764019990117807 20000
2147484171 1611763969162812230 20000
2147484306 1611763973591557648 20000
2147484382 1611763976366445866 20000
2147484807 1611763991232598455 20000
2147485327 1611764010650236130 20000
2147484173 1611763969257501932 20000
2147484595 1611763983664720604 20000
2147483922 1611763959688787403 20000
2147484275 1611763972703889005 20000
2147484511 1611763980637431514 20000
2147485382 1611764012581143026 20000
2147483743 1611763953792057535 20000
2147484494 1611763979955249478 20000
2147485534 1611764017496184964 20000
2147484806 1611763991184415724 20000
2147485339 1611764010979557335 20000
2147485568 1611764018529312205 20000
2147483861 1611763957046161569 20000
2147484706 1611763987485132149 20000
2147485139 1611764003821117966 20000
2147485453 1611764014928769952 20000
2147483719 1611763953009546483 20000
2147483751 1611763954100245616 20000
2147483771 1611763954673390950 20000
2147484025 1611763964064761770 20000
2147484029 1611763964219516349 20000
2147485572 1611764018638595888 20000
2147484317 1611763973896789215 20000
2147484770 1611763989942468444 20000
2147485136 1611764003702290048 20000
2147485322 1611764010518243530 20000
2147485331 1611764010776411856 20000
2147485099 1611764002663091579 20000
2147485374 1611764012319950088 20000
2147483660 1611763951281872203 20000
2147484398 1611763976783981379 20000
2147484456 1611763978750088585 20000
2147484528 1611763981200025522 20000
2147484953 1611763997103892627 20000
2147484074 1611763965989362072 20000
2147484106 1611763966984918721 20000
2147484255 1611763972025626172 20000
2147485609 1611764019990117807 20000
2147485539 1611764017640719816 20000
2147484073 1611763965939349406 20000
2147484300 1611763973436879458 20000
2147484801 1611763990984214580 20000
2147484851 1611763993324609330 20000
2147485164 1611764004852826224 20000
2147483713 1611763952812552520 20000
2147484709 1611763987595596967 20000
2147484866 1611763993886089607 20000
2147484904 1611763995292104297 20000
2147485422 1611764013835678082 20000
2147485662 1611764021520118175 20000
2147485641 1611764020928808625 20000
2147484559 1611763982112848552 20000
2147484918 1611763995917667899 20000
2147484940 1611763996641799001 20000
2147485462 1611764015296942263 20000
2147485612 1611764020051767710 20000
2147484185 1611763969627716335 20000
2147484397 1611763976768524598 20000
2147485273 1611764009069052210 20000
2147485684 1611764022145898765 20000
2147485743 1611764024535744106 20000
2147483789 1611763955226358006 20000
2147484607 1611763984016277661 20000
2147484949 1611763996946145955 20000
2147485038 1611764000450162548 20000
2147485429 1611764014049091133 20000
2147484941 1611763996653043092 20000
2147483834 1611763956320543473 20000
2147484054 1611763965163312862 20000
2147484534 1611763981409381979 20000
2147484777 1611763990103129057 20000
2147484870 1611763994040796350 20000
2147483981 1611763961885544866 20000
2147484303 1611763973531736894 20000
2147484664 1611763985979072373 20000
2147484285 1611763973062981568 20000
2147484471 1611763979216570892 20000
2147484802 1611763991031480179 20000
2147485126 1611764003396108607 20000
2147485407 1611764013318358441 20000
2147484293 1611763973271649867 20000
2147484402 1611763976893135975 20000
2147483765 1611763954517293736 20000
2147484213 1611763970620875067 20000
2147484342 1611763974842731016 20000
2147485742 1611764024486492071 20000
2147485025 1611763999990163694 20000
2147485208 1611764006929832025 20000
2147485218 1611764007349454332 20000
2147483768 1611763954600705591 20000
2147484268 1611763972499813003 20000
2147484307 1611763973634439125 20000
2147484473 1611763979218687144 20000
2147484937 1611763996543278496 20000
2147485255 1611764008490675079 20000
2147485284 1611764009379614741 20000
2147485711 1611764023184311647 20000
2147484373 1611763976103221062 20000
2147484469 1611763979114576324 20000
2147484588 1611763983396256986 20000
2147484724 1611763988164456998 20000
2147485201 1611764006521971851 20000
2147483721 1611763953136686948 20000
2147483888 1611763958182337555 20000
2147484124 1611763967549022497 20000
2147485294 1611764009683577744 20000
2147485570 1611764018631875802 20000
2147485604 1611764019833090612 20000
2147483767 1611763954570225011 20000
2147484068 1611763965731992763 20000
2147484464 1611763978968610003 20000
2147484828 1611763992117110829 20000
2147485279 1611764009269496458 20000
2147485341 1611764011029675649 20000
2147485557 1611764018179422745 20000
2147484174 1611763969266902550 20000
2147484409 1611763977152759796 20000
2147484506 1611763980484921196 20000
2147484587 1611763983353992962 20000
2147484917 1611763995917667899 20000
2147483754 1611763954166061602 20000
2147484336 1611763974587243215 20000
2147485143 1611764003962725919 20000
2147485203 1611764006664126224 20000
2147485646 1611764021048260767 20000
2147484437 1611763978123823261 20000
2147484669 1611763986137919039 20000
2147485228 1611764007664435327 20000
2147485461 1611764015246473117 20000
2147485655 1611764021309731968 20000
2147483686 1611763952026123519 20000
2147484601 1611763983859251332 20000
2147485394 1611764012947897422 20000
2147485600 1611764019677910450 20000
2147483725 1611763953241968619 20000
2147484013 1611763963502271496 20000
2147485306 1611764010045031843 20000
2147483945 1611763960423605735 20000
2147484717 1611763987951861543 20000
2147484863 1611763993786360996 20000
2147485018 1611763999604515021 20000
2147485178 1611764005468610340 20000
2147485430 1611764014091046962 20000
2147484817 1611763991698771614 20000
2147484962 1611763997365768895 20000
2147485276 1611764009136053909 20000
2147485421 1611764013785146493 20000
2147485433 1611764014194613929 20000
2147483651 1611763951024742131 20000
2147483997 1611763962613889956 20000
2147484426 1611763977808686818 20000
2147484700 1611763987235648862 20000
2147485168 1611764005055235634 20000
2147485700 1611764022670072637 20000
2147484449 1611763978494309040 20000
2147484738 1611763988681489354 20000
2147484958 1611763997212650968 20000
2147485692 1611764022442539250 20000
2147484088 1611763966420776514 20000
2147484135 1611763967900897311 20000
2147484438 1611763978132810880 20000
2147484623 1611763984482749217 20000
2147484653 1611763985623785387 20000
2147485299 1611764009817350119 20000
2147484077 1611763966096740988 20000
2147484326 1611763974207670792 20000
2147484510 1611763980628689540 20000
2147484744 1611763988890244048 20000
2147484887 1611763994512204780 20000
2147484423 1611763977654516381 20000
2147484986 1611763998403514865 20000
2147484512 1611763980682394086 20000
2147484661 1611763985872726023 20000
2147485447 1611764014667774923 20000
2147483655 1611763951139371778 20000
2147484408 1611763977086568122 20000
2147485021 1611763999750866745 20000
2147485171 1611764005165288906 20000
2147485290 1611764009628899588 20000
2147483805 1611763955695811799 20000
2147484310 1611763973739048082 20000
2147484991 1611763998608343121 20000
2147485650 1611764021244931805 20000
2147484080 1611763966201958168 20000
2147484677 1611763986395754818 20000
2147484755 1611763989309291167 20000
2147485030 1611764000118484577 20000
2147485046 1611764000768992102 20000
2147484235 1611763971398438962 20000
2147484932 1611763996387341554 20000
2147485635 1611764020734251049 20000
2147484374 1611763976149396102 20000
2147484522 1611763980995543847 20000
2147484658 1611763985770393464 20000
2147484838 1611763992633346384 20000
2147485015 1611763999488023887 20000
2147485551 1611764018011860136 20000
2147485659 1611764021507599148 20000
2147484008 1611763963244148939 20000
2147484923 1611763996116445088 20000
2147485027 1611764000010300683 20000
2147485032 1611764000239210417 20000
2147485550 1611764017965072622 20000
2147485212 1611764007129726851 20000
2147485654 1611764021301374069 20000
2147484189 1611763969752681223 20000
2147484518 1611763980885507725 20000
2147484552 1611763981931903002 20000
2147484581 1611763983027688472 20000
2147485035 1611764000327986194 20000
2147483979 1611763961784050029 20000
2147484655 1611763985677358753 20000
2147485356 1611764011546767805 20000
2147485326 1611764010630890586 20000
2147483738 1611763953657530834 20000
2147483992 1611763962308761609 20000
2147484321 1611763974064222105 20000
2147484952 1611763997080790550 20000
2147485268 1611764008910648640 20000
2147483667 1611763951482196912 20000
2147483811 1611763955849981890 20000
2147484721 1611763988064653345 20000
2147484731 1611763988419486372 20000
2147484884 1611763994464918833 20000
2147485664 1611764021616040580 20000
2147484267 1611763972405448286 20000
2147484835 1611763992529721817 20000
2147485345 1611764011287131844 20000
2147485556 1611764018166412170 20000
2147485638 1611764020890927250 20000
2147485658 1611764021409866612 20000
2147485683 1611764022131658518 20000
2147483921 1611763959688787403 20000
2147484679 1611763986499062369 20000
2147485210 1611764007029995955 20000
2147485446 1611764014625561380 20000
2147485519 1611764017159012817 20000
2147484079 1611763966152887987 20000
2147484736 1611763988579996072 20000
2147485443 1611764014512393874 20000
2147485616 1611764020204250376 20000
2147483707 1611763952698237911 20000
2147484115 1611763967249905113 20000
2147484312 1611763973745489180 20000
2147484372 1611763976094087342 20000
2147484499 1611763980214780443 20000
2147484379 1611763976303072734 20000
2147484594 1611763983647572196 20000
2147485172 1611764005212673863 20000
2147485558 1611764018284525591 20000
2147483999 1611763962706168025 20000
2147484363 1611763975840834865 20000
2147484490 1611763979798904722 20000
2147484767 1611763989783386374 20000
2147485603 1611764019833090612 20000
2147485102 1611764002735606979 20000
2147483774 1611763954755698394 20000
2147483872 1611763957451567826 20000
2147484369 1611763976004783518 20000
2147484483 1611763979541784209 20000
2147484764 1611763989680184573 20000
2147485663 1611764021570068489 20000
2147483966 1611763961254199356 20000
2147484453 1611763978645348721 20000
2147484550 1611763981840383348 20000
2147484646 1611763985359883073 20000
2147484893 1611763994781443091 20000
2147484047 1611763964853768307 20000
2147484339 1611763974732453591 20000
2147483736 1611763953597035269 20000
2147485064 1611764001471765224 20000
2147485630 1611764020633340614 20000
2147483891 1611763958389583116 20000
2147483980 1611763961834954340 20000
2147484314 1611763973798401943 20000
2147484624 1611763984484080887 20000
2147485373 1611764012271925811 20000
2147483949 1611763960580524937 20000
2147484693 1611763986972672330 20000
2147484922 1611763996068764364 20000
2147484928 1611763996278298656 20000
2147485324 1611764010594921293 20000
2147485614 1611764020147223191 20000
2147485698 1611764022577043667 20000
2147484460 1611763978861446708 20000
2147484671 1611763986192194009 20000
2147485084 1611764002161796023 20000
2147485149 1611764004122893293 20000
2147485460 1611764015198619471 20000
2147484301 1611763973481004312 20000
2147484546 1611763981740901322 20000
2147485629 1611764020618046338 20000
2147483722 1611763953136686948 20000
2147484075 1611763966039399102 20000
2147484100 1611763966781288765 20000
2147484104 1611763966931072095 20000
2147484122 1611763967485274175 20000
2147484640 1611763985143990758 20000
2147484742 1611763988794396228 20000
2147485155 1611764004436509082 20000
2147485416 1611764013636495138 20000
2147485640 1611764020890927250 20000
2147483833 1611763956297813194 20000
2147483850 1611763956716168134 20000
2147484514 1611763980780716015 20000
2147484747 1611763989047135019 20000
2147484965 1611763997477130353 20000
2147484299 1611763973428537376 20000
2147484400 1611763976838504308 20000
2147485414 1611764013531391818 20000
2147485496 1611764016547890825 20000
2147485563 1611764018374021086 20000
2147485354 1611764011460250583 20000
2147483924 1611763959741381344 20000
2147484169 1611763969104126766 20000
2147484457 1611763978759990415 20000
2147484513 1611763980780716015 20000
2147485214 1611764007190253041 20000
2147483775 1611763954776321885 20000
2147484223 1611763971081189253 20000
2147484470 1611763979123809192 20000
2147484967 1611763997530935362 20000
2147484571 1611763982558439284 20000
2147485452 1611764014877655150 20000
2147483794 1611763955379860772 20000
2147484011 1611763963461869308 20000
2147484496 1611763980053709464 20000
2147484657 1611763985723814198 20000
2147485200 1611764006461542214 20000
2147483967 1611763961263539339 20000
2147484947 1611763996856419708 20000
2147485497 1611764016555883916 20000
2147484370 1611763976094087342 20000
2147483652 1611763951053208424 20000
2147483661 1611763951382968406 20000
2147484758 1611763989422848035 20000
2147485292 1611764009628899588 20000
2147485456 1611764015042416011 20000
2147485678 1611764022044917656 20000
2147483822 1611763956087219386 20000
2147483880 1611763957720559083 20000
2147483933 1611763960013952478 20000
2147484153 1611763968532671971 20000
2147484643 1611763985253909241 20000
2147483729 1611763953386460702 20000
2147484979 1611763998063159806 20000
2147485182 1611764005626115128 20000
2147485667 1611764021715333831 20000
2147484697 1611763987131779444 20000
2147485167 1611764005004692276 20000
2147483788 1611763955178958252 20000
2147484820 1611763991762525882 20000
2147485195 1611764006199982816 20000
2147485415 1611764013636495138 20000
2147485731 1611764024082394625 20000
2147484927 1611763996229938939 20000
2147485137 1611764003711788896 20000
2147485491 1611764016390020539 20000
2147485633 1611764020680101353 20000
2147483697 1611763952340384909 20000
2147484847 1611763993151814640 20000
2147484109 1611763967134626634 20000
2147484435 1611763978028602637 20000
2147483662 1611763951382968406 20000
2147483972 1611763961466308642 20000
2147484032 1611763964326549486 20000
2147485378 1611764012434946518 20000
2147485536 1611764017588709872 20000
2147483748 1611763953948067614 20000
2147484323 1611763974065521950 20000
2147485103 1611764002772316644 20000
2147485245 1611764008179595297 20000
2147485425 1611764013906666213 20000
2147483807 1611763955747628778 20000
2147483996 1611763962613889956 20000
2147484076 1611763966049072381 20000
2147484329 1611763974313854214 20000
2147484980 1611763998099471385 20000
2147485673 1611764021874942877 20000
2147483798 1611763955487750850 20000
2147484388 1611763976520142847 20000
2147484714 1611763987846621940 20000
2147484996 1611763998779330901 20000
2147485628 1611764020618046338 20000
2147484447 1611763978437313649 20000
2147484564 1611763982296062607 20000
2147484715 1611763987857133424 20000
2147485419 1611764013699658494 20000
2147485169 1611764005104114414 20000
2147485259 1611764008640038555 20000
2147484249 1611763971822289912 20000
2147484436 1611763978077362228 20000
2147484804 1611763991179246446 20000
2147485063 1611764001426227732 20000
2147485166 1611764004954867739 20000
2147485727 1611764023879267233 20000
2147483675 1611763951711090386 20000
2147484058 1611763965362647819 20000
2147484141 1611763968108692309 20000
2147484787 1611763990502109003 20000
2147484853 1611763993418594158 20000
2147483932 1611763960005938951 20000
2147484061 1611763965471489580 20000
2147485500 1611764016653105768 20000
2147485590 1611764019332107928 20000
2147485745 1611764024655484361 20000
2147484227 1611763971138493897 20000
2147484576 1611763982783262132 20000
2147485347 1611764011287131844 20000
2147485594 1611764019475205349 20000
2147484376 1611763976203745086 20000
2147484843 1611763992909880703 20000
2147484537 1611763981489895140 20000
2147484912 1611763995655042869 20000
2147484596 1611763983704558406 20000
2147484605 1611763983964880996 20000
2147484950 1611763996959296732 20000
2147483906 1611763959022821919 20000
2147484022 1611763963919229078 20000
2147484098 1611763966769571309 20000
2147484413 1611763977288220166 20000
2147484488 1611763979951940060 20000
2147485589 1611764019331295149 20000
2147485652 1611764021246322045 20000
2147485567 1611764018482424617 20000
2147483965 1611763961206063171 20000
2147484603 1611763983912579895 20000
2147484606 1611763984001358496 20000
2147484649 1611763985464726783 20000
2147485115 1611764003093165828 20000
2147483844 1611763956605096222 20000
2147484203 1611763970261886327 20000
2147484403 1611763976931293854 20000
2147485396 1611764013001464794 20000
2147485158 1611764004589739625 20000
2147483676 1611763951739413773 20000
2147484290 1611763973177412486 20000
2147484419 1611763977503274427 20000
2147484557 1611763982059252069 20000
2147484562 1611763982268805883 20000
2147484111 1611763967138608832 20000
2147484432 1611763977922664321 20000
2147484621 1611763984414405375 20000
2147485390 1611764012804365920 20000
2147485475 1611764015812976059 20000
2147485631 1611764020633340614 20000
2147483656 1611763951228234878 20000
2147484217 1611763970792724442 20000
2147485502 1611764016705553082 20000
2147485605 1611764019833090612 20000
2147485606 1611764019842424646 20000
2147483731 1611763953452281605 20000
2147483797 1611763955456135374 20000
2147484969 1611763997626262544 20000
2147485532 1611764017443600577 20000
2147483848 1611763956658818516 20000
2147484618 1611763984325344578 20000
2147485053 1611764001060737854 20000
2147484206 1611763970314298192 20000
2147483830 1611763956243841422 20000
2147485226 1611764007610538902 20000
2147484441 1611763978234889800 20000
2147484814 1611763991594849565 20000
2147485162 1611764004811192964 20000
2147485393 1611764012905276447 20000
2147483663 1611763951382968406 20000
2147484881 1611763994401339716 20000
2147484260 1611763972189061057 20000
2147484584 1611763983188507844 20000
2147484730 1611763988419486372 20000
2147483653 1611763951081833483 20000
2147483953 1611763960738275588 20000
2147484750 1611763989100711921 20000
2147485369 1611764012117082272 20000
2147483863 1611763957103867130 20000
2147484417 1611763977446001913 20000
2147484547 1611763981780282274 20000
2147484662 1611763985882941113 20000
2147484795 1611763990764511002 20000
2147485489 1611764016295158481 20000
2147485695 1611764022462290830 20000
2147485049 1611764000910819383 20000
2147484529 1611763981210310377 20000
2147484924 1611763996125905660 20000
2147485298 1611764009795096695 20000
2147483836 1611763956350865956 20000
2147484636 1611763984988660585 20000
2147484680 1611763986499062369 20000
2147483747 1611763953924794610 20000
2147483787 1611763955153409559 20000
2147485220 1611764007444816714 20000
2147484175 1611763969314279428 20000
2147484302 1611763973489547084 20000
2147485296 1611764009740272489 20000
2147484367 1611763975996603502 20000
2147484740 1611763988735836408 20000
2147483839 1611763956430513134 20000
2147484808 1611763991335522341 20000
2147485153 1611764004330458081 20000
2147483886 1611763958025035671 20000
2147483964 1611763961157593947 20000
2147484149 1611763968474113714 20000
2147484856 1611763993568298905 20000
2147484902 1611763995187556082 20000
2147484476 1611763979330745194 20000
2147485008 1611763999196490179 20000
2147485080 1611764002004188297 20000
2147485277 1611764009163172775 20000
2147484685 1611763986706130320 20000
2147485274 1611764009069427853 20000
2147485307 1611764010060658499 20000
2147484102 1611763966875207637 20000
2147484134 1611763967866159887 20000
2147484330 1611763974326561273 20000
2147484343 1611763975212053575 20000
2147484574 1611763982667435996 20000
2147485424 1611764013891577135 20000
2147484933 1611763996433220962 20000
2147484981 1611763998152860880 20000
2147483750 1611763954012952708 20000
2147484069 1611763965780798883 20000
2147484407 1611763977047849214 20000
2147484745 1611763988899649140 20000
2147484792 1611763990620837546 20000
2147485017 1611763999558639346 20000
2147485693 1611764022442539250 20000
2147483698 1611763952369629445 20000
2147483852 1611763956773097308 20000
2147483866 1611763957189900057 20000
2147484108 1611763967038316621 20000
2147485006 1611763999093729024 20000
2147484269 1611763972499813003 20000
2147484385 1611763976460894745 20000
2147484702 1611763987343696636 20000
2147484951 1611763997001298482 20000
2147485596 1611764019532359113 20000
2147485715 1611764023287621271 20000
2147483699 1611763952397520460 20000
2147484188 1611763969752681223 20000
2147484675 1611763986302214821 20000
2147484735 1611763988532453596 20000
2147484909 1611763995597152605 20000
2147485405 1611764013232610598 20000
2147484360 1611763975743131252 20000
2147484676 1611763986349810568 20000
2147484983 1611763998258346850 20000
2147485033 1611764000240091701 20000
2147485391 1611764012850864990 20000
2147484696 1611763987120471714 20000
2147485020 1611763999700222523 20000
2147485093 1611764002502649603 20000
2147485470 1611764015611259755 20000
2147485531 1611764017435592716 20000
2147484328 1611763974265426169 20000
2147485014 1611763999488023887 20000
2147485651 1611764021244931805 20000
2147483649 1611763950967594183 20000
2147484316 1611763973895881603 20000
2147484540 1611763981578393481 20000
2147485559 1611764018290601165 20000
2147485561 1611764018319128908 20000
2147484599 1611763983805596112 20000
2147484753 1611763989207723835 20000
2147485094 1611764002506407748 20000
2147483702 1611763952486966470 20000
2147484688 1611763986768882858 20000
2147485089 1611764002350899688 20000
2147485593 1611764019424658333 20000
2147484304 1611763973541295782 20000
2147484344 1611763975212053575 20000
2147484030 1611763964230506275 20000
2147485250 1611764008377896247 20000
2147485537 1611764017589349804 20000
2147485701 1611764022710768573 20000
2147483682 1611763951911511626 20000
2147484833 1611763992337296501 20000
2147484836 1611763992529721817 20000
2147485192 1611764006048430553 20000
2147485426 1611764014009630019 20000
2147484970 1611763997675786799 20000
2147485007 1611763999126217066 20000
2147485251 1611764008378767006 20000
2147483960 1611763961046739455 20000
2147484921 1611763996019131654 20000
2147485123 1611764003348388499 20000
2147485197 1611764006351849741 20000
2147483737 1611763953632685795 20000
2147483780 1611763954931226583 20000
2147485717 1611764023391397396 20000
2147483931 1611763959960619532 20000
2147484722 1611763988110624940 20000
2147484913 1611763995704257139 20000
2147485235 1611764007866312639 20000
2147485523 1611764017187092779 20000
2147484800 1611763990972900334 20000
2147484992 1611763998621191547 20000
2147484930 1611763996333059856 20000
2147484936 1611763996543278496 20000
2147485293 1611764009641247048 20000
2147484383 1611763976408687780 20000
2147485072 1611764001696147054 20000
2147485441 1611764014455404172 20000
2147485709 1611764023071835939 20000
2147483726 1611763953273152236 20000
2147484251 1611763971916166079 20000
2147484548 1611763981792388112 20000
2147485076 1611764001847482991 20000
2147484151 1611763968474545564 20000
2147484789 1611763990512636655 20000
2147485477 1611764015917600466 20000
2147483758 1611763954308834381 20000
2147485432 1611764014152286999 20000
2147485434 1611764014208654474 20000
2147484577 1611763982816544113 20000
2147484620 1611763984414405375 20000
2147484862 1611763993777108529 20000
2147484089 1611763966523642545 20000
2147484337 1611763974629899745 20000
2147484466 1611763979020965812 20000
2147484489 1611763979750001292 20000
2147484517 1611763980839807258 20000
2147485059 1611764001279329894 20000
2147485070 1611764001637919521 20000
2147485234 1611764007848667735 20000
2147483975 1611763961673351487 20000
2147483733 1611763953510613198 20000
2147483812 1611763955872651697 20000
2147485410 1611764013416363718 20000
2147485619 1611764020307370794 20000
2147485735 1611764024241713648 20000
2147483970 1611763961408565149 20000
2147485016 1611763999507160757 20000
2147485217 1611764007338302254 20000
2147485505 1611764016766282183 20000
2147483995 1611763962462827540 20000
2147485090 1611764002369071628 20000
2147485275 1611764009110255004 20000
2147485580 1611764018945549050 20000
2147483976 1611763961673351487 20000
2147485483 1611764016126340760 20000
2147485681 1611764022079978511 20000
2147483829 1611763956222022079 20000
2147483892 1611763958441710394 20000
2147483971 1611763961419009176 20000
2147485227 1611764007654940312 20000
2147485262 1611764008745497931 20000
2147485291 1611764009628899588 20000
2147484048 1611763964903756730 20000
2147484157 1611763968682758829 20000
2147484434 1611763978019996212 20000
2147484786 1611763990502109003 20000
2147485230 1611764007718919189 20000
2147484687 1611763986757656644 20000
2147484846 1611763993100300354 20000
2147485012 1611763999333368428 20000
2147483927 1611763959847722341 20000
2147484210 1611763970532716629 20000
2147485206 1611764006825367759 20000
2147485258 1611764008637452001 20000
2147485712 1611764023185303258 20000
2147485564 1611764018384284444 20000
2147483777 1611763954859138199 20000
2147484254 1611763971978515617 20000
2147484632 1611763984844813648 20000
2147485001 1611763998927514113 20000
2147485363 1611764011714623776 20000
2147483664 1611763951396877119 20000
2147484347 1611763975320585792 20000
2147483766 1611763954548750475 20000
2147484508 1611763980574115449 20000
2147485224 1611764007555316430 20000
2147483935 1611763960159505287 20000
2147484126 1611763967607479006 20000
2147484205 1611763970274320106 20000
2147484505 1611763980469811206 20000
2147485379 1611764012480809339 20000
2147483824 1611763956134504622 20000
2147483878 1611763957659718006 20000
2147484145 1611763968264653837 20000
2147484960 1611763997271421329 20000
2147485685 1611764022183322059 20000
2147485451 1611764014872120771 20000
2147483985 1611763962045923679 20000
2147484041 1611763964641443642 20000
2147484349 1611763975419506407 20000
2147485029 1611764000067039036 20000
2147485286 1611764009447800605 20000
2147484228 1611763971185325925 20000
2147484769 1611763989838671349 20000
2147485128 1611764003497800508 20000
2147485236 1611764007909497471 20000
2147485574 1611764018746827815 20000
2147483803 1611763955642478044 20000
2147483865 1611763957189900057 20000
2147484665 1611763985987483082 20000
2147485575 1611764018746827815 20000
2147484086 1611763966366400145 20000
2147484590 1611763983492990419 20000
2147484705 1611763987448109280 20000
2147485340 1611764010998447274 20000
2147483810 1611763955821812820 20000
2147485069 1611764001629343813 20000
2147485087 1611764002266684320 20000
2147485219 1611764007396018198 20000
2147485621 1611764020363580226 20000
2147484039 1611763964584557126 20000
2147484148 1611763968370186724 20000
2147484477 1611763979330745194 20000
2147484822 1611763991861821882 20000
2147484910 1611763995597152605 20000
2147483937 1611763960160076665 20000
2147484021 1611763963876829548 20000
2147485261 1611764008697846490 20000
2147484659 1611763985871936619 20000
2147484993 1611763998664388975 20000
2147485472 1611764015708687261 20000
2147483855 1611763956931455082 20000
2147483910 1611763959241852539 20000
2147484498 1611763980164789735 20000
2147485365 1611764011809710724 20000
2147485445 1611764014625561380 20000
2147485194 1611764006152768873 20000
2147483832 1611763956275524642 20000
2147484391 1611763976625763945 20000
2147484442 1611763978281248250 20000
2147484716 1611763987905369581 20000
2147485066 1611764001526925204 20000
2147483761 1611763954396875141 20000
2147483902 1611763958908376435 20000
2147485211 1611764007129726851 20000
2147483680 1611763951854248487 20000
2147483745 1611763953915147997 20000
2147484805 1611763991179246446 20000
2147485334 1611764010853665435 20000
2147485547 1611764017860412798 20000
2147484362 1611763975831835959 20000
2147484450 1611763978592258842 20000
2147484762 1611763989621822948 20000
2147485239 1611764008056002958 20000
2147483809 1611763955799573593 20000
2147484225 1611763971082578646 20000
2147484318 1611763973905938249 20000
2147484871 1611763994042133954 20000
2147485738 1611764024322331102 20000
2147484886 1611763994470385399 20000
2147483674 1611763951682407348 20000
2147483854 1611763956830694200 20000
2147483862 1611763957073979019 20000
2147484194 1611763969896336192 20000
2147484614 1611763984230522096 20000
2147484221 1611763970932624029 20000
2147484359 1611763975734322550 20000
2147484667 1611763986082583361 20000
2147484768 1611763989830028167 20000
2147485183 1611764005728399545 20000
2147483984 1611763961995520451 20000
2147483998 1611763962619724304 20000
2147484279 1611763972858749369 20000
2147484354 1611763975579265936 20000
2147484384 1611763976418229656 20000
2147484481 1611763979483982254 20000
2147485170 1611764005165288906 20000
2147485736 1611764024270245722 20000
2147485011 1611763999284348966 20000
2147485157 1611764004539050258 20000
2147483773 1611763954739286815 20000
2147483870 1611763957328785136 20000
2147483982 1611763961936240802 20000
2147484093 1611763966572607801 20000
2147484585 1611763983250192801 20000
2147484116 1611763967296186373 20000
2147484132 1611763967798727701 20000
2147484313 1611763973754474054 20000
2147484774 1611763990050518320 20000
2147485145 1611764003990099978 20000
2147484364 1611763975849243760 20000
2147484609 1611763984066842973 20000
2147485028 1611764000015655571 20000
2147484879 1611763994262802201 20000
2147485117 1611764003145631586 20000
2147483823 1611763956111611815 20000
2147484931 1611763996378383572 20000
2147485189 1611764005936916687 20000
2147485361 1611764011706473324 20000
2147485408 1611764013332469742 20000
2147485725 1611764023806662820 20000
2147483879 1611763957670779984 20000
2147483962 1611763961056835576 20000
2147484040 1611763964594548184 20000
2147484743 1611763988842212550 20000
2147485105 1611764002824052540 20000
2147484087 1611763966411426796 20000
2147484163 1611763968888871249 20000
2147485321 1611764010485778943 20000
2147485444 1611764014560361370 20000
2147483904 1611763958965492310 20000
2147485344 1611764011094105506 20000
2147485359 1611764011603894237 20000
2147484117 1611763967329332322 20000
2147484332 1611763974468174615 20000
2147484566 1611763982353032111 20000
2147485138 1611764003755399515 20000
2147485566 1611764018447549847 20000
2147484218 1611763970828184685 20000
2147484888 1611763994608983625 20000
2147483802 1611763955597445706 20000
2147483988 1611763962195214930 20000
2147484654 1611763985677358753 20000
2147485113 1611764003037729034 20000
2147485527 1611764017332509402 20000
2147483826 1611763956167316192 20000
2147483893 1611763958490920922 20000
2147484009 1611763963295957407 20000
2147484193 1611763969885987166 20000
2147484270 1611763972505768909 20000
2147483978 1611763961732668561 20000
2147484257 1611763972082917981 20000
2147484480 1611763979435228303 20000
2147483874 1611763957483094230 20000
2147483916 1611763959431691565 20000
2147484666 1611763986034728531 20000
2147484885 1611763994464918833 20000
2147485042 1611764000604905848 20000
2147483946 1611763960524198009 20000
2147484785 1611763990402834783 20000
2147484974 1611763997886106749 20000
2147485357 1611764011550128624 20000
2147485075 1611764001847482991 20000
2147483909 1611763959241852539 20000
2147484243 1611763971658328856 20000
2147484406 1611763977031904993 20000
2147484734 1611763988492047459 20000
2147485068 1611764001629343813 20000
2147485131 1611764003549698167 20000
2147485728 1611764023916363130 20000
2147483654 1611763951110473094 20000
2147484570 1611763982508600332 20000
2147484645 1611763985318689707 20000
2147484708 1611763987594211030 20000
2147484729 1611763988321526756 20000
2147483781 1611763954965168448 20000
2147483934 1611763960059460763 20000
2147484771 1611763989942468444 20000
2147485702 1611764022761669550 20000
2147485000 1611763998884914592 20000
2147484127 1611763967641316947 20000
2147484240 1611763971556973384 20000
2147484462 1611763978915116166 20000
2147484592 1611763983560906608 20000
2147484615 1611763984259422533 20000
2147483796 1611763955456135374 20000
2147484905 1611763995343505063 20000
2147485003 1611763998982158005 20000
2147485150 1611764004221766207 20000
2147485342 1611764011047524836 20000
2147483918 1611763959489041401 20000
2147485303 1611764009951593721 20000
2147485591 1611764019366510018 20000
2147483668 1611763951510971403 20000
2147484016 1611763963649993414 20000
2147484247 1611763971822289912 20000
2147485252 1611764008389642824 20000
2147485330 1611764010741000548 20000
2147483755 1611763954203616811 20000
2147485196 1611764006308809930 20000
2147485198 1611764006404858816 20000
2147485577 1611764018840312912 20000
2147485729 1611764023962988328 20000
2147485626 1611764020511835838 20000
2147485300 1611764009848742679 20000
2147483825 1611763956143241818 20000
2147484348 1611763975371110106 20000
2147484957 1611763997169606576 20000
2147485260 1611764008667609578 20000
2147485282 1611764009322478152 20000
2147484187 1611763969741140572 20000
2147484971 1611763997691131461 20000
2147485315 1611764010322120079 20000
2147485571 1611764018631875802 20000
2147483877 1611763957659718006 20000
2147484831 1611763992271301135 20000
2147485400 1611764013209314736 20000
2147484380 1611763976313333411 20000
2147484682 1611763986556443336 20000
2147485634 1611764020725010116 20000
2147483914 1611763959332765115 20000
2147484341 1611763974833835287 20000
2147485112 1611764003027904454 20000
2147483720 1611763953033753825 20000
2147484502 1611763980364160877 20000
2147484751 1611763989205115452 20000
2147485050 1611764000954535684 20000
2147485271 1611764009004092551 20000
2147483705 1611763952569582311 20000
2147483845 1611763956634474989 20000
2147484890 1611763994626001385 20000
2147484892 1611763994781443091 20000
2147484668 1611763986092811440 20000
2147485740 1611764024425343253 20000
2147483752 1611763954100245616 20000
2147484036 1611763964540834874 20000
2147484136 1611763968004913479 20000
2147484421 1611763977560163796 20000
2147484503 1611763980373373188 20000
2147483783 1611763955038466597 20000
2147484287 1611763973116471516 20000
2147484989 1611763998518476675 20000
2147485554 1611764018112976249 20000
2147484090 1611763966561428664 20000
2147484286 1611763973072285386 20000
2147484475 1611763979330266849 20000
2147483882 1611763957847874940 20000
2147483883 1611763957848655295 20000
2147483913 1611763959281569558 20000
2147484020 1611763963854111677 20000
2147484050 1611763965003210050 20000
2147484647 1611763985408647490 20000
2147484184 1611763969582651683 20000
2147484509 1611763980582983412 20000
2147484845 1611763993047890050 20000
2147484703 1611763987344441601 20000
2147485179 1611764005484746576 20000
2147485270 1611764008963013879 20000
2147484180 1611763969471344295 20000
2147484357 1611763975680170883 20000
2147484390 1611763976625763945 20000
2147484459 1611763978851468114 20000
2147484648 1611763985455251349 20000
2147485610 1611764019993761023 20000
2147483858 1611763956960369512 20000
2147484430 1611763977913434926 20000
2147484695 1611763987071906303 20000
2147485528 1611764017340911911 20000
2147485660 1611764021507599148 20000
2147485724 1611764023757030940 20000
2147483969 1611763961366888611 20000
2147484356 1611763975634756798 20000
2147484766 1611763989736286643 20000
2147484875 1611763994150890292 20000
2147485498 1611764016600313752 20000
2147483710 1611763952712256996 20000
2147484161 1611763968844778470 20000
2147485005 1611763999093729024 20000
2147485213 1611764007140371875 20000
2147484591 1611763983542136433 20000
2147485176 1611764005371013775 20000
2147485508 1611764016857308181 20000
2147485514 1611764016974297328 20000
2147485517 1611764017159012817 20000
2147483749 1611763953981453598 20000
2147484580 1611763982974365400 20000
2147485348 1611764011296120545 20000
2147484371 1611763976094087342 20000
2147484280 1611763972906516162 20000
2147484873 1611763994096346781 20000
2147485668 1611764021724459339 20000
2147484091 1611763966561428664 20000
2147484147 1611763968321781828 20000
2147484531 1611763981324459087 20000
2147484854 1611763993469432605 20000
2147485074 1611764001798834448 20000
2147484628 1611763984676709422 20000
2147485398 1611764013052813776 20000
2147485620 1611764020316170938 20000
2147483899 1611763958758303023 20000
2147484463 1611763978959649338 20000
2147485665 1611764021624935086 20000
2147484894 1611763994819013984 20000
2147485380 1611764012491894340 20000
2147485465 1611764015498601544 20000
2147485694 1611764022445475984 20000
2147485129 1611764003497800508 20000
2147485243 1611764008122700922 20000
2147485280 1611764009269496458 20000
2147485358 1611764011578535398 20000
2147484495 1611763980004654663 20000
2147484544 1611763981689246890 20000
2147485161 1611764004714358362 20000
2147485535 1611764017588709872 20000
2147484044 1611763964747365246 20000
2147484428 1611763977809779151 20000
2147484612 1611763984127497078 20000
2147484651 1611763985521050180 20000
2147485492 1611764016399192281 20000
2147483665 1611763951425003335 20000
2147483900 1611763958808193933 20000
2147484455 1611763978703230399 20000
2147484713 1611763987798850693 20000
2147485231 1611764007760462288 20000
2147484582 1611763983146684235 20000
2147484748 1611763989047135019 20000
2147485538 1611764017599081074 20000
2147484610 1611763984103255646 20000
2147484790 1611763990618369031 20000
2147485656 1611764021355611090 20000
2147483990 1611763962299681966 20000
2147484525 1611763981096961890 20000
2147484711 1611763987697773800 20000
2147484733 1611763988476280211 20000
2147485140 1611764003821117966 20000
2147485040 1611764000585307197 20000
2147483889 1611763958238693454 20000
2147484154 1611763968580096092 20000
2147484298 1611763973425208145 20000
2147484431 1611763977914062755 20000
2147484788 1611763990503114127 20000
2147484158 1611763968700187792 20000
2147485302 1611764009951593721 20000
2147485329 1611764010720803567 20000
2147484315 1611763973895881603 20000
2147484732 1611763988426529524 20000
2147485474 1611764015766124208 20000
2147485599 1611764019633302950 20000
2147483908 1611763959241852539 20000
2147484492 1611763979845781249 20000
2147484812 1611763991440404072 20000
2147484878 1611763994247703801 20000
2147484841 1611763992795734427 20000
2147484842 1611763992909361495 20000
2147484877 1611763994208280142 20000
2147484794 1611763990763158730 20000
2147485565 1611764018429030236 20000
2147485584 1611764019103511584 20000
2147483714 1611763952900096940 20000
2147483986 1611763962094111778 20000
2147484283 1611763973008962729 20000
2147484297 1611763973425208145 20000
2147484718 1611763987961609679 20000
2147485180 1611764005527918928 20000
2147484045 1611763964843103429 20000
2147484274 1611763972656974111 20000
2147484501 1611763980315057499 20000
2147484948 1611763996903407570 20000
2147484825 1611763992028234032 20000
2147483828 1611763956211760724 20000
2147485265 1611764008825752652 20000
2147485316 1611764010356686691 20000
2147484672 1611763986290360303 20000
2147484994 1611763998678205021 20000
2147484195 1611763969941006850 20000
2147484278 1611763972810982598 20000
2147484319 1611763973953435454 20000
2147484378 1611763976257449731 20000
2147484637 1611763984996692393 20000
2147483711 1611763952755641385 20000
2147484063 1611763965530493158 20000
2147484920 1611763995967980752 20000
2147485209 1611764006978572895 20000
2147485362 1611764011706473324 20000
2147485247 1611764008233896332 20000
2147483831 1611763956266677149 20000
2147484208 1611763970410898697 20000
2147484386 1611763976469951509 20000
2147484567 1611763982401567057 20000
2147484990 1611763998561008326 20000
2147484429 1611763977882333111 20000
2147485586 1611764019162450548 20000
2147485346 1611764011287131844 20000
2147485383 1611764012589844889 20000
2147485420 1611764013741307624 20000
2147483993 1611763962457742131 20000
2147484214 1611763970671150581 20000
2147484288 1611763973125475213 20000
2147484690 1611763986921782698 20000
2147484889 1611763994610801095 20000
2147484451 1611763978592258842 20000
2147484556 1611763982059252069 20000
2147484707 1611763987593211519 20000
2147484181 1611763969480930684 20000
2147484898 1611763994990352375 20000
2147485062 1611764001384576637 20000
2147483917 1611763959440469331 20000
2147484070 1611763965844076490 20000
2147484258 1611763972126037325 20000
2147485319 1611764010431239105 20000
2147485707 1611764022969326622 20000
2147485513 1611764016964601869 20000
2147485578 1611764018845249982 20000
2147485690 1611764022302564906 20000
2147483884 1611763957922767808 20000
2147484443 1611763978289956626 20000
2147484939 1611763996597993205 20000
2147485118 1611764003188089398 20000
2147485338 1611764010948317960 20000
2147485703 1611764022811212467 20000
2147485144 1611764003962725919 20000
2147485412 1611764013491725335 20000
2147484212 1611763970585426510 20000
2147484723 1611763988120572388 20000
2147485065 1611764001482564815 20000
2147485266 1611764008855211390 20000
2147484053 1611763965113173963 20000
2147485024 1611763999990163694 20000
2147483835 1611763956329057673 20000
2147484415 1611763977346413333 20000
2147484524 1611763981095471221 20000
2147485135 1611764003658398720 20000
2147485147 1611764004081945784 20000
2147484215 1611763970720749526 20000
2147484335 1611763974587243215 20000
2147485151 1611764004225260876 20000
2147484467 1611763979063598469 20000
2147485223 1611764007546393852 20000
2147485404 1611764013214936886 20000
2147485184 1611764005728399545 20000
2147485320 1611764010465280240 20000
2147485377 1611764012424265182 20000
2147483821 1611763956065244859 20000
2147484294 1611763973281165447 20000
2147484381 1611763976356687180 20000
2147484635 1611763984939545608 20000
2147484681 1611763986508938990 20000
2147483983 1611763961987310317 20000
2147484433 1611763977972288045 20000
2147485225 1611764007600916240 20000
2147485730 1611764024011201998 20000
2147485056 1611764001167732346 20000
2147485691 1611764022341798047 20000
2147483708 1611763952698237911 20000
2147483772 1611763954739286815 20000
2147483894 1611763958593679735 20000
2147484207 1611763970362375286 20000
2147484265 1611763972341966310 20000
2147484237 1611763971454916969 20000
2147484479 1611763979425507878 20000
2147485127 1611764003404838075 20000
2147483703 1611763952512577910 20000
2147483806 1611763955718480864 20000
2147483851 1611763956744648045 20000
2147484143 1611763968177712645 20000
2147484159 1611763968741361973 20000
2147485386 1611764012691553895 20000
2147483688 1611763952154958576 20000
2147483776 1611763954859138199 20000
2147483840 1611763956430513134 20000
2147484739 1611763988687563504 20000
2147484907 1611763995444972929 20000
2147484377 1611763976214291043 20000
2147484779 1611763990195788948 20000
2147484793 1611763990763158730 20000
2147483757 1611763954271366658 20000
2147484150 1611763968474113714 20000
2147484350 1611763975429687411 20000
2147484543 1611763981676236447 20000
2147483706 1611763952669830145 20000
2147484066 1611763965673664837 20000
2147483837 1611763956430513134 20000
2147484916 1611763995812001167 20000
2147485071 1611764001684783973 20000
2147484966 1611763997520832077 20000
2147485560 1611764018290601165 20000
2147485585 1611764019112972577 20000
2147483793 1611763955335130777 20000
2147483890 1611763958331736298 20000
2147483940 1611763960262653587 20000
2147484262 1611763972240422938 20000
2147484284 1611763973017883929 20000
2147483954 1611763960756334508 20000
2147484634 1611763984890155747 20000
2147485617 1611764020252198950 20000
2147484170 1611763969152476849 20000
2147484975 1611763997886106749 20000
2147485389 1611764012795422224 20000
2147485207 1611764006876777214 20000
2147485746 1611764024685818213 20000
2147483741 1611763953768568260 20000
2147485249 1611764008295567905 20000
2147483944 1611763960375110955 20000
2147484798 1611763990874730625 20000
2147484824 1611763991960128723 20000
2147484899 1611763995033899533 20000
2147485256 1611764008594794064 20000
2147483911 1611763959241852539 20000
2147484052 1611763965071958108 20000
2147484129 1611763967745783803 20000
2147484351 1611763975476219711 20000
2147484613 1611763984162058013 20000
2147484418 1611763977454672962 20000
2147484773 1611763989985305286 20000
