2147483910 1611842660665431532 20000
2147484192 1611842668733599473 20000
2147484358 1611842673482796853 20000
2147484457 1611842676314516550 20000
2147485004 1611842691959472340 20000
2147484000 1611842663240447416 20000
2147484933 1611842689928874864 20000
2147484487 1611842677172517710 20000
2147485046 1611842693161928509 20000
2147484151 1611842667559803926 20000
2147484443 1611842675914208515 20000
2147485026 1611842692589466074 20000
2147483684 1611842654201739224 20000
2147483917 1611842660865583125 20000
2147484452 1611842676171541560 20000
2147484598 1611842680347302318 20000
2147485514 1611842706550423388 20000
2147483688 1611842654316108932 20000
2147484102 1611842666157984462 20000
2147484596 1611842680290071917 20000
2147484723 1611842683922483155 20000
2147484995 1611842691702127504 20000
2147485219 1611842698109284836 20000
2147485443 1611842704519751151 20000
2147483762 1611842656432893185 20000
2147483878 1611842659750350903 20000
2147484836 1611842687154794521 20000
2147484715 1611842683693681412 20000
2147484838 1611842687212013292 20000
2147484907 1611842689185360366 20000
2147485120 1611842695278009511 20000
2147485263 1611842699369446401 20000
2147485677 1611842711212762224 20000
2147483849 1611842658920809618 20000
2147483924 1611842661065747413 20000
2147485502 1611842706207338306 20000
2147483671 1611842653830017351 20000
2147484188 1611842668619149098 20000
2147484341 1611842672995708874 20000
2147484949 1611842690386474247 20000
2147485177 1611842696908071544 20000
2147485240 1611842698711028161 20000
2147484810 1611842686410692793 20000
2147484951 1611842690443645942 20000
2147484973 1611842691072913858 20000
2147485322 1611842701057294677 20000
2147484503 1611842677630116703 20000
2147484780 1611842685552693070 20000
2147483821 1611842658120180709 20000
2147484036 1611842664270370968 20000
2147484641 1611842681577125512 20000
2147484655 1611842681977480850 20000
2147485009 1611842692102390691 20000
2147485056 1611842693447792883 20000
2147485168 1611842696650630234 20000
2147485258 1611842699226495461 20000
2147485267 1611842699483858064 20000
2147485282 1611842699913145835 20000
2147485348 1611842701800807334 20000
2147484010 1611842663526597047 20000
2147484360 1611842673540043913 20000
2147485218 1611842698080654743 20000
2147484811 1611842686439268586 20000
2147484201 1611842668990975211 20000
2147484637 1611842681462690564 20000
2147484912 1611842689328246914 20000
2147485006 1611842692016649919 20000
2147485633 1611842709953708494 20000
2147483755 1611842656232715618 20000
2147483865 1611842659378441617 20000
2147483896 1611842660265072826 20000
2147484224 1611842669649002161 20000
2147484816 1611842686582337479 20000
2147485117 1611842695192188675 20000
2147485161 1611842696450506057 20000
2147484206 1611842669134065867 20000
2147484731 1611842684151241451 20000
2147484963 1611842690786873057 20000
2147485070 1611842693848214305 20000
2147483926 1611842661122902442 20000
2147484038 1611842664327535796 20000
2147484292 1611842671594289781 20000
2147484717 1611842683750875156 20000
2147485286 1611842700027534960 20000
2147485724 1611842712557360629 20000
2147484208 1611842669191330210 20000
2147484411 1611842674998868788 20000
2147484482 1611842677029590158 20000
2147484577 1611842679746658433 20000
2147484882 1611842688470479740 20000
2147485669 1611842710983919148 20000
2147483838 1611842658606205683 20000
2147484336 1611842672852515685 20000
2147484580 1611842679832447280 20000
2147484190 1611842668676410234 20000
2147484316 1611842672280610940 20000
2147484400 1611842674684315418 20000
2147484416 1611842675141821488 20000
2147484559 1611842679231781168 20000
2147485225 1611842698281280434 20000
2147485412 1611842703632067970 20000
2147485623 1611842709667690110 20000
2147484228 1611842669763419393 20000
2147483691 1611842654401892978 20000
2147483733 1611842655603621696 20000
2147483742 1611842655861067299 20000
2147484582 1611842679889599698 20000
2147485142 1611842695907221172 20000
2147485379 1611842702688013568 20000
2147485622 1611842709639107220 20000
2147485648 1611842710383134679 20000
2147483786 1611842657119191199 20000
2147484069 1611842665214112907 20000
2147484144 1611842667359649090 20000
2147484524 1611842678230859777 20000
2147484745 1611842684551637530 20000
2147485106 1611842694877481769 20000
2147485695 1611842711727591563 20000
2147485708 1611842712099703835 20000
2147483779 1611842656918944664 20000
2147484660 1611842682120574108 20000
2147484669 1611842682378114579 20000
2147484911 1611842689299671290 20000
2147484957 1611842690615161285 20000
2147485466 1611842705177415622 20000
2147484661 1611842682149161949 20000
2147485485 1611842705721102067 20000
2147485730 1611842712728929683 20000
2147483723 1611842655317375625 20000
2147483895 1611842660236481080 20000
2147484022 1611842663869926575 20000
2147484435 1611842675685363029 20000
2147483963 1611842662181439661 20000
2147484026 1611842663984325343 20000
2147484534 1611842678516762761 20000
2147483778 1611842656890323889 20000
2147484148 1611842667473986225 20000
2147485153 1611842696221752497 20000
2147485288 1611842700084757117 20000
2147484209 1611842669219905814 20000
2147484498 1611842677487118929 20000
2147484578 1611842679775289396 20000
2147484719 1611842683808080453 20000
2147484787 1611842685752915962 20000
2147484986 1611842691444757398 20000
2147485053 1611842693362047502 20000
2147485204 1611842697680449586 20000
2147485265 1611842699426635516 20000
2147483652 1611842653286570907 20000
2147483823 1611842658177361308 20000
2147483995 1611842663097449699 20000
2147484330 1611842672680989562 20000
2147484526 1611842678288076646 20000
2147484817 1611842686610914286 20000
2147485483 1611842705663876189 20000
2147483749 1611842656061159112 20000
2147484515 1611842677973346953 20000
2147484537 1611842678602562701 20000
2147484600 1611842680404506800 20000
2147484676 1611842682578244211 20000
2147484931 1611842689871657823 20000
2147485025 1611842692560759025 20000
2147485292 1611842700199172598 20000
2147485653 1611842710526326471 20000
2147485666 1611842710898168875 20000
2147483720 1611842655231509668 20000
2147483903 1611842660465258664 20000
2147485474 1611842705406338310 20000
2147483859 1611842659206733497 20000
2147484945 1611842690272114138 20000
2147483833 1611842658463304299 20000
2147484014 1611842663641193352 20000
2147484690 1611842682978444364 20000
2147485470 1611842705291746833 20000
2147485537 1611842707208159977 20000
2147485678 1611842711241339093 20000
2147484005 1611842663383491588 20000
2147485012 1611842692188233782 20000
2147483716 1611842655117110307 20000
2147484258 1611842670622103738 20000
2147484826 1611842686868361891 20000
2147484913 1611842689356914797 20000
2147485324 1611842701114513635 20000
2147485360 1611842702143928774 20000
2147484294 1611842671651475243 20000
2147484829 1611842686954331108 20000
2147484972 1611842691044319871 20000
2147485277 1611842699769892792 20000
2147484051 1611842664699356861 20000
2147484087 1611842665728831978 20000
2147484290 1611842671537138720 20000
2147484408 1611842674913014123 20000
2147484668 1611842682349503755 20000
2147485480 1611842705578095262 20000
2147485611 1611842709324548822 20000
2147484964 1611842690815493939 20000
2147485420 1611842703861244192 20000
2147485731 1611842712757536377 20000
2147483680 1611842654087326846 20000
2147483805 1611842657662589766 20000
2147483836 1611842658549045000 20000
2147484095 1611842665957723124 20000
2147484329 1611842672652395997 20000
2147484340 1611842672967112676 20000
2147484546 1611842678859922597 20000
2147485538 1611842707236746083 20000
2147484180 1611842668390236487 20000
2147484729 1611842684094080326 20000
2147484778 1611842685495467805 20000
2147484842 1611842687326368615 20000
2147485098 1611842694648754242 20000
2147485201 1611842697594610450 20000
2147485464 1611842705120230928 20000
2147483664 1611842653629736190 20000
2147484061 1611842664985350938 20000
2147484234 1611842669935091072 20000
2147484494 1611842677372770502 20000
2147484373 1611842673912209290 20000
2147485405 1611842703431766357 20000
2147483724 1611842655346060940 20000
2147484900 1611842688985103904 20000
2147483702 1611842654716496512 20000
2147484404 1611842674798658187 20000
2147484664 1611842682235083165 20000
2147484839 1611842687240590602 20000
2147484139 1611842667216435718 20000
2147485101 1611842694734527309 20000
2147485602 1611842709067265737 20000
2147484031 1611842664127428427 20000
2147484041 1611842664413279810 20000
2147484075 1611842665385666776 20000
2147484339 1611842672938482593 20000
2147484701 1611842683293193736 20000
2147485013 1611842692216811551 20000
2147485045 1611842693133293475 20000
2147485436 1611842704319544328 20000
2147485593 1611842708809819311 20000
2147483852 1611842659006593648 20000
2147483862 1611842659292632205 20000
2147484080 1611842665528671608 20000
2147485179 1611842696965298406 20000
2147483908 1611842660608253269 20000
2147484220 1611842669534467303 20000
2147484521 1611842678145066473 20000
2147484874 1611842688241705278 20000
2147485521 1611842706750583022 20000
2147484372 1611842673883635476 20000
2147484488 1611842677201098267 20000
2147484643 1611842681634339083 20000
2147484794 1611842685953142388 20000
2147485312 1611842700771284135 20000
2147484658 1611842682063310995 20000
2147485279 1611842699827192819 20000
2147485330 1611842701286071725 20000
2147484996 1611842691730705973 20000
2147485100 1611842694705912518 20000
2147485141 1611842695878637348 20000
2147485260 1611842699283675474 20000
2147485382 1611842702773879624 20000
2147485413 1611842703660687902 20000
2147485616 1611842709467563772 20000
2147483782 1611842657004774588 20000
2147483945 1611842661666322401 20000
2147485217 1611842698052078264 20000
2147485429 1611842704119100616 20000
2147483706 1611842654830860432 20000
2147484322 1611842672452169436 20000
2147484755 1611842684837688131 20000
2147484840 1611842687269167028 20000
2147484884 1611842688527637024 20000
2147484940 1611842690129017950 20000
2147485129 1611842695535550327 20000
2147485629 1611842709839306363 20000
2147483700 1611842654659242452 20000
2147484037 1611842664298959342 20000
2147484081 1611842665557315351 20000
2147484092 1611842665871937962 20000
2147484169 1611842668075190529 20000
2147484863 1611842687927025821 20000
2147485109 1611842694963412605 20000
2147485735 1611842712871882902 20000
2147484301 1611842671851815645 20000
2147484355 1611842673396877621 20000
2147484407 1611842674884429326 20000
2147484991 1611842691587800123 20000
2147485139 1611842695821438664 20000
2147483774 1611842656775935199 20000
2147484152 1611842667588379734 20000
2147484263 1611842670765062629 20000
2147485532 1611842707065059063 20000
2147485737 1611842712929042927 20000
2147484147 1611842667445394404 20000
2147484633 1611842681348370282 20000
2147484851 1611842687583698665 20000
2147483858 1611842659178102543 20000
2147484100 1611842666100796699 20000
2147484440 1611842675828383536 20000
2147484702 1611842683321770558 20000
2147484782 1611842685609893929 20000
2147485124 1611842695392487568 20000
2147485144 1611842695964402684 20000
2147485507 1611842706350264310 20000
2147485736 1611842712900457835 20000
2147483891 1611842660122082597 20000
2147484004 1611842663354894976 20000
2147484160 1611842667817364471 20000
2147484576 1611842679718025957 20000
2147483764 1611842656490051671 20000
2147484093 1611842665900542121 20000
2147484243 1611842670193220950 20000
2147484485 1611842677115331682 20000
2147485619 1611842709553290852 20000
2147484349 1611842673225105716 20000
2147484733 1611842684208446516 20000
2147485164 1611842696536247693 20000
2147485461 1611842705034440628 20000
2147485469 1611842705263157844 20000
2147484363 1611842673626056805 20000
2147484736 1611842684294292379 20000
2147485299 1611842700399443262 20000
2147484370 1611842673826485497 20000
2147484773 1611842685352487203 20000
2147485696 1611842711756195343 20000
2147483810 1611842657805625744 20000
2147484396 1611842674569914738 20000
2147484976 1611842691158787162 20000
2147485589 1611842708695251331 20000
2147484747 1611842684608832458 20000
2147484750 1611842684694721474 20000
2147485266 1611842699455256180 20000
2147485596 1611842708895672264 20000
2147483982 1611842662725388394 20000
2147485574 1611842708266238364 20000
2147483662 1611842653572561922 20000
2147483679 1611842654058731726 20000
2147483825 1611842658234538432 20000
2147483831 1611842658406115013 20000
2147484476 1611842676857968785 20000
2147483882 1611842659864667170 20000
2147484752 1611842684751895674 20000
2147485152 1611842696193116091 20000
2147484154 1611842667645581615 20000
2147484785 1611842685695696827 20000
2147485077 1611842694048363879 20000
2147484238 1611842670050119607 20000
2147484830 1611842686982984589 20000
2147484965 1611842690844093997 20000
2147485590 1611842708723883855 20000
2147484245 1611842670250392936 20000
2147484740 1611842684408625568 20000
2147485149 1611842696107352868 20000
2147485245 1611842698854377822 20000
2147485524 1611842706836400550 20000
2147485572 1611842708209081071 20000
2147485697 1611842711784816977 20000
2147483707 1611842654859539547 20000
2147483897 1611842660293647862 20000
2147484511 1611842677858952781 20000
2147484425 1611842675399184392 20000
2147484468 1611842676629139828 20000
2147484919 1611842689528509575 20000
2147485262 1611842699340869295 20000
2147485617 1611842709496140780 20000
2147484078 1611842665471407923 20000
2147484814 1611842686525131698 20000
2147485393 1611842703088512307 20000
2147484936 1611842690014638465 20000
2147483744 1611842655918278384 20000
2147484504 1611842677658756777 20000
2147484529 1611842678373824539 20000
2147484605 1611842680547454041 20000
2147483743 1611842655889649401 20000
2147483820 1611842658091598291 20000
2147483946 1611842661694899121 20000
2147484831 1611842687011566503 20000
2147485194 1611842697394422621 20000
2147485276 1611842699741192125 20000
2147485008 1611842692073807909 20000
2147483750 1611842656089741995 20000
2147483923 1611842661037150814 20000
2147484545 1611842678831320144 20000
2147485518 1611842706664756808 20000
2147484861 1611842687869840406 20000
2147484088 1611842665757445424 20000
2147484662 1611842682177783131 20000
2147484722 1611842683893898245 20000
2147484872 1611842688184522642 20000
2147485298 1611842700370865846 20000
2147483799 1611842657491002349 20000
2147483912 1611842660722592574 20000
2147483996 1611842663126069330 20000
2147484133 1611842667044625794 20000
2147484694 1611842683092856855 20000
2147485397 1611842703202888163 20000
2147483972 1611842662438866983 20000
2147484675 1611842682549668940 20000
2147484711 1611842683579179707 20000
2147484992 1611842691616379752 20000
2147485323 1611842701085874508 20000
2147483686 1611842654258950143 20000
2147484198 1611842668905182565 20000
2147484647 1611842681748669912 20000
2147485314 1611842700828456246 20000
2147485437 1611842704348159728 20000
2147483962 1611842662152863395 20000
2147484602 1611842680461661874 20000
2147484932 1611842689900265005 20000
2147485418 1611842703803943107 20000
2147485530 1611842707007903657 20000
2147483999 1611842663211829277 20000
2147484052 1611842664727932479 20000
2147485283 1611842699941725431 20000
2147484444 1611842675942799079 20000
2147484881 1611842688441902667 20000
2147484975 1611842691130198449 20000
2147485300 1611842700428021317 20000
2147485663 1611842710812412789 20000
2147485338 1611842701514825041 20000
2147483714 1611842655059946497 20000
2147484793 1611842685924534612 20000
2147485233 1611842698510415381 20000
2147485373 1611842702516257049 20000
2147485488 1611842705806850805 20000
2147485686 1611842711470026602 20000
2147483867 1611842659435595898 20000
2147484682 1611842682749771115 20000
2147484746 1611842684580223974 20000
2147485230 1611842698424559961 20000
2147485231 1611842698453175641 20000
2147485743 1611842713100851514 20000
2147484256 1611842670564928500 20000
2147484410 1611842674970289126 20000
2147484447 1611842676028578666 20000
2147484672 1611842682463918026 20000
2147484953 1611842690500821403 20000
2147485061 1611842693590788526 20000
2147484305 1611842671966173635 20000
2147484673 1611842682492497868 20000
2147484856 1611842687726663192 20000
2147483881 1611842659836094289 20000
2147484084 1611842665643091059 20000
2147484627 1611842681176758443 20000
2147484833 1611842687068858331 20000
2147485123 1611842695363843761 20000
2147485457 1611842704920073050 20000
2147485566 1611842708037590823 20000
2147485671 1611842711041097802 20000
2147484029 1611842664070218136 20000
2147484253 1611842670479170941 20000
2147484499 1611842677515711698 20000
2147484699 1611842683235960578 20000
2147485634 1611842709982367182 20000
2147483689 1611842654344731425 20000
2147483746 1611842655975429583 20000
2147484002 1611842663297688462 20000
2147484158 1611842667760052619 20000
2147484762 1611842685037867749 20000
2147484954 1611842690529396389 20000
2147483667 1611842653715630639 20000
2147484754 1611842684809086569 20000
2147485027 1611842692618146506 20000
2147485333 1611842701371867881 20000
2147483697 1611842654573420993 20000
2147483760 1611842656375720441 20000
2147483943 1611842661609107832 20000
2147483976 1611842662553187338 20000
2147484119 1611842666644234889 20000
2147484813 1611842686496542343 20000
2147484827 1611842686896975936 20000
2147484307 1611842672023352439 20000
2147484323 1611842672480742924 20000
2147484974 1611842691101568056 20000
2147485705 1611842712013836432 20000
2147485047 1611842693190513422 20000
2147485110 1611842694991989443 20000
2147485390 1611842703002710264 20000
2147483960 1611842662095630999 20000
2147484486 1611842677143939989 20000
2147484786 1611842685724324407 20000
2147484792 1611842685895913839 20000
2147485575 1611842708294850316 20000
2147485607 1611842709210192917 20000
2147484035 1611842664241795229 20000
2147484506 1611842677715944511 20000
2147484789 1611842685810119442 20000
2147485565 1611842708008959542 20000
2147484397 1611842674598494733 20000
2147484523 1611842678202220114 20000
2147484804 1611842686239161240 20000
2147485581 1611842708466517396 20000
2147485673 1611842711098379513 20000
2147484350 1611842673253722436 20000
2147484757 1611842684894916211 20000
2147484868 1611842688069991051 20000
2147485729 1611842712700307587 20000
2147483842 1611842658720609313 20000
2147484107 1611842666301006915 20000
2147484183 1611842668476155064 20000
2147484561 1611842679288962371 20000
2147484685 1611842682835520234 20000
2147484866 1611842688012798345 20000
2147484171 1611842668132408449 20000
2147484308 1611842672051949428 20000
2147484389 1611842674369762417 20000
2147484640 1611842681548545880 20000
2147484718 1611842683779495503 20000
2147483937 1611842661437479895 20000
2147484189 1611842668647783017 20000
2147484194 1611842668790818539 20000
2147485215 1611842697994882972 20000
2147485491 1611842705892674564 20000
2147484581 1611842679861025147 20000
2147485281 1611842699884570325 20000
2147485421 1611842703889896696 20000
2147485493 1611842705949880011 20000
2147485497 1611842706064245200 20000
2147483775 1611842656804515518 20000
2147485586 1611842708609493808 20000
2147484764 1611842685095023593 20000
2147484967 1611842690901301812 20000
2147485115 1611842695135035657 20000
2147485287 1611842700056118608 20000
2147485478 1611842705520818953 20000
2147485745 1611842713158059198 20000
2147484712 1611842683607780511 20000
2147485501 1611842706178739817 20000
2147484667 1611842682320909745 20000
2147484867 1611842688041398837 20000
2147485133 1611842695649938964 20000
2147485571 1611842708180505822 20000
2147484270 1611842670965148423 20000
2147484748 1611842684637489542 20000
2147485059 1611842693533588850 20000
2147485428 1611842704090435120 20000
2147484114 1611842666501206183 20000
2147484618 1611842680919309857 20000
2147483765 1611842656518626797 20000
2147485090 1611842694420000204 20000
2147485340 1611842701571977284 20000
2147485626 1611842709753483659 20000
2147485675 1611842711155567792 20000
2147483761 1611842656404296921 20000
2147484314 1611842672223419443 20000
2147484591 1611842680147097082 20000
2147484766 1611842685152272307 20000
2147484779 1611842685524063071 20000
2147484803 1611842686210586892 20000
2147484878 1611842688356172380 20000
2147484926 1611842689728594027 20000
2147485197 1611842697480155791 20000
2147485395 1611842703145686963 20000
2147485401 1611842703317348036 20000
2147485536 1611842707179571275 20000
2147483853 1611842659035183393 20000
2147484583 1611842679918196084 20000
2147485222 1611842698195157682 20000
2147485246 1611842698883014491 20000
2147485274 1611842699683917504 20000
2147485496 1611842706035652462 20000
2147483921 1611842660979926973 20000
2147484013 1611842663612542035 20000
2147484282 1611842671308312938 20000
2147485140 1611842695850052711 20000
2147485293 1611842700227782193 20000
2147485451 1611842704748492141 20000
2147485638 1611842710096871059 20000
2147485641 1611842710182726751 20000
2147484138 1611842667187763863 20000
2147484166 1611842667989302596 20000
2147484431 1611842675570846494 20000
2147484645 1611842681691506382 20000
2147484971 1611842691015746052 20000
2147485311 1611842700742667442 20000
2147484691 1611842683007020882 20000
2147484716 1611842683722268128 20000
2147484958 1611842690643871508 20000
2147483713 1611842655031362453 20000
2147484268 1611842670907992130 20000
2147485332 1611842701343253145 20000
2147485419 1611842703832626389 20000
2147485658 1611842710669396065 20000
2147485742 1611842713072273096 20000
2147484510 1611842677830353025 20000
2147484646 1611842681720086746 20000
2147484697 1611842683178731350 20000
2147485003 1611842691930875137 20000
2147485084 1611842694248461226 20000
2147483776 1611842656833139721 20000
2147483993 1611842663040186060 20000
2147484346 1611842673138717831 20000
2147484352 1611842673310962012 20000
2147484412 1611842675027488956 20000
2147484467 1611842676600561894 20000
2147485346 1611842701743550635 20000
2147485350 1611842701858046135 20000
2147485468 1611842705234581183 20000
2147485684 1611842711412842738 20000
2147485073 1611842693933991969 20000
2147485242 1611842698768329960 20000
2147485370 1611842702430436854 20000
2147485431 1611842704176399579 20000
2147485444 1611842704548375758 20000
2147485635 1611842710010961910 20000
2147483828 1611842658320320649 20000
2147485234 1611842698539112394 20000
2147483712 1611842655002743452 20000
2147484402 1611842674741505193 20000
2147484823 1611842686782495340 20000
2147484977 1611842691187368480 20000
2147485386 1611842702888330235 20000
2147485467 1611842705205994844 20000
2147485688 1611842711527179308 20000
2147483898 1611842660322222917 20000
2147484606 1611842680576031579 20000
2147485609 1611842709267376056 20000
2147483802 1611842657576750975 20000
2147485426 1611842704033153366 20000
2147485728 1611842712671733902 20000
2147483922 1611842661008557450 20000
2147483967 1611842662295879375 20000
2147484006 1611842663412072502 20000
2147485050 1611842693276302486 20000
2147485433 1611842704233582569 20000
2147483665 1611842653658427824 20000
2147483869 1611842659492847339 20000
2147485364 1611842702258261293 20000
2147483940 1611842661523261296 20000
2147484068 1611842665185470414 20000
2147484287 1611842671451356297 20000
2147484338 1611842672909839054 20000
2147484730 1611842684122656791 20000
2147485554 1611842707694216094 20000
2147483817 1611842658005817369 20000
2147484272 1611842671022362513 20000
2147485628 1611842709810726802 20000
2147483987 1611842662868581653 20000
2147484428 1611842675484921242 20000
2147484914 1611842689385535852 20000
2147485147 1611842696050200486 20000
2147485249 1611842698969021902 20000
2147485392 1611842703059935865 20000
2147485711 1611842712185492192 20000
2147484654 1611842681948845383 20000
2147484980 1611842691273149400 20000
2147485264 1611842699398024461 20000
2147485560 1611842707865867638 20000
2147484066 1611842665128306151 20000
2147484295 1611842671680102347 20000
2147484333 1611842672766739273 20000
2147484544 1611842678802742017 20000
2147485366 1611842702315418999 20000
2147483725 1611842655374714133 20000
2147484512 1611842677887525846 20000
2147484809 1611842686382114941 20000
2147485112 1611842695049139730 20000
2147485200 1611842697565972324 20000
2147485305 1611842700571021850 20000
2147483781 1611842656976197973 20000
2147483934 1611842661351712169 20000
2147484149 1611842667502575712 20000
2147484796 1611842686010348081 20000
2147485199 1611842697537383740 20000
2147484254 1611842670507765812 20000
2147485273 1611842699655341309 20000
2147483763 1611842656461472693 20000
2147484568 1611842679489287928 20000
2147484572 1611842679603631155 20000
2147484847 1611842687469296856 20000
2147485102 1611842694763138388 20000
2147485363 1611842702229681601 20000
2147483683 1611842654173157603 20000
2147483986 1611842662839957959 20000
2147484310 1611842672109111424 20000
2147485180 1611842696993915562 20000
2147485561 1611842707894497827 20000
2147483670 1611842653801382038 20000
2147483959 1611842662067043495 20000
2147484579 1611842679803872804 20000
2147483753 1611842656175555342 20000
2147483938 1611842661466062686 20000
2147484374 1611842673940820647 20000
2147485060 1611842693562210815 20000
2147485600 1611842709010110735 20000
2147485647 1611842710354538623 20000
2147483920 1611842660951344353 20000
2147484266 1611842670850792495 20000
2147485712 1611842712214069507 20000
2147483886 1611842659979035301 20000
2147484236 1611842669992261044 20000
2147484683 1611842682778356961 20000
2147485361 1611842702172504810 20000
2147485434 1611842704262181432 20000
2147485715 1611842712299900465 20000
2147484791 1611842685867338499 20000
2147485042 1611842693047386728 20000
2147485163 1611842696507670503 20000
2147485567 1611842708066191641 20000
2147485588 1611842708666648072 20000
2147485043 1611842693075975966 20000
2147483932 1611842661294532545 20000
2147484477 1611842676886592475 20000
2147484601 1611842680433080969 20000
2147484706 1611842683436145914 20000
2147485022 1611842692474896393 20000
2147485415 1611842703717995464 20000
2147485643 1611842710240025596 20000
2147484376 1611842673997987476 20000
2147484828 1611842686925677260 20000
2147485011 1611842692159599849 20000
2147485173 1611842696793614047 20000
2147485605 1611842709153030628 20000
2147483769 1611842656632982266 20000
2147485551 1611842707608444230 20000
2147483777 1611842656861745982 20000
2147483822 1611842658148757872 20000
2147484426 1611842675427768802 20000
2147484692 1611842683035598485 20000
2147485040 1611842692990191937 20000
2147484259 1611842670650680580 20000
2147484873 1611842688213122733 20000
2147484897 1611842688899325352 20000
2147484008 1611842663469344170 20000
2147484009 1611842663497921815 20000
2147485319 1611842700971495054 20000
2147484815 1611842686553714212 20000
2147484859 1611842687812568134 20000
2147485517 1611842706636159987 20000
2147485307 1611842700628176007 20000
2147483694 1611842654487647315 20000
2147483752 1611842656146977237 20000
2147484306 1611842671994752443 20000
2147484649 1611842681805906562 20000
2147485460 1611842705005847991 20000
2147483708 1611842654888169417 20000
2147485034 1611842692818446537 20000
2147483899 1611842660350855099 20000
2147484634 1611842681376951180 20000
2147484994 1611842691673537801 20000
2147484343 1611842673052920804 20000
2147485176 1611842696879453489 20000
2147485259 1611842699255099293 20000
2147485449 1611842704691335408 20000
2147484033 1611842664184594095 20000
2147484502 1611842677601530383 20000
2147485021 1611842692445661290 20000
2147483709 1611842654916747532 20000
2147483893 1611842660179260831 20000
2147484178 1611842668332993193 20000
2147484387 1611842674312523357 20000
2147484595 1611842680261470785 20000
2147484998 1611842691787912241 20000
2147485621 1611842709610485680 20000
2147484741 1611842684437206013 20000
2147485416 1611842703746583003 20000
2147485344 1611842701686344793 20000
2147483806 1611842657691178564 20000
2147484459 1611842676371699911 20000
2147485023 1611842692503547817 20000
2147484123 1611842666758625135 20000
2147484959 1611842690672478172 20000
2147485036 1611842692875679952 20000
2147485577 1611842708352104688 20000
2147485351 1611842701886629292 20000
2147485389 1611842702974095829 20000
2147483787 1611842657147788071 20000
2147483981 1611842662696718275 20000
2147484671 1611842682435323184 20000
2147485691 1611842711613095328 20000
2147484264 1611842670793637133 20000
2147484902 1611842689042363297 20000
2147485359 1611842702115353091 20000
2147485522 1611842706779189703 20000
2147483682 1611842654144535605 20000
2147484367 1611842673740657621 20000
2147484629 1611842681233964366 20000
2147484650 1611842681834489105 20000
2147484450 1611842676114344841 20000
2147484453 1611842676200114952 20000
2147484471 1611842676714963562 20000
2147485024 1611842692532149889 20000
2147483711 1611842654974060360 20000
2147484366 1611842673712058652 20000
2147484677 1611842682606837689 20000
2147484772 1611842685323897104 20000
2147484891 1611842688727756932 20000
2147484904 1611842689099523432 20000
2147484920 1611842689557110202 20000
2147485183 1611842697079794968 20000
2147485310 1611842700714088214 20000
2147484285 1611842671394181672 20000
2147485010 1611842692130970664 20000
2147484354 1611842673368218270 20000
2147484886 1611842688584794213 20000
2147485068 1611842693791028687 20000
2147485519 1611842706693426802 20000
2147485615 1611842709438977110 20000
2147484246 1611842670278969977 20000
2147484818 1611842686639556838 20000
2147485254 1611842699112160532 20000
2147485662 1611842710783828228 20000
2147485689 1611842711555848616 20000
2147483952 1611842661866653224 20000
2147484492 1611842677315565228 20000
2147484548 1611842678917115603 20000
2147485672 1611842711069686884 20000
2147484015 1611842663669849892 20000
2147484109 1611842666358185601 20000
2147484420 1611842675256204576 20000
2147484429 1611842675513541779 20000
2147484357 1611842673454195178 20000
2147485054 1611842693390630093 20000
2147485226 1611842698309872538 20000
2147483902 1611842660436683029 20000
2147483915 1611842660808424524 20000
2147484423 1611842675342027928 20000
2147484774 1611842685381062631 20000
2147484616 1611842680862139902 20000
2147484806 1611842686296379293 20000
2147485212 1611842697909087685 20000
2147485372 1611842702487664261 20000
2147485631 1611842709896473264 20000
2147483860 1611842659235374353 20000
2147483870 1611842659521434580 20000
2147484570 1611842679546458243 20000
2147484638 1611842681491263319 20000
2147484819 1611842686668148266 20000
2147485001 1611842691873690210 20000
2147485088 1611842694362820420 20000
2147485452 1611842704777118065 20000
2147483997 1611842663154656429 20000
2147484231 1611842669849324527 20000
2147484726 1611842684008314805 20000
2147485681 1611842711327091163 20000
2147483661 1611842653543971831 20000
2147484047 1611842664584918324 20000
2147483855 1611842659092333358 20000
2147484714 1611842683665065980 20000
2147485687 1611842711498601362 20000
2147483890 1611842660093449834 20000
2147483988 1611842662897195549 20000
2147484024 1611842663927106286 20000
2147485529 1611842706979321878 20000
2147484533 1611842678488186465 20000
2147484769 1611842685238138178 20000
2147484956 1611842690586573080 20000
2147485558 1611842707808602269 20000
2147485649 1611842710411713435 20000
2147484165 1611842667960706020 20000
2147484184 1611842668504813434 20000
2147484205 1611842669105425856 20000
2147484458 1611842676343093101 20000
2147484644 1611842681662922941 20000
2147484704 1611842683378934988 20000
2147485552 1611842707637039943 20000
2147484212 1611842669305749184 20000
2147484841 1611842687297744182 20000
2147485166 1611842696593441244 20000
2147485182 1611842697051136945 20000
2147485247 1611842698911691322 20000
2147483690 1611842654373317799 20000
2147484170 1611842668103793928 20000
2147484518 1611842678059196745 20000
2147484132 1611842667016012079 20000
2147484876 1611842688299019504 20000
2147483734 1611842655632259494 20000
2147483796 1611842657405206619 20000
2147484854 1611842687669472488 20000
2147485732 1611842712786112969 20000
2147483885 1611842659950415406 20000
2147484105 1611842666243845749 20000
2147485187 1611842697194224817 20000
2147485244 1611842698825659076 20000
2147485612 1611842709353175655 20000
2147483892 1611842660150659877 20000
2147484074 1611842665357092461 20000
2147484275 1611842671108129116 20000
2147484982 1611842691330346395 20000
2147485103 1611842694791715391 20000
2147485284 1611842699970298310 20000
2147485654 1611842710555005163 20000
2147485682 1611842711355679856 20000
2147484540 1611842678688366630 20000
2147484574 1611842679660857773 20000
2147484832 1611842687040278077 20000
2147484242 1611842670164625815 20000
2147484359 1611842673511437910 20000
2147484550 1611842678974289558 20000
2147484651 1611842681863071816 20000
2147485583 1611842708523673415 20000
2147483900 1611842660379488584 20000
2147485224 1611842698252586213 20000
2147485549 1611842707551229776 20000
2147483990 1611842662954361024 20000
2147484089 1611842665786194535 20000
2147484983 1611842691358951994 20000
2147485019 1611842692388436408 20000
2147485508 1611842706378860111 20000
2147485706 1611842712042417397 20000
2147484765 1611842685123643837 20000
2147484910 1611842689271094286 20000
2147483800 1611842657519584672 20000
2147484016 1611842663698426756 20000
2147484079 1611842665499983631 20000
2147484394 1611842674512745227 20000
2147484812 1611842686467844031 20000
2147484665 1611842682263704268 20000
2147484795 1611842685981770326 20000
2147484988 1611842691501912688 20000
2147485134 1611842695678534763 20000
2147485445 1611842704576956283 20000
2147484126 1611842666844424696 20000
2147484351 1611842673282367954 20000
2147485243 1611842698796918441 20000
2147485657 1611842710640767465 20000
2147483970 1611842662381666719 20000
2147484142 1611842667302367109 20000
2147485015 1611842692273999105 20000
2147483747 1611842656004002444 20000
2147484532 1611842678459609224 20000
2147484681 1611842682721175718 20000
2147484807 1611842686324956290 20000
2147485143 1611842695935797184 20000
2147485158 1611842696364713748 20000
2147483873 1611842659607345920 20000
2147484136 1611842667130430800 20000
2147484456 1611842676285883612 20000
2147484918 1611842689499926969 20000
2147485304 1611842700542441026 20000
2147485368 1611842702373193447 20000
2147484849 1611842687526516897 20000
2147483877 1611842659721704348 20000
2147484045 1611842664527732154 20000
2147484509 1611842677801723336 20000
2147484865 1611842687984185363 20000
2147485645 1611842710297286969 20000
2147483814 1611842657919978622 20000
2147484441 1611842675856996529 20000
2147484666 1611842682292311907 20000
2147485270 1611842699569594713 20000
2147485325 1611842701143098647 20000
2147485738 1611842712957683638 20000
2147484393 1611842674484168395 20000
2147485228 1611842698367199278 20000
2147485250 1611842698997646287 20000
2147485365 1611842702286841715 20000
2147484309 1611842672080530812 20000
2147484421 1611842675284785775 20000
2147485407 1611842703488921374 20000
2147485475 1611842705434935933 20000
2147484624 1611842681090963629 20000
2147484557 1611842679174567792 20000
2147484805 1611842686267799862 20000
2147484284 1611842671365517640 20000
2147484763 1611842685066443198 20000
2147484825 1611842686839764598 20000
2147485096 1611842694591565773 20000
2147485369 1611842702401818424 20000
2147483715 1611842655088530316 20000
2147484889 1611842688670569971 20000
2147484556 1611842679145988722 20000
2147484869 1611842688098639434 20000
2147485038 1611842692932995496 20000
2147485531 1611842707036483184 20000
2147483804 1611842657633913815 20000
2147484433 1611842675628087423 20000
2147485680 1611842711298515848 20000
2147484237 1611842670021495442 20000
2147484893 1611842688784940918 20000
2147485016 1611842692302584469 20000
2147484403 1611842674770078287 20000
2147484843 1611842687354947365 20000
2147485017 1611842692331191452 20000
2147485321 1611842701028717537 20000
2147485278 1611842699798512924 20000
2147483676 1611842653972944537 20000
2147483868 1611842659464259899 20000
2147484474 1611842676800745111 20000
2147485601 1611842709038683421 20000
2147484034 1611842664213220818 20000
2147484214 1611842669362936916 20000
2147484626 1611842681148154447 20000
2147485257 1611842699197918237 20000
2147483739 1611842655775200759 20000
2147484495 1611842677401346456 20000
2147483792 1611842657290723017 20000
2147483942 1611842661580459223 20000
2147483971 1611842662410291502 20000
2147484082 1611842665585901791 20000
2147484743 1611842684494424537 20000
2147484767 1611842685180881263 20000
2147485403 1611842703374569165 20000
2147485500 1611842706150131578 20000
2147484118 1611842666615645866 20000
2147484943 1611842690214813289 20000
2147483727 1611842655431943315 20000
2147483788 1611842657176365435 20000
2147484790 1611842685838761258 20000
2147483766 1611842656547203887 20000
2147484241 1611842670135947142 20000
2147485189 1611842697251407530 20000
2147484283 1611842671336936066 20000
2147485044 1611842693104683954 20000
2147485699 1611842711842166000 20000
2147484056 1611842664842345012 20000
2147484317 1611842672309186922 20000
2147485584 1611842708552290445 20000
2147484941 1611842690157595249 20000
2147485125 1611842695421074575 20000
2147484437 1611842675742558621 20000
2147484657 1611842682034665143 20000
2147485642 1611842710211384447 20000
2147483827 1611842658291736600 20000
2147483848 1611842658892235839 20000
2147483904 1611842660493899445 20000
2147484140 1611842667245090267 20000
2147485543 1611842707379706802 20000
2147483771 1611842656690135609 20000
2147485162 1611842696479085741 20000
2147483717 1611842655145721202 20000
2147484480 1611842676972377000 20000
2147485546 1611842707465487169 20000
2147483830 1611842658377502451 20000
2147483839 1611842658634807807 20000
2147484663 1611842682206500297 20000
2147484800 1611842686124714291 20000
2147485490 1611842705864047319 20000
2147485707 1611842712071129602 20000
2147484569 1611842679517867885 20000
2147484877 1611842688327596573 20000
2147484934 1611842689957481853 20000
2147485058 1611842693504954284 20000
2147485135 1611842695707118376 20000
2147485580 1611842708437921494 20000
2147483854 1611842659063759512 20000
2147484438 1611842675771216216 20000
2147484388 1611842674341129238 20000
2147484946 1611842690300692428 20000
2147485116 1611842695163613504 20000
2147485252 1611842699054906606 20000
2147485018 1611842692359848938 20000
2147485523 1611842706807807982 20000
2147485556 1611842707751411623 20000
2147485685 1611842711441418698 20000
2147483826 1611842658263144465 20000
2147484251 1611842670421907697 20000
2147484739 1611842684380040256 20000
2147485290 1611842700141958547 20000
2147485603 1611842709095868139 20000
2147484324 1611842672509365097 20000
2147484928 1611842689785836109 20000
2147485229 1611842698395910785 20000
2147485302 1611842700485194188 20000
2147483783 1611842657033350262 20000
2147485614 1611842709410400003 20000
2147484398 1611842674627084449 20000
2147483751 1611842656118373373 20000
2147484478 1611842676915168543 20000
2147484584 1611842679946838406 20000
2147483728 1611842655460555663 20000
2147483953 1611842661895228938 20000
2147484050 1611842664670760263 20000
2147484163 1611842667903319571 20000
2147485261 1611842699312290913 20000
2147485335 1611842701429031727 20000
2147485409 1611842703546146178 20000
2147483738 1611842655746584734 20000
2147485184 1611842697108373351 20000
2147483729 1611842655489161125 20000
2147484328 1611842672623800288 20000
2147485652 1611842710497705584 20000
2147484724 1611842683951093256 20000
2147483847 1611842658863627415 20000
2147484097 1611842666014876209 20000
2147484686 1611842682864094516 20000
2147485087 1611842694334242793 20000
2147485355 1611842702001016204 20000
2147485542 1611842707351081362 20000
2147483911 1611842660694015332 20000
2147484003 1611842663326273731 20000
2147484508 1611842677773146870 20000
2147484808 1611842686353533581 20000
2147485232 1611842698481753893 20000
2147485661 1611842710755246966 20000
2147484025 1611842663955732009 20000
2147484615 1611842680833531610 20000
2147484955 1611842690557975349 20000
2147485107 1611842694906213523 20000
2147485317 1611842700914311623 20000
2147485569 1611842708123350593 20000
2147483663 1611842653601157219 20000
2147484017 1611842663727002451 20000
2147484020 1611842663812757484 20000
2147484549 1611842678945691082 20000
2147484864 1611842687955603751 20000
2147485463 1611842705091653676 20000
2147483719 1611842655202912300 20000
2147483909 1611842660636852130 20000
2147484137 1611842667159058406 20000
2147485093 1611842694505759859 20000
2147485439 1611842704405318817 20000
2147484125 1611842666815847442 20000
2147484735 1611842684265666967 20000
2147485030 1611842692704061960 20000
2147485327 1611842701200289266 20000
2147485422 1611842703918596897 20000
2147485471 1611842705320363111 20000
2147485515 1611842706579008891 20000
2147484173 1611842668189764589 20000
2147485031 1611842692732653862 20000
2147485119 1611842695249425183 20000
2147484252 1611842670450504259 20000
2147485345 1611842701714959531 20000
2147485526 1611842706893555919 20000
2147484395 1611842674541324755 20000
2147484466 1611842676571912915 20000
2147485171 1611842696736402416 20000
2147485510 1611842706436048938 20000
2147485576 1611842708323488316 20000
2147484048 1611842664613531770 20000
2147484288 1611842671479932638 20000
2147485316 1611842700885731996 20000
2147485347 1611842701772136055 20000
2147485476 1611842705463596321 20000
2147484053 1611842664756509950 20000
2147484175 1611842668247009285 20000
2147484547 1611842678888542834 20000
2147485202 1611842697623219307 20000
2147483974 1611842662496024456 20000
2147484277 1611842671165323659 20000
2147484761 1611842685009290107 20000
2147485002 1611842691902272154 20000
2147485089 1611842694391422135 20000
2147485453 1611842704805695719 20000
2147485482 1611842705635294915 20000
2147484233 1611842669906508703 20000
2147484375 1611842673969407958 20000
2147484424 1611842675370606093 20000
2147485320 1611842701000072429 20000
2147483656 1611842653400975996 20000
2147483866 1611842659407017197 20000
2147484342 1611842673024336105 20000
2147484948 1611842690357890293 20000
2147485069 1611842693819612799 20000
2147485072 1611842693905417114 20000
2147485127 1611842695478334438 20000
2147485448 1611842704662745514 20000
2147485582 1611842708495090162 20000
2147484217 1611842669448681818 20000
2147484262 1611842670736451231 20000
2147485303 1611842700513830644 20000
2147485385 1611842702859697552 20000
2147485396 1611842703174264953 20000
2147483789 1611842657204984954 20000
2147483818 1611842658034391739 20000
2147483950 1611842661809360992 20000
2147484797 1611842686038934600 20000
2147485417 1611842703775286141 20000
2147485513 1611842706521842340 20000
2147483861 1611842659263950014 20000
2147483879 1611842659778928815 20000
2147484049 1611842664642155296 20000
2147485037 1611842692904324863 20000
2147485081 1611842694162730770 20000
2147483673 1611842653887167604 20000
2147484455 1611842676257282896 20000
2147484603 1611842680490284050 20000
2147485318 1611842700942896168 20000
2147485435 1611842704290840281 20000
2147485702 1611842711928025711 20000
2147484539 1611842678659772380 20000
2147485185 1611842697136970171 20000
2147484099 1611842666072097613 20000
2147484120 1611842666672867660 20000
2147484500 1611842677544309046 20000
2147484586 1611842680004042679 20000
2147484652 1611842681891657292 20000
2147483876 1611842659693127728 20000
2147484470 1611842676686338195 20000
2147485075 1611842693991189396 20000
2147485511 1611842706464630802 20000
2147484065 1611842665099701629 20000
2147484454 1611842676228691573 20000
2147484527 1611842678316654905 20000
2147485269 1611842699541018160 20000
2147484489 1611842677229682459 20000
2147485076 1611842694019770552 20000
2147485156 1611842696307536581 20000
2147485465 1611842705148805024 20000
2147485591 1611842708752551451 20000
2147483808 1611842657748362630 20000
2147483815 1611842657948589046 20000
2147484273 1611842671050939522 20000
2147484788 1611842685781490537 20000
2147484937 1611842690043221117 20000
2147485071 1611842693876820931 20000
2147485130 1611842695564127034 20000
2147485627 1611842709782117339 20000
2147483941 1611842661551883635 20000
2147484085 1611842665671671565 20000
2147484463 1611842676486104859 20000
2147485268 1611842699512442789 20000
2147485646 1611842710325910606 20000
2147484385 1611842674255345013 20000
2147483705 1611842654802287347 20000
2147483740 1611842655803785091 20000
2147485014 1611842692245403773 20000
2147485356 1611842702029610735 20000
2147485509 1611842706407474367 20000
2147485659 1611842710697984830 20000
2147484011 1611842663555377020 20000
2147485000 1611842691845096708 20000
2147485165 1611842696564824936 20000
2147485487 1611842705778275769 20000
2147484216 1611842669420092141 20000
2147484566 1611842679432075289 20000
2147485193 1611842697365837006 20000
2147485195 1611842697423003657 20000
2147485462 1611842705063031276 20000
2147483660 1611842653515371035 20000
2147483784 1611842657061927993 20000
2147484558 1611842679203144405 20000
2147484620 1611842680976567303 20000
2147485722 1611842712500066472 20000
2147483944 1611842661637685535 20000
2147484623 1611842681062355644 20000
2147485114 1611842695106353882 20000
2147485251 1611842699026291721 20000
2147485664 1611842710840992446 20000
2147484798 1611842686067541803 20000
2147485170 1611842696707789541 20000
2147485564 1611842707980383312 20000
2147484098 1611842666043490516 20000
2147484145 1611842667388233370 20000
2147484311 1611842672137684757 20000
2147484313 1611842672194842403 20000
2147485041 1611842693018783397 20000
2147485334 1611842701400456434 20000
2147485644 1611842710268634373 20000
2147483685 1611842654230317843 20000
2147484871 1611842688155883647 20000
2147485587 1611842708638069520 20000
2147485074 1611842693962571900 20000
2147485336 1611842701457605149 20000
2147485555 1611842707722812496 20000
2147485739 1611842712986270912 20000
2147483901 1611842660408065219 20000
2147483979 1611842662639493268 20000
2147484271 1611842670993731925 20000
2147484472 1611842676743541967 20000
2147484751 1611842684723316450 20000
2147483835 1611842658520470120 20000
2147484058 1611842664899547987 20000
2147484187 1611842668590562497 20000
2147485402 1611842703345937926 20000
2147485442 1611842704491159743 20000
2147483692 1611842654430471500 20000
2147484479 1611842676943797444 20000
2147485479 1611842705549450513 20000
2147485636 1611842710039645652 20000
2147483666 1611842653687003494 20000
2147483991 1611842662982971982 20000
2147484289 1611842671508508217 20000
2147484320 1611842672394917530 20000
2147484446 1611842675999992341 20000
2147484535 1611842678545349769 20000
2147485213 1611842697937664323 20000
2147483657 1611842653429550625 20000
2147484415 1611842675113243792 20000
2147484607 1611842680604667835 20000
2147484286 1611842671422758458 20000
2147484378 1611842674055164300 20000
2147484517 1611842678030617202 20000
2147484609 1611842680661822919 20000
2147485082 1611842694191306266 20000
2147485241 1611842698739658842 20000
2147484128 1611842666901609803 20000
2147484331 1611842672709566363 20000
2147484631 1611842681291177397 20000
2147484770 1611842685266735739 20000
2147485296 1611842700313671816 20000
2147485423 1611842703947230538 20000
2147484835 1611842687126197641 20000
2147484887 1611842688613366971 20000
2147485175 1611842696850859376 20000
2147484027 1611842664012903472 20000
2147484179 1611842668361621527 20000
2147484430 1611842675542268937 20000
2147484760 1611842684980644968 20000
2147484332 1611842672738145171 20000
2147484432 1611842675599498285 20000
2147484708 1611842683493321037 20000
2147484970 1611842690987108066 20000
2147485131 1611842695592747281 20000
2147485138 1611842695792863862 20000
2147485440 1611842704433895580 20000
2147483927 1611842661151482450 20000
2147484230 1611842669820747001 20000
2147484460 1611842676400282134 20000
2147484497 1611842677458534087 20000
2147485216 1611842698023496228 20000
2147485455 1611842704862858884 20000
2147485499 1611842706121419464 20000
2147484862 1611842687898434746 20000
2147485223 1611842698223816628 20000
2147485713 1611842712242664148 20000
2147483655 1611842653372366418 20000
2147483767 1611842656575801021 20000
2147484161 1611842667846076190 20000
2147484445 1611842675971418445 20000
2147485207 1611842697766209312 20000
2147485430 1611842704147813655 20000
2147485535 1611842707150859763 20000
2147484116 1611842666558464038 20000
2147484153 1611842667616997113 20000
2147484462 1611842676457498131 20000
2147483964 1611842662210019068 20000
2147483965 1611842662238661331 20000
2147483966 1611842662267305976 20000
2147483758 1611842656318496325 20000
2147483888 1611842660036296153 20000
2147484040 1611842664384696328 20000
2147484448 1611842676057183785 20000
2147484536 1611842678573989249 20000
2147484551 1611842679002865594 20000
2147484625 1611842681119558132 20000
2147485512 1611842706493244483 20000
2147483994 1611842663068813219 20000
2147484680 1611842682692600239 20000
2147484713 1611842683636421429 20000
2147485700 1611842711870834148 20000
2147483798 1611842657462423431 20000
2147484044 1611842664499128131 20000
2147484442 1611842675885575044 20000
2147485495 1611842706007067265 20000
2147485503 1611842706235914512 20000
2147485734 1611842712843296718 20000
2147483737 1611842655718011559 20000
2147483819 1611842658063022990 20000
2147484039 1611842664356121132 20000
2147484427 1611842675456343883 20000
2147484531 1611842678431008453 20000
2147484848 1611842687497879611 20000
2147484028 1611842664041498835 20000
2147484071 1611842665271314402 20000
2147485388 1611842702945480171 20000
2147485424 1611842703975892267 20000
2147485597 1611842708924254545 20000
2147483954 1611842661923921933 20000
2147483998 1611842663183249320 20000
2147484390 1611842674398350350 20000
2147484860 1611842687841200813 20000
2147485473 1611842705377651341 20000
2147485632 1611842709925051412 20000
2147485353 1611842701943847358 20000
2147483726 1611842655403366800 20000
2147483977 1611842662581766918 20000
2147484653 1611842681920232985 20000
2147484777 1611842685466894316 20000
2147485394 1611842703117088219 20000
2147484562 1611842679317536291 20000
2147483687 1611842654287533812 20000
2147484086 1611842665700245623 20000
2147484371 1611842673855060879 20000
2147484802 1611842686181976562 20000
2147485080 1611842694134147366 20000
2147485484 1611842705692526323 20000
2147485679 1611842711269914518 20000
2147483928 1611842661180059479 20000
2147484227 1611842669734772323 20000
2147484565 1611842679403452788 20000
2147484968 1611842690929916536 20000
2147485326 1611842701171700595 20000
2147484678 1611842682635444172 20000
2147484917 1611842689471308238 20000
2147484989 1611842691530530472 20000
2147485656 1611842710612156004 20000
2147485660 1611842710726623694 20000
2147484417 1611842675170426725 20000
2147484617 1611842680890727943 20000
2147484639 1611842681519899373 20000
2147485342 1611842701629147513 20000
2147485343 1611842701657763012 20000
2147483759 1611842656347126950 20000
2147484070 1611842665242687467 20000
2147484906 1611842689156738728 20000
2147485399 1611842703260122092 20000
2147483648 1611842652200766405 20000
2147483658 1611842653458139361 20000
2147483968 1611842662324465892 20000
2147484115 1611842666529805470 20000
2147484929 1611842689814423652 20000
2147484054 1611842664785098728 20000
2147485709 1611842712128279449 20000
2147483841 1611842658691995751 20000
2147483985 1611842662811363954 20000
2147484111 1611842666415396941 20000
2147484174 1611842668218373704 20000
2147484199 1611842668933766794 20000
2147484571 1611842679575033505 20000
2147483958 1611842662038438746 20000
2147484260 1611842670679286365 20000
2147484588 1611842680061299582 20000
2147484915 1611842689414119954 20000
2147485209 1611842697823360151 20000
2147484801 1611842686153294795 20000
2147484896 1611842688870741538 20000
2147484960 1611842690701052007 20000
2147485285 1611842699998896290 20000
2147485733 1611842712814721981 20000
2147483984 1611842662782784277 20000
2147484834 1611842687097590479 20000
2147485376 1611842702602219060 20000
2147484146 1611842667416810227 20000
2147485048 1611842693219124965 20000
2147485236 1611842698596394231 20000
2147485383 1611842702802485407 20000
2147485411 1611842703603416209 20000
2147483931 1611842661265884581 20000
2147484908 1611842689213934879 20000
2147485256 1611842699169343329 20000
2147485341 1611842701600571820 20000
2147483653 1611842653315162817 20000
2147483801 1611842657548170162 20000
2147484157 1611842667731435735 20000
2147484176 1611842668275642854 20000
2147484528 1611842678345245140 20000
2147484611 1611842680719074195 20000
2147484687 1611842682892701812 20000
2147485208 1611842697794785695 20000
2147485516 1611842706607585750 20000
2147483871 1611842659550047490 20000
2147485255 1611842699140769597 20000
2147484302 1611842671880403690 20000
2147485414 1611842703689352815 20000
2147485721 1611842712471472837 20000
2147484784 1611842685667078595 20000
2147484978 1611842691215989454 20000
2147483696 1611842654544822355 20000
2147484195 1611842668819412029 20000
2147484659 1611842682091901418 20000
2147484642 1611842681605711790 20000
2147484820 1611842686696736818 20000
2147484938 1611842690071798239 20000
2147485227 1611842698338567972 20000
2147485339 1611842701543400366 20000
2147485458 1611842704948681827 20000
2147484334 1611842672795314406 20000
2147484368 1611842673769237180 20000
2147484689 1611842682949864381 20000
2147485104 1611842694820288380 20000
2147485425 1611842704004478421 20000
2147483790 1611842657233562777 20000
2147484335 1611842672823892683 20000
2147484925 1611842689700019067 20000
2147485205 1611842697709024600 20000
2147485371 1611842702459048636 20000
2147485446 1611842704605531171 20000
2147485454 1611842704834268262 20000
2147485198 1611842697508803543 20000
2147485203 1611842697651803536 20000
2147484610 1611842680690404294 20000
2147484710 1611842683550570375 20000
2147485157 1611842696336125180 20000
2147485545 1611842707436910036 20000
2147485714 1611842712271270653 20000
2147483651 1611842653257968735 20000
2147483857 1611842659149511142 20000
2147484127 1611842666873034852 20000
2147484944 1611842690243407152 20000
2147485374 1611842702544878729 20000
2147485618 1611842709524714607 20000
2147483913 1611842660751168843 20000
2147484042 1611842664441865984 20000
2147484382 1611842674169608912 20000
2147484401 1611842674712922686 20000
2147485384 1611842702831083605 20000
2147483807 1611842657719787422 20000
2147484200 1611842668962347483 20000
2147484063 1611842665042535281 20000
2147484164 1611842667932027943 20000
2147484210 1611842669248526187 20000
2147484693 1611842683064228601 20000
2147484879 1611842688384750402 20000
2147484451 1611842676142932362 20000
2147485083 1611842694219881935 20000
2147485489 1611842705835468883 20000
2147483745 1611842655946854393 20000
2147484226 1611842669706184315 20000
2147484684 1611842682806941738 20000
2147485550 1611842707579808931 20000
2147484046 1611842664556309478 20000
2147484269 1611842670936570768 20000
2147484922 1611842689614287590 20000
2147483973 1611842662467440415 20000
2147484939 1611842690100381096 20000
2147485637 1611842710068287294 20000
2147483718 1611842655174326080 20000
2147484781 1611842685581272576 20000
2147484993 1611842691644959699 20000
2147485005 1611842691988046766 20000
2147485055 1611842693419208854 20000
2147485063 1611842693647995773 20000
2147485297 1611842700342254995 20000
2147485559 1611842707837215484 20000
2147485698 1611842711813494262 20000
2147485717 1611842712357170893 20000
2147484635 1611842681405535130 20000
2147485128 1611842695506940458 20000
2147483864 1611842659349846090 20000
2147484587 1611842680032695934 20000
2147485221 1611842698166542557 20000
2147484347 1611842673167869955 20000
2147484405 1611842674827233731 20000
2147485358 1611842702086764880 20000
2147485481 1611842705606712191 20000
2147485690 1611842711584480437 20000
2147484007 1611842663440765002 20000
2147484365 1611842673683401949 20000
2147483730 1611842655517797535 20000
2147484196 1611842668848002700 20000
2147484356 1611842673425495686 20000
2147484575 1611842679689436007 20000
2147484707 1611842683464721191 20000
2147485610 1611842709295953199 20000
2147484091 1611842665843356635 20000
2147484852 1611842687612323290 20000
2147485148 1611842696078776942 20000
2147483721 1611842655260107666 20000
2147484232 1611842669877914083 20000
2147484434 1611842675656685266 20000
2147484630 1611842681262550696 20000
2147484695 1611842683121485054 20000
2147484422 1611842675313382926 20000
2147484501 1611842677572891578 20000
2147484700 1611842683264542339 20000
2147485086 1611842694305661328 20000
2147485744 1611842713129478045 20000
2147484348 1611842673196447347 20000
2147485196 1611842697451578677 20000
2147483748 1611842656032581110 20000
2147485354 1611842701972439141 20000
2147485704 1611842711985217485 20000
2147483699 1611842654630658501 20000
2147483785 1611842657090568350 20000
2147484108 1611842666329611065 20000
2147484135 1611842667101813334 20000
2147484281 1611842671279737658 20000
2147485181 1611842697022555526 20000
2147485585 1611842708580869625 20000
2147484857 1611842687755372608 20000
2147484981 1611842691301741315 20000
2147485169 1611842696679207524 20000
2147485375 1611842702573608900 20000
2147483989 1611842662925769252 20000
2147484117 1611842666587066065 20000
2147484326 1611842672566586224 20000
2147484464 1611842676514709859 20000
2147484555 1611842679117349074 20000
2147485568 1611842708094774414 20000
2147485032 1611842692761285870 20000
2147484589 1611842680089916579 20000
2147485238 1611842698653684463 20000
2147485505 1611842706293097728 20000
2147485670 1611842711012520319 20000
2147484505 1611842677687359452 20000
2147484621 1611842681005147961 20000
2147485136 1611842695735695882 20000
2147485172 1611842696764979936 20000
2147485178 1611842696936678079 20000
2147485525 1611842706864982607 20000
2147484090 1611842665814776741 20000
2147484150 1611842667531197639 20000
2147484406 1611842674855837459 20000
2147484409 1611842674941685473 20000
2147485595 1611842708867089662 20000
2147483757 1611842656289918277 20000
2147483951 1611842661837945868 20000
2147484030 1611842664098827132 20000
2147484768 1611842685209565058 20000
2147484845 1611842687412141041 20000
2147485701 1611842711899407839 20000
2147483811 1611842657834203619 20000
2147484413 1611842675056063253 20000
2147484296 1611842671708718671 20000
2147484303 1611842671908987514 20000
2147484742 1611842684465838672 20000
2147484987 1611842691473335796 20000
2147485562 1611842707923080060 20000
2147485692 1611842711641747093 20000
2147484379 1611842674083788468 20000
2147485548 1611842707522642354 20000
2147483698 1611842654602062382 20000
2147484679 1611842682664022310 20000
2147485563 1611842707951807030 20000
2147485606 1611842709181606994 20000
2147485667 1611842710926743606 20000
2147485313 1611842700799866532 20000
2147484043 1611842664470484123 20000
2147484182 1611842668447504212 20000
2147484969 1611842690958496637 20000
2147483812 1611842657862825344 20000
2147484104 1611842666215265968 20000
2147484890 1611842688699174834 20000
2147485237 1611842698625067710 20000
2147483754 1611842656204142505 20000
2147483894 1611842660207865182 20000
2147484072 1611842665299899720 20000
2147484073 1611842665328476627 20000
2147485122 1611842695335238669 20000
2147483659 1611842653486785178 20000
2147483961 1611842662124209457 20000
2147484525 1611842678259476510 20000
2147483919 1611842660922764550 20000
2147483957 1611842662009837862 20000
2147484240 1611842670107354119 20000
2147484274 1611842671079524638 20000
2147484737 1611842684322884856 20000
2147485391 1611842703031358565 20000
2147485727 1611842712643160301 20000
2147483795 1611842657376530731 20000
2147484067 1611842665156893039 20000
2147484218 1611842669477271666 20000
2147484267 1611842670879409366 20000
2147484297 1611842671737296080 20000
2147484979 1611842691244565092 20000
2147484168 1611842668046565340 20000
2147484756 1611842684866339798 20000
2147483906 1611842660551086067 20000
2147484439 1611842675799798656 20000
2147484522 1611842678173641881 20000
2147484880 1611842688413324628 20000
2147485608 1611842709238777366 20000
2147484380 1611842674112367104 20000
2147484950 1611842690415071497 20000
2147485146 1611842696021572839 20000
2147484337 1611842672881166202 20000
2147485655 1611842710583580494 20000
2147484538 1611842678631163214 20000
2147484018 1611842663755586740 20000
2147484493 1611842677344184785 20000
2147484759 1611842684952071508 20000
2147485520 1611842706722005466 20000
2147485578 1611842708380690439 20000
2147483649 1611842653200804880 20000
2147483840 1611842658663416923 20000
2147484121 1611842666701444927 20000
2147484935 1611842689986058713 20000
2147484984 1611842691387529987 20000
2147485174 1611842696822191831 20000
2147485381 1611842702745244090 20000
2147483674 1611842653915742418 20000
2147484670 1611842682406738839 20000
2147484799 1611842686096138021 20000
2147485151 1611842696164539285 20000
2147483704 1611842654773697535 20000
2147483741 1611842655832415504 20000
2147483875 1611842659664549731 20000
2147484185 1611842668533406992 20000
2147484202 1611842669019600261 20000
2147483791 1611842657262138004 20000
2147485613 1611842709381801817 20000
2147483722 1611842655288701534 20000
2147483914 1611842660779794183 20000
2147484924 1611842689671443168 20000
2147484837 1611842687183439950 20000
2147484554 1611842679088744523 20000
2147484942 1611842690186205924 20000
2147484990 1611842691559156111 20000
2147485210 1611842697851937314 20000
2147483856 1611842659120920636 20000
2147484321 1611842672423556505 20000
2147485362 1611842702201077393 20000
2147484855 1611842687698063201 20000
2147484318 1611842672337768008 20000
2147484327 1611842672595173692 20000
2147485289 1611842700113329773 20000
2147485494 1611842705978473845 20000
2147483955 1611842661952502942 20000
2147484875 1611842688270338618 20000
2147484923 1611842689642865185 20000
2147484961 1611842690729668318 20000
2147485155 1611842696278950848 20000
2147485159 1611842696393327236 20000
2147483851 1611842658978014662 20000
2147484249 1611842670364755209 20000
2147485111 1611842695020564215 20000
2147485306 1611842700599600427 20000
2147483773 1611842656747346465 20000
2147484134 1611842667073215737 20000
2147484265 1611842670822212298 20000
2147484345 1611842673110093620 20000
2147484604 1611842680518881566 20000
2147485630 1611842709867886085 20000
2147485747 1611842713215267039 20000
2147484597 1611842680318696465 20000
2147485192 1611842697337225208 20000
2147483980 1611842662668088854 20000
2147484021 1611842663841353725 20000
2147484293 1611842671622889198 20000
2147484244 1611842670221806017 20000
2147484885 1611842688556216999 20000
2147485271 1611842699598173241 20000
2147485035 1611842692847068914 20000
2147485357 1611842702058189610 20000
2147485432 1611842704204985807 20000
2147485725 1611842712585943234 20000
2147483736 1611842655689427372 20000
2147484156 1611842667702736570 20000
2147484469 1611842676657758308 20000
2147485599 1611842708981499486 20000
2147483731 1611842655546387768 20000
2147485280 1611842699855887651 20000
2147484592 1611842680175689138 20000
2147483695 1611842654516237608 20000
2147483947 1611842661723490321 20000
2147484103 1611842666186630614 20000
2147484744 1611842684523011133 20000
2147485029 1611842692675403015 20000
2147484564 1611842679374861468 20000
2147484728 1611842684065499524 20000
2147484846 1611842687440721272 20000
2147485121 1611842695306642559 20000
2147485235 1611842698567701133 20000
2147485544 1611842707408282621 20000
2147483681 1611842654115905492 20000
2147484386 1611842674283947737 20000
2147485091 1611842694448576052 20000
2147485450 1611842704719911867 20000
2147483829 1611842658348922120 20000
2147483956 1611842661981212236 20000
2147484012 1611842663583964533 20000
2147484130 1611842666958807671 20000
2147484947 1611842690329311485 20000
2147485039 1611842692961605465 20000
2147485211 1611842697880512325 20000
2147483654 1611842653343793493 20000
2147484899 1611842688956522539 20000
2147483756 1611842656261309272 20000
2147484229 1611842669792061333 20000
2147484507 1611842677744569155 20000
2147484709 1611842683521906416 20000
2147485710 1611842712156857066 20000
2147483675 1611842653944359374 20000
2147483710 1611842654945346176 20000
2147483884 1611842659921824906 20000
2147484057 1611842664870920319 20000
2147484392 1611842674455564234 20000
2147485726 1611842712614561974 20000
2147484186 1611842668561982563 20000
2147484734 1611842684237059369 20000
2147485085 1611842694277080894 20000
2147483650 1611842653229386724 20000
2147483935 1611842661380287833 20000
2147484143 1611842667330948447 20000
2147484255 1611842670536347148 20000
2147484299 1611842671794499425 20000
2147485108 1611842694934790396 20000
2147485553 1611842707665615565 20000
2147483889 1611842660064876180 20000
2147484520 1611842678116389968 20000
2147484930 1611842689843026815 20000
2147485504 1611842706264512300 20000
2147485579 1611842708409271009 20000
2147485746 1611842713186640595 20000
2147483703 1611842654745124208 20000
2147483768 1611842656604390552 20000
2147483816 1611842657977234350 20000
2147483872 1611842659578645643 20000
2147484384 1611842674226761962 20000
2147483809 1611842657776984035 20000
2147483844 1611842658777833850 20000
2147483850 1611842658949382183 20000
2147484552 1611842679031542296 20000
2147485020 1611842692417035388 20000
2147485188 1611842697222799305 20000
2147485650 1611842710440328724 20000
2147484129 1611842666930231868 20000
2147484279 1611842671222573112 20000
2147484696 1611842683150154791 20000
2147485404 1611842703403185453 20000
2147484181 1611842668418904627 20000
2147484221 1611842669563092642 20000
2147484298 1611842671765887092 20000
2147484608 1611842680633244727 20000
2147484753 1611842684780473591 20000
2147484771 1611842685295310657 20000
2147485410 1611842703574747223 20000
2147485604 1611842709124453897 20000
2147485620 1611842709581889460 20000
2147485640 1611842710154093937 20000
2147483701 1611842654687850309 20000
2147483925 1611842661094324676 20000
2147484219 1611842669505891465 20000
2147484484 1611842677086748081 20000
2147484749 1611842684666131067 20000
2147485328 1611842701228866549 20000
2147484019 1611842663784163628 20000
2147484059 1611842664928138609 20000
2147484172 1611842668161084151 20000
2147485052 1611842693333473932 20000
2147485062 1611842693619361339 20000
2147485160 1611842696421902612 20000
2147483794 1611842657347917200 20000
2147484207 1611842669162757159 20000
2147485028 1611842692646758755 20000
2147484239 1611842670078721025 20000
2147484473 1611842676772164955 20000
2147484542 1611842678745527280 20000
2147484997 1611842691759291238 20000
2147485528 1611842706950735460 20000
2147485541 1611842707322503035 20000
2147485693 1611842711670366526 20000
2147484060 1611842664956770079 20000
2147484883 1611842688499056949 20000
2147484921 1611842689585685433 20000
2147483824 1611842658205956744 20000
2147484247 1611842670307548188 20000
2147485378 1611842702659392124 20000
2147485651 1611842710468923037 20000
2147483948 1611842661752109883 20000
2147484898 1611842688927916790 20000
2147484905 1611842689128099481 20000
2147485064 1611842693676623357 20000
2147484083 1611842665614480146 20000
2147484131 1611842666987386048 20000
2147484248 1611842670336151093 20000
2147484895 1611842688842138187 20000
2147484916 1611842689442722018 20000
2147485337 1611842701486207487 20000
2147483668 1611842653744205737 20000
2147483845 1611842658806422213 20000
2147484055 1611842664813745597 20000
2147484325 1611842672537995897 20000
2147484698 1611842683207342093 20000
2147483803 1611842657605336499 20000
2147483969 1611842662353064165 20000
2147484197 1611842668876585393 20000
2147484776 1611842685438300918 20000
2147485220 1611842698137953367 20000
2147485275 1611842699712552467 20000
2147484553 1611842679060125674 20000
2147484593 1611842680204318889 20000
2147484613 1611842680776298517 20000
2147485248 1611842698940373335 20000
2147483929 1611842661208669310 20000
2147484096 1611842665986298101 20000
2147484257 1611842670593500927 20000
2147484391 1611842674426928011 20000
2147484399 1611842674655711742 20000
2147485557 1611842707779987709 20000
2147484632 1611842681319760359 20000
2147485380 1611842702716649242 20000
2147485456 1611842704891499321 20000
2147485668 1611842710955330740 20000
2147484353 1611842673339544951 20000
2147484927 1611842689757206137 20000
2147485573 1611842708237664255 20000
2147483874 1611842659635973711 20000
2147483880 1611842659807505033 20000
2147484490 1611842677258278581 20000
2147485105 1611842694848904796 20000
2147484167 1611842668017935302 20000
2147484369 1611842673797841581 20000
2147484844 1611842687383547075 20000
2147484903 1611842689070942130 20000
2147485214 1611842697966303732 20000
2147485308 1611842700656819759 20000
2147485400 1611842703288715431 20000
2147485441 1611842704462551371 20000
2147485459 1611842704977261204 20000
2147484966 1611842690872674654 20000
2147485352 1611842701915268518 20000
2147485624 1611842709696298802 20000
2147484094 1611842665929145422 20000
2147484636 1611842681434112244 20000
2147484821 1611842686725313825 20000
2147485570 1611842708151927083 20000
2147483918 1611842660894167143 20000
2147484999 1611842691816520217 20000
2147485118 1611842695220790535 20000
2147485137 1611842695764273921 20000
2147485186 1611842697165649692 20000
2147485665 1611842710869587992 20000
2147484516 1611842678001986057 20000
2147485329 1611842701257481730 20000
2147484362 1611842673597377276 20000
2147484612 1611842680747707417 20000
2147485406 1611842703460345173 20000
2147485676 1611842711184175126 20000
2147484519 1611842678087804459 20000
2147484738 1611842684351461238 20000
2147485694 1611842711698949329 20000
2147483793 1611842657319334969 20000
2147484475 1611842676829368309 20000
2147484732 1611842684179868949 20000
2147485291 1611842700170548316 20000
2147483843 1611842658749221417 20000
2147483936 1611842661408892934 20000
2147483983 1611842662754044444 20000
2147484599 1611842680375885114 20000
2147484628 1611842681205335794 20000
2147484725 1611842683979719649 20000
2147484758 1611842684923493648 20000
2147485033 1611842692789864474 20000
2147485272 1611842699626751950 20000
2147485741 1611842713043670201 20000
2147483834 1611842658491882196 20000
2147483949 1611842661780725906 20000
2147484124 1611842666787245709 20000
2147484543 1611842678774102469 20000
2147484573 1611842679632246845 20000
2147484721 1611842683865320016 20000
2147483887 1611842660007664129 20000
2147483916 1611842660837001214 20000
2147483992 1611842663011549460 20000
2147484496 1611842677429955806 20000
2147484203 1611842669048242596 20000
2147484952 1611842690472241180 20000
2147485057 1611842693476378722 20000
2147484319 1611842672366342932 20000
2147484858 1611842687783993718 20000
2147485527 1611842706922137144 20000
2147485534 1611842707122242117 20000
2147483772 1611842656718766387 20000
2147484703 1611842683350345129 20000
2147485367 1611842702344560857 20000
2147485674 1611842711126993587 20000
2147484122 1611842666730023098 20000
2147485723 1611842712528768236 20000
2147485639 1611842710125491097 20000
2147485719 1611842712414320077 20000
2147484062 1611842665013958076 20000
2147484894 1611842688813531865 20000
2147485540 1611842707293913403 20000
2147484113 1611842666472597858 20000
2147484461 1611842676428866001 20000
2147484513 1611842677916171426 20000
2147484824 1611842686811169348 20000
2147485294 1611842700256422294 20000
2147485387 1611842702916904951 20000
2147485703 1611842711956600992 20000
2147483939 1611842661494667120 20000
2147484204 1611842669076851467 20000
2147484436 1611842675713968438 20000
2147485092 1611842694477165904 20000
2147485132 1611842695621359121 20000
2147484001 1611842663269024674 20000
2147484155 1611842667674159510 20000
2147484280 1611842671251150394 20000
2147484381 1611842674140975639 20000
2147484727 1611842684036890292 20000
2147485239 1611842698682406924 20000
2147484688 1611842682921280301 20000
2147484530 1611842678402402542 20000
2147485438 1611842704376744378 20000
2147484032 1611842664156005496 20000
2147484909 1611842689242516624 20000
2147485398 1611842703231522387 20000
2147485718 1611842712385745844 20000
2147484106 1611842666272427922 20000
2147484481 1611842677000965141 20000
2147484541 1611842678716943149 20000
2147485049 1611842693247701960 20000
2147485150 1611842696135957583 20000
2147485533 1611842707093660604 20000
2147485716 1611842712328487284 20000
2147483863 1611842659321267621 20000
2147484177 1611842668304353421 20000
2147484250 1611842670393331728 20000
2147483797 1611842657433847141 20000
2147483837 1611842658577619398 20000
2147484850 1611842687555095586 20000
2147483732 1611842655575027357 20000
2147484141 1611842667273743320 20000
2147484656 1611842682006070055 20000
2147485592 1611842708781227479 20000
2147484076 1611842665414256370 20000
2147484112 1611842666444022057 20000
2147484648 1611842681777284183 20000
2147485295 1611842700285008869 20000
2147485539 1611842707265335949 20000
2147485051 1611842693304896683 20000
2147485477 1611842705492215367 20000
2147485486 1611842705749697639 20000
2147484491 1611842677286871708 20000
2147484614 1611842680804917317 20000
2147484783 1611842685638501219 20000
2147484892 1611842688756335115 20000
2147483669 1611842653772803448 20000
2147483933 1611842661323115108 20000
2147484162 1611842667874733513 20000
2147484193 1611842668762188315 20000
2147484344 1611842673081497203 20000
2147484619 1611842680947924367 20000
2147485253 1611842699083584318 20000
2147483735 1611842655660851688 20000
2147483780 1611842656947597562 20000
2147484383 1611842674198185370 20000
2147484720 1611842683836706215 20000
2147484985 1611842691416146072 20000
2147484822 1611842686753906705 20000
2147484962 1611842690758247811 20000
2147485625 1611842709724872464 20000
2147485740 1611842713014963795 20000
2147484300 1611842671823192866 20000
2147484315 1611842672252018201 20000
2147484465 1611842676543337609 20000
2147484622 1611842681033761694 20000
2147485427 1611842704061776262 20000
2147485506 1611842706321671398 20000
2147484211 1611842669277132008 20000
2147484222 1611842669591774057 20000
2147485099 1611842694677333986 20000
2147485191 1611842697308602976 20000
2147485301 1611842700456596272 20000
2147485720 1611842712442896023 20000
2147483672 1611842653858591997 20000
2147483813 1611842657891402091 20000
2147483978 1611842662610872963 20000
2147484291 1611842671565713200 20000
2147484585 1611842679975465046 20000
2147484888 1611842688641978744 20000
2147485095 1611842694562922321 20000
2147485126 1611842695449686410 20000
2147483883 1611842659893250263 20000
2147484235 1611842669963683652 20000
2147484560 1611842679260386663 20000
2147484775 1611842685409681934 20000
2147485315 1611842700857081348 20000
2147485594 1611842708838467158 20000
2147483832 1611842658434687325 20000
2147484110 1611842666386808794 20000
2147484594 1611842680232895269 20000
2147485154 1611842696250372699 20000
2147485309 1611842700685427198 20000
2147485598 1611842708952835052 20000
2147483770 1611842656661559390 20000
2147485067 1611842693762425190 20000
2147485079 1611842694105564893 20000
2147484225 1611842669677586613 20000
2147485078 1611842694076950126 20000
2147485094 1611842694534341316 20000
2147485683 1611842711384262241 20000
2147484159 1611842667788733777 20000
2147483975 1611842662524609547 20000
2147484077 1611842665442832893 20000
2147485167 1611842696622051731 20000
2147483678 1611842654030106825 20000
2147483846 1611842658834995251 20000
2147484483 1611842677058172945 20000
2147484705 1611842683407572473 20000
2147485331 1611842701314675918 20000
2147484064 1611842665071118791 20000
2147484261 1611842670707873514 20000
2147484278 1611842671193898916 20000
2147484674 1611842682521080219 20000
2147483677 1611842654001534093 20000
2147483930 1611842661237286275 20000
2147484304 1611842671937581239 20000
2147485113 1611842695077715027 20000
2147485472 1611842705348978982 20000
2147483905 1611842660522478580 20000
2147484101 1611842666129372858 20000
2147484215 1611842669391515653 20000
2147485377 1611842702630811216 20000
2147485547 1611842707494063535 20000
2147483907 1611842660579676237 20000
2147484364 1611842673654751432 20000
2147484191 1611842668705018187 20000
2147484223 1611842669620391763 20000
2147484276 1611842671136746189 20000
2147484377 1611842674026586337 20000
2147484567 1611842679460698058 20000
2147485408 1611842703517532043 20000
2147485498 1611842706092842534 20000
2147484213 1611842669334357151 20000
2147484414 1611842675084666923 20000
2147484563 1611842679346190070 20000
2147484590 1611842680118514234 20000
2147484853 1611842687640896737 20000
2147484418 1611842675199039855 20000
2147484901 1611842689013742485 20000
2147485097 1611842694620145668 20000
2147485349 1611842701829450228 20000
2147485447 1611842704634144659 20000
2147484361 1611842673568725399 20000
2147484419 1611842675227625609 20000
2147484449 1611842676085761841 20000
2147485007 1611842692045230476 20000
2147485190 1611842697280026372 20000
2147485492 1611842705921295951 20000
2147484023 1611842663898502607 20000
2147484312 1611842672166264601 20000
2147485065 1611842693705199855 20000
2147485066 1611842693733847285 20000
2147483693 1611842654459050178 20000
2147484514 1611842677944766066 20000
2147484870 1611842688127245290 20000
2147485145 1611842695992995671 20000
2147485206 1611842697737604108 20000
