2147483717 1611842688910059185 20000
2147485706 1611842783885227484 20000
2147484789 1611842733567236497 20000
2147484926 1611842739627964906 20000
2147484940 1611842740134809669 20000
2147485022 1611842744011900934 20000
2147485385 1611842761838105458 20000
2147483873 1611842695137073434 20000
2147484023 1611842700528864986 20000
2147484649 1611842727553730392 20000
2147484575 1611842724611863816 20000
2147484943 1611842740256755929 20000
2147485171 1611842750768935420 20000
2147485649 1611842780829711866 20000
2147483987 1611842699054598113 20000
2147484125 1611842705716554586 20000
2147484384 1611842716622686890 20000
2147484462 1611842720363628825 20000
2147484937 1611842740031841047 20000
2147483797 1611842692026290815 20000
2147483853 1611842694273489083 20000
2147484336 1611842714043408736 20000
2147485620 1611842778258547248 20000
2147485041 1611842745066623121 20000
2147485186 1611842751388127946 20000
2147485229 1611842753112459285 20000
2147484219 1611842710464166551 20000
2147485682 1611842783161580483 20000
2147484226 1611842710734274167 20000
2147484396 1611842717244734053 20000
2147484938 1611842740046352215 20000
2147485552 1611842772028122603 20000
2147485591 1611842775556710553 20000
2147484423 1611842718343068250 20000
2147484612 1611842726311786762 20000
2147485301 1611842756671317004 20000
2147483694 1611842687744343895 20000
2147484306 1611842712907263336 20000
2147484316 1611842713264523656 20000
2147484988 1611842742164727531 20000
2147485580 1611842775145225665 20000
2147485195 1611842751769468521 20000
2147484183 1611842708379421272 20000
2147484243 1611842711291647431 20000
2147484443 1611842719165863018 20000
2147484389 1611842716898618778 20000
2147484523 1611842722641529228 20000
2147484596 1611842725176627534 20000
2147484645 1611842727361591032 20000
2147484834 1611842734975116282 20000
2147483858 1611842694430306957 20000
2147483965 1611842698172243703 20000
2147484257 1611842711661722438 20000
2147485582 1611842775145225665 20000
2147485747 1611842786195043633 20000
2147485400 1611842762245668324 20000
2147485523 1611842771199650522 20000
2147485581 1611842775145225665 20000
2147484538 1611842723312178896 20000
2147485670 1611842781412559038 20000
2147484230 1611842710830763101 20000
2147484325 1611842713537704634 20000
2147484479 1611842720983567338 20000
2147485348 1611842758481912380 20000
2147484287 1611842712427195503 20000
2147484525 1611842722742696857 20000
2147484674 1611842728613375607 20000
2147484108 1611842704861636885 20000
2147485264 1611842754179421081 20000
2147484355 1611842714907997645 20000
2147485149 1611842749740720409 20000
2147485152 1611842749827901947 20000
2147485717 1611842784195009906 20000
2147483833 1611842693639062997 20000
2147483948 1611842697595612582 20000
2147484333 1611842713906441082 20000
2147484821 1611842734640097804 20000
2147484840 1611842735209429440 20000
2147485117 1611842747927964025 20000
2147484979 1611842741635851127 20000
2147485547 1611842771836263947 20000
2147483887 1611842695494421384 20000
2147484365 1611842715555556128 20000
2147484965 1611842741116732386 20000
2147484571 1611842724460275680 20000
2147484767 1611842732708123847 20000
2147485265 1611842754204417560 20000
2147485536 1611842771560275900 20000
2147483702 1611842687893128499 20000
2147484377 1611842716206217692 20000
2147484543 1611842723522492393 20000
2147485369 1611842761625299180 20000
2147484170 1611842708120893977 20000
2147484252 1611842711556551039 20000
2147484482 1611842721081797462 20000
2147485664 1611842781209109902 20000
2147483732 1611842689326321911 20000
2147484132 1611842705917048989 20000
2147485491 1611842769439939841 20000
2147484089 1611842704250220604 20000
2147484320 1611842713337442407 20000
2147484346 1611842714494498112 20000
2147484435 1611842718854474803 20000
2147484547 1611842723674572869 20000
2147483689 1611842687431732727 20000
2147483709 1611842688666729340 20000
2147484017 1611842700072377096 20000
2147485247 1611842753522377980 20000
2147485468 1611842767032327728 20000
2147483924 1611842696702130563 20000
2147484005 1611842699714973921 20000
2147485272 1611842755180668726 20000
2147484043 1611842702382180691 20000
2147484105 1611842704761342285 20000
2147484166 1611842707913612403 20000
2147485179 1611842751092385404 20000
2147485401 1611842762254320577 20000
2147483845 1611842694054596307 20000
2147483905 1611842696163730324 20000
2147484030 1611842700772881421 20000
2147485619 1611842778244271728 20000
2147483652 1611842686373597870 20000
2147484869 1611842736576813131 20000
2147485214 1611842752577403032 20000
2147484951 1611842740499828042 20000
2147485329 1611842757666565913 20000
2147483894 1611842695655160097 20000
2147483976 1611842698667415628 20000
2147484187 1611842708539022824 20000
2147484617 1611842726467350098 20000
2147485218 1611842752741141387 20000
2147483655 1611842686459574327 20000
2147484067 1611842703469794921 20000
2147484340 1611842714153379657 20000
2147483680 1611842687174488388 20000
2147485250 1611842753733499079 20000
2147485645 1611842780576877032 20000
2147485464 1611842766928363245 20000
2147483960 1611842697947559521 20000
2147484010 1611842699821855204 20000
2147484018 1611842700355765830 20000
2147484812 1611842734338528104 20000
2147484864 1611842736409841813 20000
2147485322 1611842757407697706 20000
2147485332 1611842757765975553 20000
2147485595 1611842775596149665 20000
2147483892 1611842695604986630 20000
2147484063 1611842703356151467 20000
2147484775 1611842733173924611 20000
2147485219 1611842752878691412 20000
2147484416 1611842718025522008 20000
2147484835 1611842735071367979 20000
2147485054 1611842745483245383 20000
2147483752 1611842690468683176 20000
2147484956 1611842740712339159 20000
2147485530 1611842771401949955 20000
2147485636 1611842778988336879 20000
2147485699 1611842783687102195 20000
2147483974 1611842698522604923 20000
2147484129 1611842705824781936 20000
2147484611 1611842726309295364 20000
2147484391 1611842717000674492 20000
2147484452 1611842719577077892 20000
2147485590 1611842775440855481 20000
2147485455 1611842766666743903 20000
2147485658 1611842781050462893 20000
2147483748 1611842690259803109 20000
2147484459 1611842719838057518 20000
2147484578 1611842724711034253 20000
2147484112 1611842705239889564 20000
2147484283 1611842712333081811 20000
2147485080 1611842746505758022 20000
2147485128 1611842748241306704 20000
2147483951 1611842697687935925 20000
2147484576 1611842724657237170 20000
2147485038 1611842744576593868 20000
2147484224 1611842710624917715 20000
2147484856 1611842736251180966 20000
2147484344 1611842714388851328 20000
2147484680 1611842728961820833 20000
2147484755 1611842732360716654 20000
2147484790 1611842733578050292 20000
2147484905 1611842738953949972 20000
2147485017 1611842743850716920 20000
2147485232 1611842753260195636 20000
2147485244 1611842753732745783 20000
2147483879 1611842695289835029 20000
2147484442 1611842719117434071 20000
2147484655 1611842727637201748 20000
2147485245 1611842753732745783 20000
2147484345 1611842714440956969 20000
2147485050 1611842745347031343 20000
2147485221 1611842752655623082 20000
2147483726 1611842689067162628 20000
2147483882 1611842695389349784 20000
2147484335 1611842713943373810 20000
2147485728 1611842785512061675 20000
2147483794 1611842691874911008 20000
2147484570 1611842724451558251 20000
2147485541 1611842771675340283 20000
2147484968 1611842741223990217 20000
2147484871 1611842736577235180 20000
2147485026 1611842744110301231 20000
2147485532 1611842771454716367 20000
2147483947 1611842697486370483 20000
2147484163 1611842707808552510 20000
2147484195 1611842709264121575 20000
2147485075 1611842746300585741 20000
2147485207 1611842752269813788 20000
2147484337 1611842714043408736 20000
2147484470 1611842720674260415 20000
2147484587 1611842724927589865 20000
2147483725 1611842689065078675 20000
2147484964 1611842741067531368 20000
2147485587 1611842775313378297 20000
2147484903 1611842738896757918 20000
2147485347 1611842758440561641 20000
2147483837 1611842693751816272 20000
2147484393 1611842717156205399 20000
2147484426 1611842718496420572 20000
2147484071 1611842703624072951 20000
2147484126 1611842705716554586 20000
2147484700 1611842729806294967 20000
2147483880 1611842695389349784 20000
2147484178 1611842708747818050 20000
2147483720 1611842688820781635 20000
2147483743 1611842689949654925 20000
2147484527 1611842722893919632 20000
2147485431 1611842763870331329 20000
2147484533 1611842723059307373 20000
2147484851 1611842736042601086 20000
2147484935 1611842739936402016 20000
2147485615 1611842778051954239 20000
2147484277 1611842712186067779 20000
2147484733 1611842730748294862 20000
2147485481 1611842767284835861 20000
2147484998 1611842742574341686 20000
2147485507 1611842769817145712 20000
2147484079 1611842703926757307 20000
2147484354 1611842714807314765 20000
2147484394 1611842717156205399 20000
2147485560 1611842774403810305 20000
2147484673 1611842728564909322 20000
2147484810 1611842734283440938 20000
2147485100 1611842747134173487 20000
2147485743 1611842786084460215 20000
2147483727 1611842689124384341 20000
2147485449 1611842766504280791 20000
2147485484 1611842769334375475 20000
2147484116 1611842705291852305 20000
2147484590 1611842724986435279 20000
2147485294 1611842755815347774 20000
2147484402 1611842717509227540 20000
2147484606 1611842725400033225 20000
2147485386 1611842761881033939 20000
2147483842 1611842693954314281 20000
2147483906 1611842696173620045 20000
2147484150 1611842707135938197 20000
2147485731 1611842785625895777 20000
2147483909 1611842696263820173 20000
2147484323 1611842713492483842 20000
2147485479 1611842767293787553 20000
2147485241 1611842753502797613 20000
2147485562 1611842774503442397 20000
2147483955 1611842697789068355 20000
2147484047 1611842702572196972 20000
2147484823 1611842734765497835 20000
2147485351 1611842758543745114 20000
2147484364 1611842715555556128 20000
2147484540 1611842723412455746 20000
2147484707 1611842730008522742 20000
2147484430 1611842718654339515 20000
2147485703 1611842783791812254 20000
2147484033 1611842701903699613 20000
2147484064 1611842703361545243 20000
2147484382 1611842716481416379 20000
2147485477 1611842767197662834 20000
2147485668 1611842781304045881 20000
2147483827 1611842693439149125 20000
2147484259 1611842711714432076 20000
2147485199 1611842751912727458 20000
2147485511 1611842769871591708 20000
2147485637 1611842779084481258 20000
2147485712 1611842784043022106 20000
2147484168 1611842708069291413 20000
2147484656 1611842727685002163 20000
2147485246 1611842753628307003 20000
2147485074 1611842746255833550 20000
2147485275 1611842755293140527 20000
2147485371 1611842761624121046 20000
2147485490 1611842769439939841 20000
2147485521 1611842771147029714 20000
2147484592 1611842725035870431 20000
2147484890 1611842738009489483 20000
2147484952 1611842740549108423 20000
2147484428 1611842718596104012 20000
2147484955 1611842740712339159 20000
2147485412 1611842763397675160 20000
2147485458 1611842766768399430 20000
2147483677 1611842687088524598 20000
2147484433 1611842718852885018 20000
2147485108 1611842747659326068 20000
2147484413 1611842717918685217 20000
2147484729 1611842730578905217 20000
2147485089 1611842746771750154 20000
2147483648 1611842685289101369 20000
2147483822 1611842693222084867 20000
2147483958 1611842697891070836 20000
2147483668 1611842686831040132 20000
2147483759 1611842690730453673 20000
2147484862 1611842736356037425 20000
2147485114 1611842747826205077 20000
2147485378 1611842761681566510 20000
2147485579 1611842775000433331 20000
2147484028 1611842700770227810 20000
2147484588 1611842724970025075 20000
2147484924 1611842739624096002 20000
2147484055 1611842702889461406 20000
2147484145 1611842706939918264 20000
2147485258 1611842753980876931 20000
2147484623 1611842726719345125 20000
2147484870 1611842736576813131 20000
2147485138 1611842749309910052 20000
2147485235 1611842753292771008 20000
2147485333 1611842757774717366 20000
2147483801 1611842692184066902 20000
2147483897 1611842695964725168 20000
2147484603 1611842725295711242 20000
2147485693 1611842783519925476 20000
2147485510 1611842769861125887 20000
2147484492 1611842721400745001 20000
2147484759 1611842732467582650 20000
2147485306 1611842756838946051 20000
2147484456 1611842719791696059 20000
2147484778 1611842733206836083 20000
2147484983 1611842741962569020 20000
2147484164 1611842708222361261 20000
2147484360 1611842715118971699 20000
2147484843 1611842735313040813 20000
2147483684 1611842687361862237 20000
2147483874 1611842695179642174 20000
2147484015 1611842700031995598 20000
2147484485 1611842721179904125 20000
2147484804 1611842734130179257 20000
2147485144 1611842749563594039 20000
2147485616 1611842778094992676 20000
2147484258 1611842711704613725 20000
2147485023 1611842744062222355 20000
2147485028 1611842744235305984 20000
2147485585 1611842775237772797 20000
2147483775 1611842691252743585 20000
2147484302 1611842712744309083 20000
2147485548 1611842771938662122 20000
2147484322 1611842713472678011 20000
2147484898 1611842738321768337 20000
2147485398 1611842762192448609 20000
2147485268 1611842755127760366 20000
2147485281 1611842755400502743 20000
2147485686 1611842783268907566 20000
2147485556 1611842772147301221 20000
2147483849 1611842694212424371 20000
2147484894 1611842738164738744 20000
2147485527 1611842771305412550 20000
2147483787 1611842691663640460 20000
2147484290 1611842712531599627 20000
2147485053 1611842745435521519 20000
2147485063 1611842745850311607 20000
2147484422 1611842718290176159 20000
2147484811 1611842734328216653 20000
2147485197 1611842751811172740 20000
2147485311 1611842756991264466 20000
2147483865 1611842694645472396 20000
2147484069 1611842703568327703 20000
2147484359 1611842715009465094 20000
2147485043 1611842744586013977 20000
2147484876 1611842737589427892 20000
2147485251 1611842753764983887 20000
2147484120 1611842705437133748 20000
2147484193 1611842709003327735 20000
2147484589 1611842724977488955 20000
2147484062 1611842703356151467 20000
2147484922 1611842739521405512 20000
2147485262 1611842754134741792 20000
2147484635 1611842727059729117 20000
2147484704 1611842729947070328 20000
2147485168 1611842750658079195 20000
2147485325 1611842757515341575 20000
2147483705 1611842688543648900 20000
2147484085 1611842704092138097 20000
2147484480 1611842721028620838 20000
2147485602 1611842777623258756 20000
2147485653 1611842780884019871 20000
2147484743 1611842730984412043 20000
2147484921 1611842739513110212 20000
2147485044 1611842745129238708 20000
2147483770 1611842691100508793 20000
2147483937 1611842697126401212 20000
2147484201 1611842709578360903 20000
2147484513 1611842722140835102 20000
2147484633 1611842727003425041 20000
2147483854 1611842694320131194 20000
2147483864 1611842694645472396 20000
2147484255 1611842711608360480 20000
2147484945 1611842740292365609 20000
2147485140 1611842749366180950 20000
2147485512 1611842769964215727 20000
2147484065 1611842703411268648 20000
2147484826 1611842734748012768 20000
2147484848 1611842735942418580 20000
2147485660 1611842781100564613 20000
2147484562 1611842724202090756 20000
2147484756 1611842732402968908 20000
2147485375 1611842761624587443 20000
2147484664 1611842728146810566 20000
2147485374 1611842761635603597 20000
2147483697 1611842687752863536 20000
2147484180 1611842708637141683 20000
2147484265 1611842711873662660 20000
2147484139 1611842706123610821 20000
2147484807 1611842734182110784 20000
2147485722 1611842784352129047 20000
2147484484 1611842721179329383 20000
2147484613 1611842726358360408 20000
2147485261 1611842754134741792 20000
2147485392 1611842762046968191 20000
2147483740 1611842689808599311 20000
2147483778 1611842691412883382 20000
2147483885 1611842695443771545 20000
2147484363 1611842715555556128 20000
2147484534 1611842723109986708 20000
2147485039 1611842744577090170 20000
2147484417 1611842718073517032 20000
2147485115 1611842747927964025 20000
2147485009 1611842742901155357 20000
2147485673 1611842781457625508 20000
2147484505 1611842721861436032 20000
2147484676 1611842728732749188 20000
2147484123 1611842705523863132 20000
2147485534 1611842771508927091 20000
2147485723 1611842784360453719 20000
2147483707 1611842688554694344 20000
2147483784 1611842691561119701 20000
2147483834 1611842693642155766 20000
2147484439 1611842719017001737 20000
2147483695 1611842687744343895 20000
2147483914 1611842696419813261 20000
2147484077 1611842703833654082 20000
2147484569 1611842724403328436 20000
2147484713 1611842730160821339 20000
2147484880 1611842737698342216 20000
2147485379 1611842761635603597 20000
2147485517 1611842770033548466 20000
2147483692 1611842687578915144 20000
2147484003 1611842699661845813 20000
2147484020 1611842700412515809 20000
2147485745 1611842786148880961 20000
2147484418 1611842718177572035 20000
2147484619 1611842726520482162 20000
2147484838 1611842735114437719 20000
2147484498 1611842721649345213 20000
2147484785 1611842733410716746 20000
2147485215 1611842752577403032 20000
2147483785 1611842691570348346 20000
2147484026 1611842700621520929 20000
2147484127 1611842705721650667 20000
2147485313 1611842757094677985 20000
2147484692 1611842729533516118 20000
2147485177 1611842751028412449 20000
2147485291 1611842755812853392 20000
2147485416 1611842763447807981 20000
2147485445 1611842766397147486 20000
2147485472 1611842767188975795 20000
2147484774 1611842733173924611 20000
2147485213 1611842752480521897 20000
2147485321 1611842757357641041 20000
2147485076 1611842746309414084 20000
2147483663 1611842686688336394 20000
2147484351 1611842714698097632 20000
2147484976 1611842741532525825 20000
2147485156 1611842749999306460 20000
2147485323 1611842757456121584 20000
2147485550 1611842771941360321 20000
2147485727 1611842785512061675 20000
2147484248 1611842711407047059 20000
2147484521 1611842722537586507 20000
2147484980 1611842741646274463 20000
2147483675 1611842687031496325 20000
2147484103 1611842704706013227 20000
2147484425 1611842718446072235 20000
2147485136 1611842749305094329 20000
2147485293 1611842755812853392 20000
2147484625 1611842726719700429 20000
2147484927 1611842739670001163 20000
2147484947 1611842740348596760 20000
2147484315 1611842713264523656 20000
2147484317 1611842713264920761 20000
2147484398 1611842717363950416 20000
2147485091 1611842746829018364 20000
2147483691 1611842687488948745 20000
2147483735 1611842689532610088 20000
2147483828 1611842693439149125 20000
2147485474 1611842767179947872 20000
2147485739 1611842785927451183 20000
2147483986 1611842699054598113 20000
2147485155 1611842749999306460 20000
2147485340 1611842758279722187 20000
2147484747 1611842731093670031 20000
2147484768 1611842732717951643 20000
2147485540 1611842771675340283 20000
2147484327 1611842713632320037 20000
2147484449 1611842719379256221 20000
2147484690 1611842729432346658 20000
2147484110 1611842705129518312 20000
2147484693 1611842729583481264 20000
2147484999 1611842742583710745 20000
2147485126 1611842748189775350 20000
2147485129 1611842748337211039 20000
2147485389 1611842761942162729 20000
2147485520 1611842770125839942 20000
2147485557 1611842772186644410 20000
2147483877 1611842695240140359 20000
2147483941 1611842697326239094 20000
2147484934 1611842739890536327 20000
2147485513 1611842769964215727 20000
2147484326 1611842713581535503 20000
2147484580 1611842724763546608 20000
2147485185 1611842751338174243 20000
2147484917 1611842739371005695 20000
2147484231 1611842710876861248 20000
2147484476 1611842720884272967 20000
2147485403 1611842762305560754 20000
2147485571 1611842774766007652 20000
2147483916 1611842696436969633 20000
2147483962 1611842698003003983 20000
2147484185 1611842708281328967 20000
2147485059 1611842745710735906 20000
2147485150 1611842749740720409 20000
2147485367 1611842758913319302 20000
2147483804 1611842692306628215 20000
2147484100 1611842704662753772 20000
2147484942 1611842740189404099 20000
2147483749 1611842690312694629 20000
2147484863 1611842736365941759 20000
2147483771 1611842691102510746 20000
2147485081 1611842746505758022 20000
2147485337 1611842758184782077 20000
2147485228 1611842753053917617 20000
2147484321 1611842713472678011 20000
2147484529 1611842722900293506 20000
2147485189 1611842751494938126 20000
2147485537 1611842771570153470 20000
2147484002 1611842699614849928 20000
2147485079 1611842746413004057 20000
2147485223 1611842752828304201 20000
2147483921 1611842696649084639 20000
2147485181 1611842751279882385 20000
2147484665 1611842728060109207 20000
2147484919 1611842739459264762 20000
2147485396 1611842762140383148 20000
2147483654 1611842686430536909 20000
2147483708 1611842688596838872 20000
2147484817 1611842734491984596 20000
2147484949 1611842740462674951 20000
2147485015 1611842743746037802 20000
2147485103 1611842747556561238 20000
2147485695 1611842783531159468 20000
2147484024 1611842700565086031 20000
2147484794 1611842733807462637 20000
2147484800 1611842733970205568 20000
2147485304 1611842756777447393 20000
2147485504 1611842769711414420 20000
2147483939 1611842697221483168 20000
2147484444 1611842719214558784 20000
2147485036 1611842744576593868 20000
2147484714 1611842730254675362 20000
2147484035 1611842702069670944 20000
2147484348 1611842714544853127 20000
2147484486 1611842721189315312 20000
2147485623 1611842778400497832 20000
2147484822 1611842734649016290 20000
2147485249 1611842753556008206 20000
2147485366 1611842758913319302 20000
2147483959 1611842697900175481 20000
2147484297 1611842712643907025 20000
2147484329 1611842713701366703 20000
2147484293 1611842712541742153 20000
2147484750 1611842732245458489 20000
2147485296 1611842755870828786 20000
2147484379 1611842716274332024 20000
2147484641 1611842727258292430 20000
2147485330 1611842757677135606 20000
2147484660 1611842727841937310 20000
2147485016 1611842743752032424 20000
2147485440 1611842764172978305 20000
2147485578 1611842774977193014 20000
2147483688 1611842687422972341 20000
2147484198 1611842709415979915 20000
2147484653 1611842727634135345 20000
2147485033 1611842744329526084 20000
2147484500 1611842721709893993 20000
2147485376 1611842761641544963 20000
2147485632 1611842778832640771 20000
2147483757 1611842690674068106 20000
2147483863 1611842694637968075 20000
2147484331 1611842713787000356 20000
2147483823 1611842693230521817 20000
2147483851 1611842694217609597 20000
2147485116 1611842747927964025 20000
2147484819 1611842734558515722 20000
2147485151 1611842749778148125 20000
2147485495 1611842769499186936 20000
2147483760 1611842690739475853 20000
2147484199 1611842709472046303 20000
2147484777 1611842733173924611 20000
2147485010 1611842742946051522 20000
2147485182 1611842751279882385 20000
2147485278 1611842755492999877 20000
2147484431 1611842718702522567 20000
2147484598 1611842725192444824 20000
2147484796 1611842733817270908 20000
2147484200 1611842709525635612 20000
2147484403 1611842717555785545 20000
2147484420 1611842718283722641 20000
2147484471 1611842720720313047 20000
2147485423 1611842763682260857 20000
2147483889 1611842695504070937 20000
2147484050 1611842702692028627 20000
2147484182 1611842708743077992 20000
2147485522 1611842771156632408 20000
2147485159 1611842750191148941 20000
2147484626 1611842726728188970 20000
2147484859 1611842736257007842 20000
2147484990 1611842742266009027 20000
2147484961 1611842740919372880 20000
2147485708 1611842783991027450 20000
2147484457 1611842719791696059 20000
2147484582 1611842724816259618 20000
2147484669 1611842728355434742 20000
2147484205 1611842709784768526 20000
2147483884 1611842695401137017 20000
2147484884 1611842737807997487 20000
2147483758 1611842690683566581 20000
2147483978 1611842698726284630 20000
2147484080 1611842703935528797 20000
2147485561 1611842774403810305 20000
2147485334 1611842757819472861 20000
2147484218 1611842710416335684 20000
2147484246 1611842711354580525 20000
2147484399 1611842717363950416 20000
2147485101 1611842747145315937 20000
2147485300 1611842756011538438 20000
2147485563 1611842774503442397 20000
2147485657 1611842781040762668 20000
2147484111 1611842705174158067 20000
2147484233 1611842710977841397 20000
2147484959 1611842740858946708 20000
2147483710 1611842688657695029 20000
2147483989 1611842699139118151 20000
2147484795 1611842733808252462 20000
2147484604 1611842725337262249 20000
2147485469 1611842767039729152 20000
2147485724 1611842784404468771 20000
2147484217 1611842710366056960 20000
2147484387 1611842716793123072 20000
2147484453 1611842719577077892 20000
2147485318 1611842757294204933 20000
2147485339 1611842758236712783 20000
2147485509 1611842769821841371 20000
2147483723 1611842688977186265 20000
2147484378 1611842716274332024 20000
2147484936 1611842739983661666 20000
2147485544 1611842771779789328 20000
2147484591 1611842725028115374 20000
2147484960 1611842740909008093 20000
2147485146 1611842749570590386 20000
2147484696 1611842729689348537 20000
2147485675 1611842781505728224 20000
2147483969 1611842698305571343 20000
2147484008 1611842699813293920 20000
2147484216 1611842710318172074 20000
2147484548 1611842723684148534 20000
2147484708 1611842730050768366 20000
2147484906 1611842739060350691 20000
2147485442 1611842764172978305 20000
2147485533 1611842771465561119 20000
2147483706 1611842688545409835 20000
2147483714 1611842688766901871 20000
2147484446 1611842719331058478 20000
2147485744 1611842786087360372 20000
2147484503 1611842721807106966 20000
2147485360 1611842758751845465 20000
2147485444 1611842766308498193 20000
2147485124 1611842748135728977 20000
2147485421 1611842763577228127 20000
2147483678 1611842687117160935 20000
2147483895 1611842695664061442 20000
2147484740 1611842730887960201 20000
2147484754 1611842732350161511 20000
2147485123 1611842748124563373 20000
2147485721 1611842784305251930 20000
2147483977 1611842698667415628 20000
2147484276 1611842712175193939 20000
2147484629 1611842726874048187 20000
2147485575 1611842774921426191 20000
2147484012 1611842699966740719 20000
2147484448 1611842719370077275 20000
2147485483 1611842769232343786 20000
2147484858 1611842736251180966 20000
2147485021 1611842744007543898 20000
2147484061 1611842703356151467 20000
2147484610 1611842726309295364 20000
2147484841 1611842735229913229 20000
2147483970 1611842698326668329 20000
2147484528 1611842722893919632 20000
2147484918 1611842739415680998 20000
2147485027 1611842744217286849 20000
2147485622 1611842778400497832 20000
2147483896 1611842695955215014 20000
2147484236 1611842711039482699 20000
2147484436 1611842718863446586 20000
2147485003 1611842742780575572 20000
2147485437 1611842764018404618 20000
2147485618 1611842778195227849 20000
2147484973 1611842741433159878 20000
2147485248 1611842753610219473 20000
2147485270 1611842755127760366 20000
2147484019 1611842700403991126 20000
2147484332 1611842713836411504 20000
2147484510 1611842722017101183 20000
2147484929 1611842739744386391 20000
2147485034 1611842744420791576 20000
2147485273 1611842755189810115 20000
2147485625 1611842778515198618 20000
2147484237 1611842711189571130 20000
2147484380 1611842716326590358 20000
2147484542 1611842723472378600 20000
2147485096 1611842747035454290 20000
2147485198 1611842751860675133 20000
2147483862 1611842694537045875 20000
2147484104 1611842704715980356 20000
2147484149 1611842707094980947 20000
2147484760 1611842732507849319 20000
2147484985 1611842742012183971 20000
2147485237 1611842753348060494 20000
2147485359 1611842758741838701 20000
2147484490 1611842721338306344 20000
2147484566 1611842724317422899 20000
2147484724 1611842730476186153 20000
2147485024 1611842744168420686 20000
2147485266 1611842754235612663 20000
2147483908 1611842696224359084 20000
2147484078 1611842703879442795 20000
2147484155 1611842707444432174 20000
2147485362 1611842758858317984 20000
2147485596 1611842775681917117 20000
2147485732 1611842785625895777 20000
2147484515 1611842722271186088 20000
2147485014 1611842743746037802 20000
2147485356 1611842758653217983 20000
2147484788 1611842733518577027 20000
2147484095 1611842704449343406 20000
2147484158 1611842707556386483 20000
2147484718 1611842730306133874 20000
2147483807 1611842692442225128 20000
2147484235 1611842710991057562 20000
2147485573 1611842774820266244 20000
2147484487 1611842721292280224 20000
2147484782 1611842733267417195 20000
2147484839 1611842735209429440 20000
2147485655 1611842780989332512 20000
2147483893 1611842695615376045 20000
2147484051 1611842702732997118 20000
2147484056 1611842702937176798 20000
2147485134 1611842749305094329 20000
2147484742 1611842730940543479 20000
2147485345 1611842758390515393 20000
2147485577 1611842774939047997 20000
2147484109 1611842705120065701 20000
2147484138 1611842706123610821 20000
2147484160 1611842707701814886 20000
2147485542 1611842771713067998 20000
2147484357 1611842715018296445 20000
2147484447 1611842719369376782 20000
2147485083 1611842746608840779 20000
2147484215 1611842710305971321 20000
2147484376 1611842716102252315 20000
2147484477 1611842720928452980 20000
2147485227 1611842753010220286 20000
2147485502 1611842769662550662 20000
2147483679 1611842687145775661 20000
2147484162 1611842707861752982 20000
2147484781 1611842733267417195 20000
2147484981 1611842741739161864 20000
2147485535 1611842771517550851 20000
2147483672 1611842686945674875 20000
2147483712 1611842688606237119 20000
2147484939 1611842740087907505 20000
2147484977 1611842741542337356 20000
2147485234 1611842753370005659 20000
2147485593 1611842775449538200 20000
2147484883 1611842737799280138 20000
2147484081 1611842703981062264 20000
2147484753 1611842732308172269 20000
2147484995 1611842742471254167 20000
2147485410 1611842763341800738 20000
2147485719 1611842784249928865 20000
2147484096 1611842704495836681 20000
2147484585 1611842724876876314 20000
2147484780 1611842733206836083 20000
2147483656 1611842686558804247 20000
2147483956 1611842697798843551 20000
2147485583 1611842775145225665 20000
2147484802 1611842734025393281 20000
2147484913 1611842739259465815 20000
2147485242 1611842753464147477 20000
2147485452 1611842766562648155 20000
2147483890 1611842695545160649 20000
2147484106 1611842704771174358 20000
2147484614 1611842726368070184 20000
2147485447 1611842766402179421 20000
2147485674 1611842781462337886 20000
2147484213 1611842710203537558 20000
2147484948 1611842740395916250 20000
2147485072 1611842746192639145 20000
2147484907 1611842739060350691 20000
2147485220 1611842752655623082 20000
2147485094 1611842746931733370 20000
2147484036 1611842702069670944 20000
2147484390 1611842716950776921 20000
2147485042 1611842744966760779 20000
2147485172 1611842750820824550 20000
2147483870 1611842695075377084 20000
2147484469 1611842720663016583 20000
2147484813 1611842734382642545 20000
2147485471 1611842767080854672 20000
2147485617 1611842778144836076 20000
2147484038 1611842702160395571 20000
2147484544 1611842723570971098 20000
2147484728 1611842730568792676 20000
2147484464 1611842720403348949 20000
2147484705 1611842729956268773 20000
2147485088 1611842746723018639 20000
2147483883 1611842695392757985 20000
2147484675 1611842728661475123 20000
2147485388 1611842761932829471 20000
2147485383 1611842761784789035 20000
2147483701 1611842687893128499 20000
2147484837 1611842735076126115 20000
2147485267 1611842755024682189 20000
2147485467 1611842767021600243 20000
2147485644 1611842780633608739 20000
2147484881 1611842737706578961 20000
2147484238 1611842711236981745 20000
2147484734 1611842730748294862 20000
2147484874 1611842737536302241 20000
2147484537 1611842723309616449 20000
2147485430 1611842763816958163 20000
2147485446 1611842766397147486 20000
2147485230 1611842753157377177 20000
2147485312 1611842757033471238 20000
2147484211 1611842710101464991 20000
2147485069 1611842746062632956 20000
2147485212 1611842752433323185 20000
2147484727 1611842730526449027 20000
2147483721 1611842688977186265 20000
2147484369 1611842715814024785 20000
2147485465 1611842766970946037 20000
2147485626 1611842778515198618 20000
2147483841 1611842693905679816 20000
2147484052 1611842702782366592 20000
2147484563 1611842724202090756 20000
2147485404 1611842762314459885 20000
2147483658 1611842686558804247 20000
2147483738 1611842689592932570 20000
2147485190 1611842751593580699 20000
2147485032 1611842744376036857 20000
2147485162 1611842750347641127 20000
2147485173 1611842750870804134 20000
2147484294 1611842712637972236 20000
2147484367 1611842715636278971 20000
2147484554 1611842723902647574 20000
2147485316 1611842757153547957 20000
2147483860 1611842694484218557 20000
2147484253 1611842711556551039 20000
2147485066 1611842745958052677 20000
2147484594 1611842725176627534 20000
2147485157 1611842750039336169 20000
2147484602 1611842725286553796 20000
2147484899 1611842738740402583 20000
2147485659 1611842781091820114 20000
2147484732 1611842730675432739 20000
2147484827 1611842734694107426 20000
2147484901 1611842738838279253 20000
2147485274 1611842755237742776 20000
2147483653 1611842686402430116 20000
2147483792 1611842691869476573 20000
2147483811 1611842692666826628 20000
2147484072 1611842703719817369 20000
2147484156 1611842707498214017 20000
2147484962 1611842741024618680 20000
2147485001 1611842742701066000 20000
2147485211 1611842752427719134 20000
2147485576 1611842774939047997 20000
2147483772 1611842691147922931 20000
2147484504 1611842721820427240 20000
2147484801 1611842734016446367 20000
2147485692 1611842783426887790 20000
2147484292 1611842712532413043 20000
2147484691 1611842729483053089 20000
2147485422 1611842763611355759 20000
2147485482 1611842767340004717 20000
2147485672 1611842781457625508 20000
2147483685 1611842687361862237 20000
2147483891 1611842695571592998 20000
2147485132 1611842748350211741 20000
2147484152 1611842707248188186 20000
2147484536 1611842723212050157 20000
2147485222 1611842752777126428 20000
2147484726 1611842730515532444 20000
2147485040 1611842745066623121 20000
2147485621 1611842778301233700 20000
2147484119 1611842705391645734 20000
2147484424 1611842718394937333 20000
2147484702 1611842729860502561 20000
2147483814 1611842692764868682 20000
2147484371 1611842715842440687 20000
2147483830 1611842693488357643 20000
2147484897 1611842738320179972 20000
2147485543 1611842771779789328 20000
2147483859 1611842694475100323 20000
2147483876 1611842695230948119 20000
2147484174 1611842708960087410 20000
2147483899 1611842696058360174 20000
2147484650 1611842727553730392 20000
2147485697 1611842783631627395 20000
2147483659 1611842686573750750 20000
2147485289 1611842755699409359 20000
2147485494 1611842769457738709 20000
2147485694 1611842783575881101 20000
2147485701 1611842783739162557 20000
2147483857 1611842694422198551 20000
2147484074 1611842703770590963 20000
2147484816 1611842734482907087 20000
2147484887 1611842737912163689 20000
2147485165 1611842750503393047 20000
2147485302 1611842756777447393 20000
2147485326 1611842757562313354 20000
2147483918 1611842696472310555 20000
2147484068 1611842703519445548 20000
2147484552 1611842723889904876 20000
2147485048 1611842745129238708 20000
2147485030 1611842744121383958 20000
2147485538 1611842771609967007 20000
2147483742 1611842689896030160 20000
2147483751 1611842690418348056 20000
2147484560 1611842724094764551 20000
2147484535 1611842723161409793 20000
2147483649 1611842686288094331 20000
2147484267 1611842711959896038 20000
2147484312 1611842713088910895 20000
2147484088 1611842704250220604 20000
2147484632 1611842726932926600 20000
2147485191 1611842751593580699 20000
2147485309 1611842756895611572 20000
2147485409 1611842763341800738 20000
2147485426 1611842763762335848 20000
2147485569 1611842774680071967 20000
2147485711 1611842783999031447 20000
2147484415 1611842718022648592 20000
2147484882 1611842737754179462 20000
2147484966 1611842741125915556 20000
2147485061 1611842745749733181 20000
2147483674 1611842687002781876 20000
2147484472 1611842720769401101 20000
2147484868 1611842736514853324 20000
2147484181 1611842708642401190 20000
2147484539 1611842723362355804 20000
2147484666 1611842728152117992 20000
2147484889 1611842737964067686 20000
2147485119 1611842747980669481 20000
2147485335 1611842757827714052 20000
2147483901 1611842696063575738 20000
2147484478 1611842720973869047 20000
2147484559 1611842724047941045 20000
2147485254 1611842753873949909 20000
2147485324 1611842757474446607 20000
2147485344 1611842758390515393 20000
2147485441 1611842764172978305 20000
2147483953 1611842697642603507 20000
2147484275 1611842712165899913 20000
2147484279 1611842712236067095 20000
2147484093 1611842704393589290 20000
2147484963 1611842741024618680 20000
2147485192 1611842751602047032 20000
2147485608 1611842777823078903 20000
2147483808 1611842692453216114 20000
2147484434 1611842718852885018 20000
2147485025 1611842744007543898 20000
2147484518 1611842722479302143 20000
2147485283 1611842755512416796 20000
2147485380 1611842761742813150 20000
2147484013 1611842699966740719 20000
2147484720 1611842730323542375 20000
2147485594 1611842775497021460 20000
2147485641 1611842780527070567 20000
2147483776 1611842691299959981 20000
2147483903 1611842696114187361 20000
2147484004 1611842699681838774 20000
2147483795 1611842691924364878 20000
2147485118 1611842747969244251 20000
2147485373 1611842758919939099 20000
2147484278 1611842712224813919 20000
2147485397 1611842762150476986 20000
2147483745 1611842690153901925 20000
2147484172 1611842708743077992 20000
2147484192 1611842708960087410 20000
2147484551 1611842723785769063 20000
2147484735 1611842730799727871 20000
2147484073 1611842703770590963 20000
2147484229 1611842710782919837 20000
2147484250 1611842711459327384 20000
2147483992 1611842699294109588 20000
2147484151 1611842707234429652 20000
2147484583 1611842724825924593 20000
2147485584 1611842775187734007 20000
2147483681 1611842687203006388 20000
2147483779 1611842691412883382 20000
2147483840 1611842693858645180 20000
2147484885 1611842737912163689 20000
2147485307 1611842756853223603 20000
2147485652 1611842780945930344 20000
2147485037 1611842744524321824 20000
2147485133 1611842748390838973 20000
2147483856 1611842694376225620 20000
2147484349 1611842714595116181 20000
2147484824 1611842734856895449 20000
2147485448 1611842766410878638 20000
2147484298 1611842712652412236 20000
2147484683 1611842729064564456 20000
2147484971 1611842741426978707 20000
2147484522 1611842722589832809 20000
2147484902 1611842738848949404 20000
2147485013 1611842743746037802 20000
2147484672 1611842728513374933 20000
2147484850 1611842735997791724 20000
2147483964 1611842698099249173 20000
2147483966 1611842698172243703 20000
2147484530 1611842722948783346 20000
2147484891 1611842738110960729 20000
2147485102 1611842747454759220 20000
2147483963 1611842698099249173 20000
2147484006 1611842699759911426 20000
2147484025 1611842700612353515 20000
2147484872 1611842736620396718 20000
2147485104 1611842747567401085 20000
2147485498 1611842769560416469 20000
2147485661 1611842781142808682 20000
2147483847 1611842694108049893 20000
2147483996 1611842699404524073 20000
2147484141 1611842706188523642 20000
2147484247 1611842711398813877 20000
2147484410 1611842717831613862 20000
2147485106 1611842747567777546 20000
2147484432 1611842718750119160 20000
2147484771 1611842732990942059 20000
2147485710 1611842783991027450 20000
2147484711 1611842730110508110 20000
2147485487 1611842769354299262 20000
2147483869 1611842694742277746 20000
2147484473 1611842720816722616 20000
2147484550 1611842723776508587 20000
2147484701 1611842729847351029 20000
2147485067 1611842746006351110 20000
2147485434 1611842764077878269 20000
2147483920 1611842696649084639 20000
2147484122 1611842705490491226 20000
2147484328 1611842713681375755 20000
2147484622 1611842726667802356 20000
2147485209 1611842752328611198 20000
2147485314 1611842757095245507 20000
2147485319 1611842757294204933 20000
2147483764 1611842690944729673 20000
2147484644 1611842727319072882 20000
2147485045 1611842745129238708 20000
2147485202 1611842752063542219 20000
2147485256 1611842753922473082 20000
2147485450 1611842766505376730 20000
2147483846 1611842694063755472 20000
2147484009 1611842699966740719 20000
2147484204 1611842709782817197 20000
2147484573 1611842724556420979 20000
2147485154 1611842749895972811 20000
2147485480 1611842767303252336 20000
2147485635 1611842779033398053 20000
2147484506 1611842721959207088 20000
2147484831 1611842734950610917 20000
2147484892 1611842738117828796 20000
2147484196 1611842709268270356 20000
2147485586 1611842775286221750 20000
2147483660 1611842686602452891 20000
2147483731 1611842689277639646 20000
2147484383 1611842716533763029 20000
2147485305 1611842756838946051 20000
2147485460 1611842766821870884 20000
2147485568 1611842774663635462 20000
2147484719 1611842730314258477 20000
2147484792 1611842733671216803 20000
2147485282 1611842755512416796 20000
2147484268 1611842711969998349 20000
2147484305 1611842712852194298 20000
2147484877 1611842737693525461 20000
2147484967 1611842741174985262 20000
2147484318 1611842713274999179 20000
2147484465 1611842720454864800 20000
2147484558 1611842724039255582 20000
2147484508 1611842721961953346 20000
2147485656 1611842780998396065 20000
2147483816 1611842692824869879 20000
2147484296 1611842712637972236 20000
2147484460 1611842720195130444 20000
2147484878 1611842737693525461 20000
2147485399 1611842762202933782 20000
2147484584 1611842724868240752 20000
2147484849 1611842735951072036 20000
2147485354 1611842758605497374 20000
2147483774 1611842691206852114 20000
2147484299 1611842712744309083 20000
2147484989 1611842742215640196 20000
2147484140 1611842706179360696 20000
2147485158 1611842750191148941 20000
2147485175 1611842750970154186 20000
2147483704 1611842688543648900 20000
2147484261 1611842711818360945 20000
2147484637 1611842727115094235 20000
2147483699 1611842687789084530 20000
2147484165 1611842708171864968 20000
2147485497 1611842769551774842 20000
2147484900 1611842738790714973 20000
2147484930 1611842739744386391 20000
2147485135 1611842749305094329 20000
2147485142 1611842749511944705 20000
2147485592 1611842775528870920 20000
2147483746 1611842690153901925 20000
2147484549 1611842723730100235 20000
2147484722 1611842730427361609 20000
2147485429 1611842763772863258 20000
2147484386 1611842716738605819 20000
2147484886 1611842737912163689 20000
2147485425 1611842763682260857 20000
2147484805 1611842734130179257 20000
2147485565 1611842774557144188 20000
2147483933 1611842696973958806 20000
2147484214 1611842710255677288 20000
2147484744 1611842730993741180 20000
2147484466 1611842720507639104 20000
2147485141 1611842749412173817 20000
2147485413 1611842763353103686 20000
2147483943 1611842697333159004 20000
2147484202 1611842709631054181 20000
2147485004 1611842742780575572 20000
2147485139 1611842749327844618 20000
2147485163 1611842750354311077 20000
2147484133 1611842705926581033 20000
2147484274 1611842712124580923 20000
2147484409 1611842717766160684 20000
2147485073 1611842746247230875 20000
2147485187 1611842751436293425 20000
2147485519 1611842770086923735 20000
2147485688 1611842783414551117 20000
2147483768 1611842690999208053 20000
2147483915 1611842696436969633 20000
2147484440 1611842719018977452 20000
2147484146 1611842706939918264 20000
2147484347 1611842714698097632 20000
2147485459 1611842766777467522 20000
2147483670 1611842686888488365 20000
2147483693 1611842687578915144 20000
2147483747 1611842690206551130 20000
2147485705 1611842783843018227 20000
2147483713 1611842688766901871 20000
2147484309 1611842713025162601 20000
2147485603 1611842777668182481 20000
2147485082 1611842746608840779 20000
2147485357 1611842758693165655 20000
2147483673 1611842686974429995 20000
2147483722 1611842689079824399 20000
2147485065 1611842745915528243 20000
2147484350 1611842715069009524 20000
2147484717 1611842730306133874 20000
2147485137 1611842749305094329 20000
2147485145 1611842749563594039 20000
2147485451 1611842766516199524 20000
2147483737 1611842689541475397 20000
2147483820 1611842692983171850 20000
2147484098 1611842704551102236 20000
2147485488 1611842769354299262 20000
2147484647 1611842727465073789 20000
2147484825 1611842734703207696 20000
2147483696 1611842687744343895 20000
2147484167 1611842708032784326 20000
2147484303 1611842712806714735 20000
2147484912 1611842739211355990 20000
2147485742 1611842786084460215 20000
2147484175 1611842708856130690 20000
2147484334 1611842713906441082 20000
2147484731 1611842730632536061 20000
2147484581 1611842724772169272 20000
2147484710 1611842730101291253 20000
2147484798 1611842733913539342 20000
2147483983 1611842698886131977 20000
2147484021 1611842700508680298 20000
2147484288 1611842712435701909 20000
2147484404 1611842717573925183 20000
2147485424 1611842763717394443 20000
2147484687 1611842729286047469 20000
2147485457 1611842766723345461 20000
2147483728 1611842689232796265 20000
2147483836 1611842693702511332 20000
2147483949 1611842697535600713 20000
2147484556 1611842723955840915 20000
2147485216 1611842752903084932 20000
2147485597 1611842775681917117 20000
2147485127 1611842748229415825 20000
2147485508 1611842769817145712 20000
2147484034 1611842701954334695 20000
2147484593 1611842725075881274 20000
2147484832 1611842734950610917 20000
2147484577 1611842724665937979 20000
2147485008 1611842742891651312 20000
2147485204 1611842752124208106 20000
2147485169 1611842750729864135 20000
2147485610 1611842777880309996 20000
2147484638 1611842727160715769 20000
2147484770 1611842732768469913 20000
2147484866 1611842736462331867 20000
2147485473 1611842767139754235 20000
2147485553 1611842772044638030 20000
2147485648 1611842780681217799 20000
2147483968 1611842698256703296 20000
2147484314 1611842713164021916 20000
2147484375 1611842716050123846 20000
2147485276 1611842755253166369 20000
2147484651 1611842727553730392 20000
2147483821 1611842693031283912 20000
2147484029 1611842700770227810 20000
2147484242 1611842711143543134 20000
2147484421 1611842718283722641 20000
2147484526 1611842722792447681 20000
2147485607 1611842777794791873 20000
2147484579 1611842724719478774 20000
2147484857 1611842736251180966 20000
2147485085 1611842746616412448 20000
2147485271 1611842755134121956 20000
2147484084 1611842704083688553 20000
2147484291 1611842712531599627 20000
2147484368 1611842715689252675 20000
2147485193 1611842751651243913 20000
2147485390 1611842761952643646 20000
2147485646 1611842780730595299 20000
2147483763 1611842690897386426 20000
2147484776 1611842733173924611 20000
2147484853 1611842736095935763 20000
2147483789 1611842691776648758 20000
2147484875 1611842737544688957 20000
2147485020 1611842743904938715 20000
2147484157 1611842707699995976 20000
2147485679 1611842781616095070 20000
2147484609 1611842725448126407 20000
2147483944 1611842697438148138 20000
2147484097 1611842704505475473 20000
2147484358 1611842715009465094 20000
2147485051 1611842745347031343 20000
2147485095 1611842747035454290 20000
2147485574 1611842774920783228 20000
2147485598 1611842775682552495 20000
2147483818 1611842692929387699 20000
2147484445 1611842719225632633 20000
2147484565 1611842724317422899 20000
2147484197 1611842709374680989 20000
2147484208 1611842709942320839 20000
2147485611 1611842777889672569 20000
2147483767 1611842690989417215 20000
2147484049 1611842702641503539 20000
2147484076 1611842703823909461 20000
2147485549 1611842771938662122 20000
2147483994 1611842699322418252 20000
2147484137 1611842706028535809 20000
2147484392 1611842717050528390 20000
2147485263 1611842754134741792 20000
2147485531 1611842771412116984 20000
2147483973 1611842698521206824 20000
2147484054 1611842702849834123 20000
2147484220 1611842710513072590 20000
2147483762 1611842690832498839 20000
2147485225 1611842752985073011 20000
2147483942 1611842697326239094 20000
2147484058 1611842703049530366 20000
2147484873 1611842737491095788 20000
2147485055 1611842745494134635 20000
2147485180 1611842751131657644 20000
2147483938 1611842697174395753 20000
2147484057 1611842702952753971 20000
2147484783 1611842733357451731 20000
2147484414 1611842717926957413 20000
2147485734 1611842785724948655 20000
2147483741 1611842689844977708 20000
2147484169 1611842708243414211 20000
2147484244 1611842711300286802 20000
2147485391 1611842762046968191 20000
2147485631 1611842778779865747 20000
2147483810 1611842692594929661 20000
2147483940 1611842697325568780 20000
2147485161 1611842750246930619 20000
2147485599 1611842775709985538 20000
2147483730 1611842689271219128 20000
2147484311 1611842713062700810 20000
2147485526 1611842771299575819 20000
2147485529 1611842771358463230 20000
2147485738 1611842785880347995 20000
2147484557 1611842723992288693 20000
2147484766 1611842732666688536 20000
2147485006 1611842742831444549 20000
2147484865 1611842736419191739 20000
2147483719 1611842688766901871 20000
2147483852 1611842694264950343 20000
2147483988 1611842699089669804 20000
2147483671 1611842686916941086 20000
2147484879 1611842737693525461 20000
2147485676 1611842781573967042 20000
2147485284 1611842755545290620 20000
2147483718 1611842688868932197 20000
2147484330 1611842713741001664 20000
2147484763 1611842732604384093 20000
2147485651 1611842780838745704 20000
2147485205 1611842752174872655 20000
2147484686 1611842729273323703 20000
2147484752 1611842732298028447 20000
2147485047 1611842745225571047 20000
2147485630 1611842778686988502 20000
2147483711 1611842688647459168 20000
2147483922 1611842696659868701 20000
2147484957 1611842740757209496 20000
2147484595 1611842725176627534 20000
2147484830 1611842734817260872 20000
2147484836 1611842735071367979 20000
2147485588 1611842775345965630 20000
2147483839 1611842693849805004 20000
2147484083 1611842704082295088 20000
2147484289 1611842712531599627 20000
2147484441 1611842719068839199 20000
2147484646 1611842727370655472 20000
2147484931 1611842739836569648 20000
2147483831 1611842693536149066 20000
2147484037 1611842702109414680 20000
2147484370 1611842715814024785 20000
2147484799 1611842733922155763 20000
2147484222 1611842710569128431 20000
2147484514 1611842722270741237 20000
2147484601 1611842725243863832 20000
2147485233 1611842753260195636 20000
2147485638 1611842778988336879 20000
2147483700 1611842687893128499 20000
2147484075 1611842703776386881 20000
2147485077 1611842746413004057 20000
2147484310 1611842713025162601 20000
2147484397 1611842717260640412 20000
2147484429 1611842718645589323 20000
2147485167 1611842750607815666 20000
2147483754 1611842690527309923 20000
2147483788 1611842691672573304 20000
2147484086 1611842704139391968 20000
2147484709 1611842730060133668 20000
2147485503 1611842769702432209 20000
2147485700 1611842783730716868 20000
2147484787 1611842733469104552 20000
2147484941 1611842740144337875 20000
2147485097 1611842747035454290 20000
2147485730 1611842785618290069 20000
2147483910 1611842696273988319 20000
2147484212 1611842710202176868 20000
2147484450 1611842719428409762 20000
2147484161 1611842707754824098 20000
2147484223 1611842710616013381 20000
2147485166 1611842750555827378 20000
2147485609 1611842777833650371 20000
2147483716 1611842688856987608 20000
2147483867 1611842694686867920 20000
2147484620 1611842726564935360 20000
2147484739 1611842730878356383 20000
2147484793 1611842733807462637 20000
2147485394 1611842762068677183 20000
2147483683 1611842687260135745 20000
2147483866 1611842694645472396 20000
2147483950 1611842697585061579 20000
2147485601 1611842777612995588 20000
2147485683 1611842783165755943 20000
2147485746 1611842786148880961 20000
2147484643 1611842727310145971 20000
2147484916 1611842739361320277 20000
2147485570 1611842774718356804 20000
2147484953 1611842740650253403 20000
2147485415 1611842763457578632 20000
2147485435 1611842763966433771 20000
2147483803 1611842692285555381 20000
2147484011 1611842699866334780 20000
2147484102 1611842704662753772 20000
2147484888 1611842737954361834 20000
2147485111 1611842747761765149 20000
2147485506 1611842769817145712 20000
2147483990 1611842699158443342 20000
2147484000 1611842699558498982 20000
2147484194 1611842709262190946 20000
2147484053 1611842702831598387 20000
2147484511 1611842722078376620 20000
2147484992 1611842742326213232 20000
2147485564 1611842774508946964 20000
2147483661 1611842686631227565 20000
2147484240 1611842711245713547 20000
2147485279 1611842755347432359 20000
2147483946 1611842697438148138 20000
2147484001 1611842699606349805 20000
2147484553 1611842723902647574 20000
2147485729 1611842785513476950 20000
2147483927 1611842696767286135 20000
2147484184 1611842708798082367 20000
2147484232 1611842710977841397 20000
2147485231 1611842753260195636 20000
2147485678 1611842781605821075 20000
2147483975 1611842698523431356 20000
2147484343 1611842714385152582 20000
2147484519 1611842722479302143 20000
2147484661 1611842728060109207 20000
2147485068 1611842746054198410 20000
2147485647 1611842780738685319 20000
2147483780 1611842691412883382 20000
2147485018 1611842743850716920 20000
2147485634 1611842778874249822 20000
2147485438 1611842764028331328 20000
2147483805 1611842692347337137 20000
2147484372 1611842715893792048 20000
2147484679 1611842728961820833 20000
2147485086 1611842746665718083 20000
2147484699 1611842729791325889 20000
2147485110 1611842747717065348 20000
2147485029 1611842744275253013 20000
2147485420 1611842763576080845 20000
2147485713 1611842784052685973 20000
2147484689 1611842729390358394 20000
2147484820 1611842734593933449 20000
2147485355 1611842758643973123 20000
2147484281 1611842712284156156 20000
2147484642 1611842727267464184 20000
2147484987 1611842742160477978 20000
2147485407 1611842763251694817 20000
2147485604 1611842777677383819 20000
2147484845 1611842735382932946 20000
2147484944 1611842740256755929 20000
2147485058 1611842745658034620 20000
2147484256 1611842711652214248 20000
2147484266 1611842711915829196 20000
2147484749 1611842732200342405 20000
2147484829 1611842734806554928 20000
2147485164 1611842750416813496 20000
2147483690 1611842687460543383 20000
2147483777 1611842691308752826 20000
2147484060 1611842703087833829 20000
2147485174 1611842750920400525 20000
2147485183 1611842751279882385 20000
2147483686 1611842687361862237 20000
2147485680 1611842781662147153 20000
2147484920 1611842739469693962 20000
2147485297 1611842755914359139 20000
2147485518 1611842770072997094 20000
2147483662 1611842686659747701 20000
2147484630 1611842726877062089 20000
2147484684 1611842729118433863 20000
2147484131 1611842705869281273 20000
2147484260 1611842711757245580 20000
2147484338 1611842714051687782 20000
2147484412 1611842717873793708 20000
2147483802 1611842692235457938 20000
2147484032 1611842701895451258 20000
2147484039 1611842702212614722 20000
2147484307 1611842712985941652 20000
2147485650 1611842780892486609 20000
2147485741 1611842785984086496 20000
2147484621 1611842726667802356 20000
2147484648 1611842727465073789 20000
2147485317 1611842757201545059 20000
2147485478 1611842767238655191 20000
2147483676 1611842687059938717 20000
2147484082 1611842704082295088 20000
2147484401 1611842717458142860 20000
2147483843 1611842693962642440 20000
2147483868 1611842694730337178 20000
2147485702 1611842783784949712 20000
2147485716 1611842784155714750 20000
2147483698 1611842687798024785 20000
2147485062 1611842745799396790 20000
2147485364 1611842758898417266 20000
2147483782 1611842691504408032 20000
2147485489 1611842769354299262 20000
2147484762 1611842732561872697 20000
2147485633 1611842778832640771 20000
2147484631 1611842726886627126 20000
2147485320 1611842757309243813 20000
2147485035 1611842744524321824 20000
2147485255 1611842753889062513 20000
2147485566 1611842774566985411 20000
2147483878 1611842695249003257 20000
2147484599 1611842725195032915 20000
2147484975 1611842741483980829 20000
2147485005 1611842742788436994 20000
2147485292 1611842755812853392 20000
2147485485 1611842769334375475 20000
2147484263 1611842711819937567 20000
2147484366 1611842715584788946 20000
2147484958 1611842740808755361 20000
2147484512 1611842722140835102 20000
2147485194 1611842751769468521 20000
2147485628 1611842778610512947 20000
2147483819 1611842692973344135 20000
2147483982 1611842698826383979 20000
2147484207 1611842709889144031 20000
2147485627 1611842778559988772 20000
2147483872 1611842695127500526 20000
2147484496 1611842721561102122 20000
2147484806 1611842734172725652 20000
2147483930 1611842696868205695 20000
2147485243 1611842753662413724 20000
2147485613 1611842778042583852 20000
2147484915 1611842739315530533 20000
2147485346 1611842758431756645 20000
2147484284 1611842712340807651 20000
2147485153 1611842749878523120 20000
2147484685 1611842729170233430 20000
2147485099 1611842747090145135 20000
2147485492 1611842769439939841 20000
2147483669 1611842686859815767 20000
2147483900 1611842696058360174 20000
2147484191 1611842709112921264 20000
2147484923 1611842739624096002 20000
2147484978 1611842741590248838 20000
2147484153 1611842707301810264 20000
2147485131 1611842748337211039 20000
2147485735 1611842785772932259 20000
2147485349 1611842758491883338 20000
2147483934 1611842697022153087 20000
2147484797 1611842733865629381 20000
2147484803 1611842734130179257 20000
2147483664 1611842686717070432 20000
2147484561 1611842724112329125 20000
2147484624 1611842726719345125 20000
2147484652 1611842727583059495 20000
2147484663 1611842727956286680 20000
2147484716 1611842730306133874 20000
2147484970 1611842741281362455 20000
2147485203 1611842752112717610 20000
2147483651 1611842686344912522 20000
2147483800 1611842692150816274 20000
2147484438 1611842719017001737 20000
2147485286 1611842755599598969 20000
2147485715 1611842784155714750 20000
2147485718 1611842784203864516 20000
2147484969 1611842741273322485 20000
2147485206 1611842752224684500 20000
2147485405 1611842762354129410 20000
2147485406 1611842762363437442 20000
2147483793 1611842691869476573 20000
2147484044 1611842702421882663 20000
2147484406 1611842717663379580 20000
2147485098 1611842747077414708 20000
2147483806 1611842692394315517 20000
2147484048 1611842702622681446 20000
2147484600 1611842725235132206 20000
2147484027 1611842700668711563 20000
2147484143 1611842706824343952 20000
2147485408 1611842763316839362 20000
2147483907 1611842696214644503 20000
2147484148 1611842707094980947 20000
2147485328 1611842757619876819 20000
2147485690 1611842783417273260 20000
2147483733 1611842689391381842 20000
2147483912 1611842696321596104 20000
2147484091 1611842704298021852 20000
2147484564 1611842724202090756 20000
2147485433 1611842763923848633 20000
2147483931 1611842696973518814 20000
2147483981 1611842698875806195 20000
2147484493 1611842721446009506 20000
2147484568 1611842724353167692 20000
2147484896 1611842738319725860 20000
2147484994 1611842742424033127 20000
2147485402 1611842762264566062 20000
2147483967 1611842698207208721 20000
2147484221 1611842710521967323 20000
2147484574 1611842724564874718 20000
2147485669 1611842781314769905 20000
2147485737 1611842785831207674 20000
2147484101 1611842704662753772 20000
2147484618 1611842726476853580 20000
2147485427 1611842763705672108 20000
2147484860 1611842736266236907 20000
2147484954 1611842740650253403 20000
2147485196 1611842751769468521 20000
2147483665 1611842686745881456 20000
2147483980 1611842698776522665 20000
2147484815 1611842734482571692 20000
2147485381 1611842761742813150 20000
2147483744 1611842690003636817 20000
2147484070 1611842703615271410 20000
2147484304 1611842712795970507 20000
2147484555 1611842723936128583 20000
2147484748 1611842732191815915 20000
2147485064 1611842745900669690 20000
2147485372 1611842758957807984 20000
2147483809 1611842692564285257 20000
2147483815 1611842692775618764 20000
2147484286 1611842712389050535 20000
2147485000 1611842742629248815 20000
2147485475 1611842767131122035 20000
2147483667 1611842686802835639 20000
2147483773 1611842691196210927 20000
2147483995 1611842699355053479 20000
2147484209 1611842709995464590 20000
2147484273 1611842712115992045 20000
2147484765 1611842732656165060 20000
2147485341 1611842758288069927 20000
2147483875 1611842695188464145 20000
2147484117 1611842705337570460 20000
2147484134 1611842705973587783 20000
2147485524 1611842771299575819 20000
2147485667 1611842781264050178 20000
2147483844 1611842694008772781 20000
2147484176 1611842708499590441 20000
2147484395 1611842717195302271 20000
2147484640 1611842727214162921 20000
2147484751 1611842732254930590 20000
2147485092 1611842746877657567 20000
2147484285 1611842712381001770 20000
2147484914 1611842739304608298 20000
2147485614 1611842778042583852 20000
2147485707 1611842783985800374 20000
2147483765 1611842690944729673 20000
2147484697 1611842729704023442 20000
2147484972 1611842741433159878 20000
2147485559 1611842772240011761 20000
2147484190 1611842709107116011 20000
2147484361 1611842715374711245 20000
2147484458 1611842719791696059 20000
2147485417 1611842763473032625 20000
2147483881 1611842695389349784 20000
2147483984 1611842698934494697 20000
2147484605 1611842725400033225 20000
2147484059 1611842703049530366 20000
2147485336 1611842758176010060 20000
2147485546 1611842771821719376 20000
2147485606 1611842777794791873 20000
2147483724 1611842689023904703 20000
2147483932 1611842696973518814 20000
2147484090 1611842704287281768 20000
2147485545 1611842771780158261 20000
2147484715 1611842730254675362 20000
2147485259 1611842754024037482 20000
2147485358 1611842758701844263 20000
2147485600 1611842777566740859 20000
2147483979 1611842698674589678 20000
2147484694 1611842729600340953 20000
2147484706 1611842729998957860 20000
2147483761 1611842690785998454 20000
2147484928 1611842739744386391 20000
2147484982 1611842741741265100 20000
2147483991 1611842699196690404 20000
2147484847 1611842735894541479 20000
2147485466 1611842766979248757 20000
2147485505 1611842769750688876 20000
2147485671 1611842781412559038 20000
2147485733 1611842785673874876 20000
2147484467 1611842720559115698 20000
2147484932 1611842739887974959 20000
2147485496 1611842769509845731 20000
2147485130 1611842748337211039 20000
2147485343 1611842758390515393 20000
2147484239 1611842711133987722 20000
2147484381 1611842716416632336 20000
2147485726 1611842785409724326 20000
2147483703 1611842687893128499 20000
2147484461 1611842720247155625 20000
2147485170 1611842750729864135 20000
2147485277 1611842755336328509 20000
2147485605 1611842777723120044 20000
2147483888 1611842695555099721 20000
2147484501 1611842721752308470 20000
2147484507 1611842721959207088 20000
2147484531 1611842723050274609 20000
2147484737 1611842730825219318 20000
2147485113 1611842747816211699 20000
2147485439 1611842764069602544 20000
2147485720 1611842784259972103 20000
2147483826 1611842693336978708 20000
2147483998 1611842699502614309 20000
2147484300 1611842712861603724 20000
2147484494 1611842721495481708 20000
2147484844 1611842735336536820 20000
2147485071 1611842746201656836 20000
2147485432 1611842763912672380 20000
2147485500 1611842769611009150 20000
2147484094 1611842704402697035 20000
2147484159 1611842708065321563 20000
2147484342 1611842714285486828 20000
2147484489 1611842721292280224 20000
2147484499 1611842721665784849 20000
2147485516 1611842770019402270 20000
2147484986 1611842742062165036 20000
2147485160 1611842750194101153 20000
2147485315 1611842757139178939 20000
2147485662 1611842781209109902 20000
2147484107 1611842704816513854 20000
2147484270 1611842712022545524 20000
2147484362 1611842715424274310 20000
2147485393 1611842762068677183 20000
2147485528 1611842771315422528 20000
2147484186 1611842708483767750 20000
2147484341 1611842714284596257 20000
2147484895 1611842738173703832 20000
2147485012 1611842743642905203 20000
2147483682 1611842687231489040 20000
2147483790 1611842691776648758 20000
2147484031 1611842701893916573 20000
2147485310 1611842756943234865 20000
2147485384 1611842761796190504 20000
2147485419 1611842763576080845 20000
2147483850 1611842694212424371 20000
2147483919 1611842696481176415 20000
2147484745 1611842731093670031 20000
2147484245 1611842711345225147 20000
2147484313 1611842713119330087 20000
2147485176 1611842750988712144 20000
2147484779 1611842733206836083 20000
2147485122 1611842748079481940 20000
2147484301 1611842712751983461 20000
2147484814 1611842734482571692 20000
2147485327 1611842757611151948 20000
2147485031 1611842744321488608 20000
2147485428 1611842763834355132 20000
2147485514 1611842769965809527 20000
2147485665 1611842781243175131 20000
2147483861 1611842694528417791 20000
2147484730 1611842730622964818 20000
2147485011 1611842742988390510 20000
2147484681 1611842728961820833 20000
2147485240 1611842753576321801 20000
2147483657 1611842686558804247 20000
2147483838 1611842693801618326 20000
2147484405 1611842717616154133 20000
2147484567 1611842724317422899 20000
2147484678 1611842728784958357 20000
2147484761 1611842732519339994 20000
2147485353 1611842758593601680 20000
2147485411 1611842763345421453 20000
2147483954 1611842697744475293 20000
2147484113 1611842705239889564 20000
2147484227 1611842710771039865 20000
2147485725 1611842785409724326 20000
2147483715 1611842688820781635 20000
2147483904 1611842696122850514 20000
2147483925 1611842696765634883 20000
2147484833 1611842734961052177 20000
2147485257 1611842753968802926 20000
2147484828 1611842734865433149 20000
2147483791 1611842691776648758 20000
2147484177 1611842708397849380 20000
2147484463 1611842720363628825 20000
2147484773 1611842733008886390 20000
2147485470 1611842767090200976 20000
2147484046 1611842702570563053 20000
2147484455 1611842719634480117 20000
2147484764 1611842732613490632 20000
2147484846 1611842735886400422 20000
2147485696 1611842783676672772 20000
2147483783 1611842691513448692 20000
2147483902 1611842696071958585 20000
2147484041 1611842702313027146 20000
2147484668 1611842728303792121 20000
2147484974 1611842741435970061 20000
2147485002 1611842742701066000 20000
2147485093 1611842746922560514 20000
2147485201 1611842752013053548 20000
2147483729 1611842689232796265 20000
2147484124 1611842705542487732 20000
2147484136 1611842706132254260 20000
2147484437 1611842718911963345 20000
2147485109 1611842747671520245 20000
2147485217 1611842752689945366 20000
2147485295 1611842755860386909 20000
2147483736 1611842689532610088 20000
2147483798 1611842692032093489 20000
2147484042 1611842702382180691 20000
2147483750 1611842690365138098 20000
2147485298 1611842755958081816 20000
2147484269 1611842712012704472 20000
2147484695 1611842729640830540 20000
2147485238 1611842753449482200 20000
2147485387 1611842761891102854 20000
2147483824 1611842693279584964 20000
2147483848 1611842694117286367 20000
2147484171 1611842708436766516 20000
2147483913 1611842696419813261 20000
2147483997 1611842699453803162 20000
2147483993 1611842699295596616 20000
2147484855 1611842736149314813 20000
2147485007 1611842742844944089 20000
2147485019 1611842743855724251 20000
2147485253 1611842753840120631 20000
2147485643 1611842780625405734 20000
2147484400 1611842717407347596 20000
2147484516 1611842722322686252 20000
2147484698 1611842729745167552 20000
2147484741 1611842730931465744 20000
2147484179 1611842708847064113 20000
2147484657 1611842727791452080 20000
2147484667 1611842728289570198 20000
2147484524 1611842722692287878 20000
2147485456 1611842766713365342 20000
2147485486 1611842769334375475 20000
2147484115 1611842705282055186 20000
2147484639 1611842727206654193 20000
2147485363 1611842758858317984 20000
2147485226 1611842753090200823 20000
2147485236 1611842753311794470 20000
2147485685 1611842783260463615 20000
2147484468 1611842720612317309 20000
2147484634 1611842727051072136 20000
2147484950 1611842740462674951 20000
2147483832 1611842693639062997 20000
2147485684 1611842783212698404 20000
2147484272 1611842712074288842 20000
2147484818 1611842734538259224 20000
2147484925 1611842739624096002 20000
2147485691 1611842783474680403 20000
2147483999 1611842699511117244 20000
2147484016 1611842700067692786 20000
2147484118 1611842705382302986 20000
2147484373 1611842715945181295 20000
2147484769 1611842732759052888 20000
2147485288 1611842755654245662 20000
2147485454 1611842766619692261 20000
2147483739 1611842689740958447 20000
2147485057 1611842745640541098 20000
2147485285 1611842755555778820 20000
2147485714 1611842784155714750 20000
2147484203 1611842709782817197 20000
2147484703 1611842729902772774 20000
2147484842 1611842735265633075 20000
2147484809 1611842734273364643 20000
2147484454 1611842719585302189 20000
2147484586 1611842724918645620 20000
2147484682 1611842729003133086 20000
2147484408 1611842717720005520 20000
2147485120 1611842748023785731 20000
2147484271 1611842712064721977 20000
2147484502 1611842721766516148 20000
2147485070 1611842746146823473 20000
2147483923 1611842696659868701 20000
2147483972 1611842698414122815 20000
2147484234 1611842710980873913 20000
2147484854 1611842736105369211 20000
2147485350 1611842758502656983 20000
2147485663 1611842781209109902 20000
2147483786 1611842691616389969 20000
2147484142 1611842706820088416 20000
2147484225 1611842710670955411 20000
2147483755 1611842690576992911 20000
2147484099 1611842704559300740 20000
2147483871 1611842695084428440 20000
2147484121 1611842705445866361 20000
2147484808 1611842734227609559 20000
2147484608 1611842725439313569 20000
2147483734 1611842689437285712 20000
2147483945 1611842697438148138 20000
2147484545 1611842723580356686 20000
2147485224 1611842752949366521 20000
2147485681 1611842783152385724 20000
2147484282 1611842712324592663 20000
2147484411 1611842717873793708 20000
2147485060 1611842745710735906 20000
2147484658 1611842727791452080 20000
2147484670 1611842728409305705 20000
2147485105 1611842747567401085 20000
2147483825 1611842693328061812 20000
2147483935 1611842697069850730 20000
2147484388 1611842716846393394 20000
2147484628 1611842726874048187 20000
2147485078 1611842746413004057 20000
2147484189 1611842709107116011 20000
2147484356 1611842714857020060 20000
2147485052 1611842745383738178 20000
2147485740 1611842785936814731 20000
2147483799 1611842692139955743 20000
2147483928 1611842696811897632 20000
2147484014 1611842699971068654 20000
2147484541 1611842723422524335 20000
2147484627 1611842726773955147 20000
2147484254 1611842711599639563 20000
2147484993 1611842742375927835 20000
2147485125 1611842748176910312 20000
2147485143 1611842749511944705 20000
2147485414 1611842763405285069 20000
2147483961 1611842697956281083 20000
2147484130 1611842705824781936 20000
2147484173 1611842708331962019 20000
2147483650 1611842686316198056 20000
2147484909 1611842739106232947 20000
2147485567 1611842774615195792 20000
2147485461 1611842766866135541 20000
2147483756 1611842690626395804 20000
2147483796 1611842692026290815 20000
2147483835 1611842693692286668 20000
2147485252 1611842753873949909 20000
2147485303 1611842756777447393 20000
2147485554 1611842772084997501 20000
2147485704 1611842783834465838 20000
2147483911 1611842696282760551 20000
2147484616 1611842726423332369 20000
2147485558 1611842772230576822 20000
2147485551 1611842771980722855 20000
2147483666 1611842686774071468 20000
2147484135 1611842706019408483 20000
2147485382 1611842761743197134 20000
2147484738 1611842730833890234 20000
2147485436 1611842763977653846 20000
2147484352 1611842714755966593 20000
2147484497 1611842721607217940 20000
2147484712 1611842730151245241 20000
2147484861 1611842736310402041 20000
2147484946 1611842740308016245 20000
2147485689 1611842783414551117 20000
2147483781 1611842691457652715 20000
2147484407 1611842717710766576 20000
2147484517 1611842722328845529 20000
2147485056 1611842745542151282 20000
2147485352 1611842758554570898 20000
2147483926 1611842696765634883 20000
2147484427 1611842718546906853 20000
2147484488 1611842721292280224 20000
2147485462 1611842766876096343 20000
2147485493 1611842769447137017 20000
2147484451 1611842719477542643 20000
2147485188 1611842751445925241 20000
2147485210 1611842752427719134 20000
2147485418 1611842763562235292 20000
2147485463 1611842766918614073 20000
2147485515 1611842769976214285 20000
2147483971 1611842698366131849 20000
2147485148 1611842749668228019 20000
2147485287 1611842755610538993 20000
2147485239 1611842753404884467 20000
2147485501 1611842769653154621 20000
2147483886 1611842695452680088 20000
2147483985 1611842698982692911 20000
2147484520 1611842722484891012 20000
2147485539 1611842771675340283 20000
2147485677 1611842781573967042 20000
2147484228 1611842710774080215 20000
2147484241 1611842711086461175 20000
2147485112 1611842747772777037 20000
2147484210 1611842710048618935 20000
2147484671 1611842728461555980 20000
2147483952 1611842697698609881 20000
2147485087 1611842746674449558 20000
2147485572 1611842774774889445 20000
2147484022 1611842700528864986 20000
2147484677 1611842728743623942 20000
2147485368 1611842758969553815 20000
2147483769 1611842691100508793 20000
2147485084 1611842746608840779 20000
2147484495 1611842721544542607 20000
2147484597 1611842725192444824 20000
2147484721 1611842730365815690 20000
2147485046 1611842745175498668 20000
2147485666 1611842781252734588 20000
2147483813 1611842692715326950 20000
2147483936 1611842697117406834 20000
2147484280 1611842712274880481 20000
2147484353 1611842714705063508 20000
2147484758 1611842732467582650 20000
2147485184 1611842751289251454 20000
2147485290 1611842755708460589 20000
2147485624 1611842778410253762 20000
2147483687 1611842687414085886 20000
2147483917 1611842696436969633 20000
2147484066 1611842703461144867 20000
2147485208 1611842752304383962 20000
2147485687 1611842783314926405 20000
2147485589 1611842775393336591 20000
2147483829 1611842693441229840 20000
2147484262 1611842711818360945 20000
2147484654 1611842727634135345 20000
2147485453 1611842766610628974 20000
2147483929 1611842696859644809 20000
2147485090 1611842746819571180 20000
2147485377 1611842761635603597 20000
2147483898 1611842696058360174 20000
2147485612 1611842778042583852 20000
2147485280 1611842755390470951 20000
2147485476 1611842767246521204 20000
2147484114 1611842705239889564 20000
2147484144 1611842706939918264 20000
2147484324 1611842713537704634 20000
2147483766 1611842690987068911 20000
2147484723 1611842730427361609 20000
2147484991 1611842742315198785 20000
2147483812 1611842692666826628 20000
2147484772 1611842732998900473 20000
2147485370 1611842759006246068 20000
2147484662 1611842727956286680 20000
2147484791 1611842733623548485 20000
2147484659 1611842727839603574 20000
2147485338 1611842758228267539 20000
2147485499 1611842769602335438 20000
2147484933 1611842739887974959 20000
2147485121 1611842748037485378 20000
2147485269 1611842755127760366 20000
2147485365 1611842758913319302 20000
2147485642 1611842780785696868 20000
2147484374 1611842716050123846 20000
2147484725 1611842730476186153 20000
2147484636 1611842727106513032 20000
2147484736 1611842730799727871 20000
2147485443 1611842766308498193 20000
2147485639 1611842778988676489 20000
2147484154 1611842707441340317 20000
2147484385 1611842716726487984 20000
2147484509 1611842721974153293 20000
2147484572 1611842724509792097 20000
2147484188 1611842708637141683 20000
2147484264 1611842711862296576 20000
2147484546 1611842723628026792 20000
2147484867 1611842736472904332 20000
2147484996 1611842742480476535 20000
2147485260 1611842754044023156 20000
2147484319 1611842713321464697 20000
2147484419 1611842718177572035 20000
2147484784 1611842733359946632 20000
2147485331 1611842757721883090 20000
2147483817 1611842692929387699 20000
2147485178 1611842751076348279 20000
2147485308 1611842756886504806 20000
2147484128 1611842705824781936 20000
2147485709 1611842783991027450 20000
2147485200 1611842752009079028 20000
2147485555 1611842772130691391 20000
2147484007 1611842699769396507 20000
2147484910 1611842739153892933 20000
2147484997 1611842742527390036 20000
2147483753 1611842690518847296 20000
2147484251 1611842711556551039 20000
2147485525 1611842771299575819 20000
2147483855 1611842694328453253 20000
2147484087 1611842704184675160 20000
2147484911 1611842739163374446 20000
2147484893 1611842738117828796 20000
2147484339 1611842714102438177 20000
2147484481 1611842721037125854 20000
2147484757 1611842732467582650 20000
2147485640 1611842779134729394 20000
2147484607 1611842725400033225 20000
2147484786 1611842733424257284 20000
2147484908 1611842739060350691 20000
2147485654 1611842780936143359 20000
2147484295 1611842712637972236 20000
2147484475 1611842720872501455 20000
2147485147 1611842749668228019 20000
2147485049 1611842745243590928 20000
2147485299 1611842755968428789 20000
2147484092 1611842704345506248 20000
2147484206 1611842709862112077 20000
2147484746 1611842731093670031 20000
2147484308 1611842713025162601 20000
2147485698 1611842783622155009 20000
2147483957 1611842697891070836 20000
2147484040 1611842702263126170 20000
2147485107 1611842747614620155 20000
2147484904 1611842738944927109 20000
2147485342 1611842758390515393 20000
2147484249 1611842711450245884 20000
2147484532 1611842723050274609 20000
2147484615 1611842726413784349 20000
2147484147 1611842707078629867 20000
2147484688 1611842729337928327 20000
2147485629 1611842778661369501 20000
2147484852 1611842736052359647 20000
2147484984 1611842741962569020 20000
2147484045 1611842702470926120 20000
2147484483 1611842721179329383 20000
2147484491 1611842721400411516 20000
2147485736 1611842785783977985 20000
2147484474 1611842720826528882 20000
2147485361 1611842758761206318 20000
2147485395 1611842762097227488 20000
